Loaded checkpoint from ckpt/sam_med3d_turbo.pth (epoch 0)
Epoch: 0/199
Epoch: 0, Step: 20, Loss: 519.0575515747071, Dice: 0.1493375301361084
Epoch: 0, Step: 40, Loss: 412.189151763916, Dice: 0.10869574546813965
EPOCH: 0, Loss: 469.05165812174477
EPOCH: 0, Dice: 0.20124676289657753
Epoch: 1/199
Epoch: 1, Step: 20, Loss: 397.7875846862793, Dice: 0.1246580183506012
Epoch: 1, Step: 40, Loss: 411.0832260131836, Dice: 0.28093984723091125
EPOCH: 1, Loss: 447.08095525105796
EPOCH: 1, Dice: 0.21102959824105103
Epoch: 2/199
Epoch: 2, Step: 20, Loss: 461.4457260131836, Dice: 0.3019797205924988
Epoch: 2, Step: 40, Loss: 390.54283294677737, Dice: 0.3615301549434662
EPOCH: 2, Loss: 434.2480946858724
EPOCH: 2, Dice: 0.20925059790412584
Epoch: 3/199
Epoch: 3, Step: 20, Loss: 454.3109504699707, Dice: 0.24236397445201874
Epoch: 3, Step: 40, Loss: 445.7334403991699, Dice: 0.2653374671936035
EPOCH: 3, Loss: 442.3834348042806
EPOCH: 3, Dice: 0.20785999248425166
Epoch: 4/199
Epoch: 4, Step: 20, Loss: 414.4612693786621, Dice: 0.342487633228302
Epoch: 4, Step: 40, Loss: 423.41026763916017, Dice: 0.25788551568984985
EPOCH: 4, Loss: 456.8500338236491
EPOCH: 4, Dice: 0.20024084486067295
Epoch: 5/199
Epoch: 5, Step: 20, Loss: 427.4482025146484, Dice: 0.16806428134441376
Epoch: 5, Step: 40, Loss: -424.5317184448242, Dice: 0.1607883870601654
EPOCH: 5, Loss: -353.0676966349284
EPOCH: 5, Dice: 0.16497964101533094
Epoch: 6/199
Epoch: 6, Step: 20, Loss: -1087.4033340454102, Dice: 0.08555176109075546
Epoch: 6, Step: 40, Loss: -1509.879214477539, Dice: 0.1494961380958557
EPOCH: 6, Loss: -1752.0619532267253
EPOCH: 6, Dice: 0.11005392664422592
Epoch: 7/199
Epoch: 7, Step: 20, Loss: -2359.221716308594, Dice: 0.12142834067344666
Epoch: 7, Step: 40, Loss: -2528.9536254882814, Dice: 0.20476913452148438
EPOCH: 7, Loss: -2965.3774536132814
EPOCH: 7, Dice: 0.12472171143939098
Epoch: 8/199
Epoch: 8, Step: 20, Loss: -3920.4129272460937, Dice: 0.12902991473674774
Epoch: 8, Step: 40, Loss: -3761.5856811523436, Dice: 0.11142711341381073
EPOCH: 8, Loss: -4029.9949462890627
EPOCH: 8, Dice: 0.11824059970676899
Epoch: 9/199
Epoch: 9, Step: 20, Loss: -4512.462860107422, Dice: 0.06713081151247025
Epoch: 9, Step: 40, Loss: -4610.546057128906, Dice: 0.17968741059303284
EPOCH: 9, Loss: -5078.5538879394535
EPOCH: 9, Dice: 0.11450837515294551
Epoch: 10/199
Epoch: 10, Step: 20, Loss: -5553.307751464844, Dice: 0.09792256355285645
Epoch: 10, Step: 40, Loss: -5370.671691894531, Dice: 0.1212558001279831
EPOCH: 10, Loss: -6008.22548828125
EPOCH: 10, Dice: 0.12097466501096885
Epoch: 11/199
Epoch: 11, Step: 20, Loss: -6362.052685546875, Dice: 0.11480669677257538
Epoch: 11, Step: 40, Loss: -5939.923168945313, Dice: 0.08332011848688126
EPOCH: 11, Loss: -6977.337561035156
EPOCH: 11, Dice: 0.12344417466471592
Epoch: 12/199
Epoch: 12, Step: 20, Loss: -6643.840100097656, Dice: 0.1793903261423111
Epoch: 12, Step: 40, Loss: -8525.482092285156, Dice: 0.13370150327682495
EPOCH: 12, Loss: -7926.346866861979
EPOCH: 12, Dice: 0.12632564703623453
Epoch: 13/199
Epoch: 13, Step: 20, Loss: -8603.25361328125, Dice: 0.16695895791053772
Epoch: 13, Step: 40, Loss: -8550.470483398438, Dice: 0.09024874866008759
EPOCH: 13, Loss: -8882.037418619791
EPOCH: 13, Dice: 0.13837119663755099
Epoch: 14/199
Epoch: 14, Step: 20, Loss: -9440.392211914062, Dice: 0.11520437896251678
Epoch: 14, Step: 40, Loss: -10568.959765625, Dice: 0.17012110352516174
EPOCH: 14, Loss: -9818.151147460938
EPOCH: 14, Dice: 0.1468871651838223
Epoch: 15/199
Epoch: 15, Step: 20, Loss: -10120.14072265625, Dice: 0.0700031965970993
Epoch: 15, Step: 40, Loss: -9383.160375976562, Dice: 0.14583702385425568
EPOCH: 15, Loss: -10799.804573567708
EPOCH: 15, Dice: 0.16120378064612548
Epoch: 16/199
Epoch: 16, Step: 20, Loss: -10157.884155273438, Dice: 0.13246968388557434
Epoch: 16, Step: 40, Loss: -11032.985400390626, Dice: 0.16674259305000305
EPOCH: 16, Loss: -11755.738110351562
EPOCH: 16, Dice: 0.17953938109179338
Epoch: 17/199
Epoch: 17, Step: 20, Loss: -12578.37197265625, Dice: 0.16904711723327637
Epoch: 17, Step: 40, Loss: -10969.823388671875, Dice: 0.08020611107349396
EPOCH: 17, Loss: -12719.483260091145
EPOCH: 17, Dice: 0.19251306913793087
Epoch: 18/199
Epoch: 18, Step: 20, Loss: -13558.266772460938, Dice: 0.13856782019138336
Epoch: 18, Step: 40, Loss: -13976.812084960937, Dice: 0.11328071355819702
EPOCH: 18, Loss: -13733.349674479166
EPOCH: 18, Dice: 0.19122247050205868
Epoch: 19/199
Epoch: 19, Step: 20, Loss: -13746.845141601563, Dice: 0.24902495741844177
Epoch: 19, Step: 40, Loss: -15180.9146484375, Dice: 0.25168293714523315
EPOCH: 19, Loss: -14855.0529296875
EPOCH: 19, Dice: 0.19436868106325467
Epoch: 20/199
Epoch: 20, Step: 20, Loss: -14181.472583007813, Dice: 0.11425671726465225
Epoch: 20, Step: 40, Loss: -16367.013623046874, Dice: 0.2380429208278656
EPOCH: 20, Loss: -16058.214990234375
EPOCH: 20, Dice: 0.20144324650367101
Epoch: 21/199
Epoch: 21, Step: 20, Loss: -19513.24853515625, Dice: 0.22186937928199768
Epoch: 21, Step: 40, Loss: -15774.9962890625, Dice: 0.1555355042219162
EPOCH: 21, Loss: -17216.533577473958
EPOCH: 21, Dice: 0.20706455918649833
Epoch: 22/199
Epoch: 22, Step: 20, Loss: -18894.787646484376, Dice: 0.3041437268257141
Epoch: 22, Step: 40, Loss: -15607.56181640625, Dice: 0.30133911967277527
EPOCH: 22, Loss: -18587.567724609376
EPOCH: 22, Dice: 0.21044240097204844
Epoch: 23/199
Epoch: 23, Step: 20, Loss: -19676.50771484375, Dice: 0.09496887028217316
Epoch: 23, Step: 40, Loss: -18620.338232421876, Dice: 0.33177298307418823
EPOCH: 23, Loss: -19977.67792154948
EPOCH: 23, Dice: 0.22075220172603924
Epoch: 24/199
Epoch: 24, Step: 20, Loss: -18986.473779296874, Dice: 0.28039824962615967
Epoch: 24, Step: 40, Loss: -21965.7205078125, Dice: 0.21334293484687805
EPOCH: 24, Loss: -21519.42099609375
EPOCH: 24, Dice: 0.22660201415419579
Epoch: 25/199
Epoch: 25, Step: 20, Loss: -25415.1779296875, Dice: 0.17021740972995758
Epoch: 25, Step: 40, Loss: -21036.237109375, Dice: 0.16954979300498962
EPOCH: 25, Loss: -23021.182096354165
EPOCH: 25, Dice: 0.21699742612739403
Epoch: 26/199
Epoch: 26, Step: 20, Loss: -22553.4041015625, Dice: 0.16324260830879211
Epoch: 26, Step: 40, Loss: -25326.08232421875, Dice: 0.2715121805667877
EPOCH: 26, Loss: -24784.76642252604
EPOCH: 26, Dice: 0.2301180594911178
Epoch: 27/199
Epoch: 27, Step: 20, Loss: -28397.12236328125, Dice: 0.2354893535375595
Epoch: 27, Step: 40, Loss: -21334.535546875, Dice: 0.2796579599380493
EPOCH: 27, Loss: -25932.05177408854
EPOCH: 27, Dice: 0.22849282547831534
Epoch: 28/199
Epoch: 28, Step: 20, Loss: -23568.172021484374, Dice: 0.29812440276145935
Epoch: 28, Step: 40, Loss: -27664.311767578125, Dice: 0.19612881541252136
EPOCH: 28, Loss: -27457.71298828125
EPOCH: 28, Dice: 0.20363865854839483
Epoch: 29/199
Epoch: 29, Step: 20, Loss: -28584.03134765625, Dice: 0.16927072405815125
Epoch: 29, Step: 40, Loss: -27730.0859375, Dice: 0.19878706336021423
EPOCH: 29, Loss: -29041.24150390625
EPOCH: 29, Dice: 0.21767299125591913
Epoch: 30/199
Epoch: 30, Step: 20, Loss: -34317.877734375, Dice: 0.11614174395799637
Epoch: 30, Step: 40, Loss: -27181.389599609374, Dice: 0.30007919669151306
EPOCH: 30, Loss: -30297.732063802083
EPOCH: 30, Dice: 0.2333568584173918
Epoch: 31/199
Epoch: 31, Step: 20, Loss: -34124.9435546875, Dice: 0.32469016313552856
Epoch: 31, Step: 40, Loss: -29483.02431640625, Dice: 0.11552774161100388
EPOCH: 31, Loss: -31816.610319010415
EPOCH: 31, Dice: 0.2385889376203219
Epoch: 32/199
Epoch: 32, Step: 20, Loss: -33373.10322265625, Dice: 0.15258590877056122
Epoch: 32, Step: 40, Loss: -29904.393359375, Dice: 0.22372008860111237
EPOCH: 32, Loss: -33679.466487630205
EPOCH: 32, Dice: 0.2602190683285395
Epoch: 33/199
Epoch: 33, Step: 20, Loss: -34343.97963867187, Dice: 0.3977372646331787
Epoch: 33, Step: 40, Loss: -34805.52919921875, Dice: 0.21448776125907898
EPOCH: 33, Loss: -36034.272705078125
EPOCH: 33, Dice: 0.2856055411199729
Epoch: 34/199
Epoch: 34, Step: 20, Loss: -40380.59165039063, Dice: 0.2522125542163849
Epoch: 34, Step: 40, Loss: -37263.675390625, Dice: 0.3234051465988159
EPOCH: 34, Loss: -38587.575439453125
EPOCH: 34, Dice: 0.2677318036556244
Epoch: 35/199
Epoch: 35, Step: 20, Loss: -39905.77734375, Dice: 0.23990756273269653
Epoch: 35, Step: 40, Loss: -35673.52275390625, Dice: 0.3771078884601593
EPOCH: 35, Loss: -40572.63177083333
EPOCH: 35, Dice: 0.24727064967155457
Epoch: 36/199
Epoch: 36, Step: 20, Loss: -41827.59404296875, Dice: 0.18326959013938904
Epoch: 36, Step: 40, Loss: -40884.5638671875, Dice: 0.30579298734664917
EPOCH: 36, Loss: -42910.43063151042
EPOCH: 36, Dice: 0.23074939846992493
Epoch: 37/199
Epoch: 37, Step: 20, Loss: -43919.70166015625, Dice: 0.21931684017181396
Epoch: 37, Step: 40, Loss: -43573.80458984375, Dice: 0.1573035717010498
EPOCH: 37, Loss: -45939.988997395834
EPOCH: 37, Dice: 0.2548892736434937
Epoch: 38/199
Epoch: 38, Step: 20, Loss: -47702.47197265625, Dice: 0.1194213330745697
Epoch: 38, Step: 40, Loss: -47675.36181640625, Dice: 0.2590210437774658
EPOCH: 38, Loss: -49222.316178385416
EPOCH: 38, Dice: 0.2660630351553361
Epoch: 39/199
Epoch: 39, Step: 20, Loss: -46786.88193359375, Dice: 0.20725463330745697
Epoch: 39, Step: 40, Loss: -51785.92919921875, Dice: 0.32150888442993164
EPOCH: 39, Loss: -52745.9697265625
EPOCH: 39, Dice: 0.26854653979341186
Epoch: 40/199
Epoch: 40, Step: 20, Loss: -53810.08046875, Dice: 0.4582965075969696
Epoch: 40, Step: 40, Loss: -55776.6943359375, Dice: 0.1891469657421112
EPOCH: 40, Loss: -56153.53453776042
EPOCH: 40, Dice: 0.2677673076589902
Epoch: 41/199
Epoch: 41, Step: 20, Loss: -60211.9802734375, Dice: 0.3028087317943573
Epoch: 41, Step: 40, Loss: -61832.05390625, Dice: 0.1406920701265335
EPOCH: 41, Loss: -60176.723795572914
EPOCH: 41, Dice: 0.25744304756323494
Epoch: 42/199
Epoch: 42, Step: 20, Loss: -64889.5943359375, Dice: 0.2480713576078415
Epoch: 42, Step: 40, Loss: -63359.8568359375, Dice: 0.12905952334403992
EPOCH: 42, Loss: -64449.66484375
EPOCH: 42, Dice: 0.2484251618385315
Epoch: 43/199
Epoch: 43, Step: 20, Loss: -66531.39375, Dice: 0.28203532099723816
Epoch: 43, Step: 40, Loss: -65582.6099609375, Dice: 0.19429334998130798
EPOCH: 43, Loss: -69025.937109375
EPOCH: 43, Dice: 0.24934565896789232
Epoch: 44/199
Epoch: 44, Step: 20, Loss: -75335.641796875, Dice: 0.2743176221847534
Epoch: 44, Step: 40, Loss: -65529.07109375, Dice: 0.12708395719528198
EPOCH: 44, Loss: -73861.66139322917
EPOCH: 44, Dice: 0.26489633644620575
Epoch: 45/199
Epoch: 45, Step: 20, Loss: -78290.198828125, Dice: 0.16411758959293365
Epoch: 45, Step: 40, Loss: -72969.934375, Dice: 0.3536948561668396
EPOCH: 45, Loss: -79054.32392578125
EPOCH: 45, Dice: 0.2647305275003115
Epoch: 46/199
Epoch: 46, Step: 20, Loss: -89528.1091796875, Dice: 0.16801047325134277
Epoch: 46, Step: 40, Loss: -68599.6607421875, Dice: 0.2902524769306183
EPOCH: 46, Loss: -84516.79944661459
EPOCH: 46, Dice: 0.25310904656847316
Epoch: 47/199
Epoch: 47, Step: 20, Loss: -98869.0365234375, Dice: 0.17884090542793274
Epoch: 47, Step: 40, Loss: -82199.187890625, Dice: 0.31490638852119446
EPOCH: 47, Loss: -90111.80494791667
EPOCH: 47, Dice: 0.2664159017304579
Epoch: 48/199
Epoch: 48, Step: 20, Loss: -92749.6353515625, Dice: 0.343160480260849
Epoch: 48, Step: 40, Loss: -88415.003125, Dice: 0.319163054227829
EPOCH: 48, Loss: -95477.69563802083
EPOCH: 48, Dice: 0.2719697135190169
Epoch: 49/199
Epoch: 49, Step: 20, Loss: -109083.9095703125, Dice: 0.33798182010650635
Epoch: 49, Step: 40, Loss: -76552.5650390625, Dice: 0.20234936475753784
EPOCH: 49, Loss: -99558.26822916667
EPOCH: 49, Dice: 0.2499296213189761
Epoch: 50/199
Epoch: 50, Step: 20, Loss: -95495.9365234375, Dice: 0.2043035626411438
Epoch: 50, Step: 40, Loss: -102388.800390625, Dice: 0.435273677110672
EPOCH: 50, Loss: -106411.23196614583
EPOCH: 50, Dice: 0.23773160974184673
Epoch: 51/199
Epoch: 51, Step: 20, Loss: -104353.6197265625, Dice: 0.23825977742671967
Epoch: 51, Step: 40, Loss: -99604.6408203125, Dice: 0.21676918864250183
EPOCH: 51, Loss: -113178.91861979167
EPOCH: 51, Dice: 0.199918495118618
Epoch: 52/199
Epoch: 52, Step: 20, Loss: -122091.666796875, Dice: 0.1698525846004486
Epoch: 52, Step: 40, Loss: -111258.40390625, Dice: 0.18136662244796753
EPOCH: 52, Loss: -120531.0474609375
EPOCH: 52, Dice: 0.206688079982996
Epoch: 53/199
Epoch: 53, Step: 20, Loss: -137593.6865234375, Dice: 0.2621431350708008
Epoch: 53, Step: 40, Loss: -108874.198828125, Dice: 0.16300997138023376
EPOCH: 53, Loss: -128858.15774739583
EPOCH: 53, Dice: 0.2230397652834654
Epoch: 54/199
Epoch: 54, Step: 20, Loss: -141622.5328125, Dice: 0.2362762689590454
Epoch: 54, Step: 40, Loss: -119983.716796875, Dice: 0.3040521740913391
EPOCH: 54, Loss: -137871.25143229167
EPOCH: 54, Dice: 0.2403253749012947
Epoch: 55/199
Epoch: 55, Step: 20, Loss: -149233.512890625, Dice: 0.2387254238128662
Epoch: 55, Step: 40, Loss: -126944.50546875, Dice: 0.40564650297164917
EPOCH: 55, Loss: -147215.96796875
EPOCH: 55, Dice: 0.27030768369634944
Epoch: 56/199
Epoch: 56, Step: 20, Loss: -162592.95625, Dice: 0.17797702550888062
Epoch: 56, Step: 40, Loss: -154404.68515625, Dice: 0.2552470564842224
EPOCH: 56, Loss: -157087.92291666666
EPOCH: 56, Dice: 0.2703934491922458
Epoch: 57/199
Epoch: 57, Step: 20, Loss: -170259.16171875, Dice: 0.25775519013404846
Epoch: 57, Step: 40, Loss: -154336.320703125, Dice: 0.14910276234149933
EPOCH: 57, Loss: -167985.067578125
EPOCH: 57, Dice: 0.2614398514231046
Epoch: 58/199
Epoch: 58, Step: 20, Loss: -196248.478515625, Dice: 0.15645572543144226
Epoch: 58, Step: 40, Loss: -167964.933203125, Dice: 0.15484949946403503
EPOCH: 58, Loss: -178814.10416666666
EPOCH: 58, Dice: 0.24283533419171968
Epoch: 59/199
Epoch: 59, Step: 20, Loss: -174452.4515625, Dice: 0.16630592942237854
Epoch: 59, Step: 40, Loss: -170625.4490234375, Dice: 0.31499263644218445
EPOCH: 59, Loss: -191343.3576171875
EPOCH: 59, Dice: 0.23033650914827983
Epoch: 60/199
Epoch: 60, Step: 20, Loss: -193588.507421875, Dice: 0.20542360842227936
Epoch: 60, Step: 40, Loss: -206375.694921875, Dice: 0.22478291392326355
EPOCH: 60, Loss: -203905.670703125
EPOCH: 60, Dice: 0.2534479178488255
Epoch: 61/199
Epoch: 61, Step: 20, Loss: -219043.90625, Dice: 0.1372179538011551
Epoch: 61, Step: 40, Loss: -184783.9734375, Dice: 0.2637973427772522
EPOCH: 61, Loss: -217475.84921875
EPOCH: 61, Dice: 0.2559296523531278
Epoch: 62/199
Epoch: 62, Step: 20, Loss: -225257.369921875, Dice: 0.21320590376853943
Epoch: 62, Step: 40, Loss: -203173.921875, Dice: 0.2071736752986908
EPOCH: 62, Loss: -231776.76692708334
EPOCH: 62, Dice: 0.28595623970031736
Epoch: 63/199
Epoch: 63, Step: 20, Loss: -229392.7515625, Dice: 0.4186519682407379
Epoch: 63, Step: 40, Loss: -246123.7765625, Dice: 0.332135409116745
EPOCH: 63, Loss: -245942.97317708333
EPOCH: 63, Dice: 0.2991269158820311
Epoch: 64/199
Epoch: 64, Step: 20, Loss: -236889.406640625, Dice: 0.34890812635421753
Epoch: 64, Step: 40, Loss: -248403.76015625, Dice: 0.24339625239372253
EPOCH: 64, Loss: -262728.07981770835
EPOCH: 64, Dice: 0.28928030480941136
Epoch: 65/199
Epoch: 65, Step: 20, Loss: -254434.3546875, Dice: 0.2573702931404114
Epoch: 65, Step: 40, Loss: -284135.34921875, Dice: 0.1549990326166153
EPOCH: 65, Loss: -279997.81354166666
EPOCH: 65, Dice: 0.27318075398604075
Epoch: 66/199
Epoch: 66, Step: 20, Loss: -280651.75390625, Dice: 0.320416122674942
Epoch: 66, Step: 40, Loss: -303143.3109375, Dice: 0.12000323832035065
EPOCH: 66, Loss: -297344.296875
EPOCH: 66, Dice: 0.26052614152431486
Epoch: 67/199
Epoch: 67, Step: 20, Loss: -345957.6859375, Dice: 0.37333664298057556
Epoch: 67, Step: 40, Loss: -288241.68828125, Dice: 0.2890506982803345
EPOCH: 67, Loss: -315885.12395833334
EPOCH: 67, Dice: 0.25943046510219575
Epoch: 68/199
Epoch: 68, Step: 20, Loss: -319392.62734375, Dice: 0.2248099446296692
Epoch: 68, Step: 40, Loss: -333124.53046875, Dice: 0.316413015127182
EPOCH: 68, Loss: -337390.7421875
EPOCH: 68, Dice: 0.27237824300924934
Epoch: 69/199
Epoch: 69, Step: 20, Loss: -344897.25546875, Dice: 0.3689315915107727
Epoch: 69, Step: 40, Loss: -336687.837109375, Dice: 0.3686738610267639
EPOCH: 69, Loss: -358888.271484375
EPOCH: 69, Dice: 0.28295554568370185
Epoch: 70/199
Epoch: 70, Step: 20, Loss: -360352.5078125, Dice: 0.29044145345687866
Epoch: 70, Step: 40, Loss: -337712.73984375, Dice: 0.2760925590991974
EPOCH: 70, Loss: -381952.3671875
EPOCH: 70, Dice: 0.27557105123996734
Epoch: 71/199
Epoch: 71, Step: 20, Loss: -408118.66171875, Dice: 0.12298581004142761
Epoch: 71, Step: 40, Loss: -422665.4609375, Dice: 0.14267316460609436
EPOCH: 71, Loss: -405526.82526041666
EPOCH: 71, Dice: 0.26647535239656767
Epoch: 72/199
Epoch: 72, Step: 20, Loss: -416192.35859375, Dice: 0.17467957735061646
Epoch: 72, Step: 40, Loss: -381742.26875, Dice: 0.2818413972854614
EPOCH: 72, Loss: -431995.14817708335
EPOCH: 72, Dice: 0.27711791172623634
Epoch: 73/199
Epoch: 73, Step: 20, Loss: -458106.60546875, Dice: 0.19279536604881287
Epoch: 73, Step: 40, Loss: -445783.93203125, Dice: 0.29982292652130127
EPOCH: 73, Loss: -457927.8893229167
EPOCH: 73, Dice: 0.2790692428747813
Epoch: 74/199
Epoch: 74, Step: 20, Loss: -509064.009375, Dice: 0.18971581757068634
Epoch: 74, Step: 40, Loss: -424034.2328125, Dice: 0.36826640367507935
EPOCH: 74, Loss: -486039.8453125
EPOCH: 74, Dice: 0.2725295757253965
Epoch: 75/199
Epoch: 75, Step: 20, Loss: -541103.3171875, Dice: 0.3632495403289795
Epoch: 75, Step: 40, Loss: -479617.5328125, Dice: 0.16755440831184387
EPOCH: 75, Loss: -513445.73125
EPOCH: 75, Dice: 0.23027803860604762
Epoch: 76/199
Epoch: 76, Step: 20, Loss: -568697.884375, Dice: 0.19058369100093842
Epoch: 76, Step: 40, Loss: -491496.24296875, Dice: 0.23883597552776337
EPOCH: 76, Loss: -543990.1705729166
EPOCH: 76, Dice: 0.23492706442872682
Epoch: 77/199
Epoch: 77, Step: 20, Loss: -582604.25625, Dice: 0.2535107135772705
Epoch: 77, Step: 40, Loss: -515998.8234375, Dice: 0.21365521848201752
EPOCH: 77, Loss: -577194.721875
EPOCH: 77, Dice: 0.2753769658505917
Epoch: 78/199
Epoch: 78, Step: 20, Loss: -575877.35, Dice: 0.26776957511901855
Epoch: 78, Step: 40, Loss: -555464.784375, Dice: 0.14922112226486206
EPOCH: 78, Loss: -612556.5854166667
EPOCH: 78, Dice: 0.2600014925003052
Epoch: 79/199
Epoch: 79, Step: 20, Loss: -600457.27421875, Dice: 0.18719929456710815
Epoch: 79, Step: 40, Loss: -674506.9765625, Dice: 0.19880473613739014
EPOCH: 79, Loss: -648197.2950520833
EPOCH: 79, Dice: 0.2661258370925983
Epoch: 80/199
Epoch: 80, Step: 20, Loss: -723556.5625, Dice: 0.16203203797340393
Epoch: 80, Step: 40, Loss: -637802.0671875, Dice: 0.3397352993488312
EPOCH: 80, Loss: -685201.4828125
EPOCH: 80, Dice: 0.2777312914530436
Epoch: 81/199
Epoch: 81, Step: 20, Loss: -677823.4078125, Dice: 0.47396209836006165
Epoch: 81, Step: 40, Loss: -699969.91875, Dice: 0.220864400267601
EPOCH: 81, Loss: -725413.0838541667
EPOCH: 81, Dice: 0.28609268814325334
Epoch: 82/199
Epoch: 82, Step: 20, Loss: -803252.125, Dice: 0.33028024435043335
Epoch: 82, Step: 40, Loss: -712443.109375, Dice: 0.31878697872161865
EPOCH: 82, Loss: -760310.4984375
EPOCH: 82, Dice: 0.2738060419758161
Epoch: 83/199
Epoch: 83, Step: 20, Loss: -807857.44375, Dice: 0.2688812017440796
Epoch: 83, Step: 40, Loss: -700661.1734375, Dice: 0.20506206154823303
EPOCH: 83, Loss: -789975.25
EPOCH: 83, Dice: 0.2573314033448696
Epoch: 84/199
Epoch: 84, Step: 20, Loss: -720863.00625, Dice: 0.2547856867313385
Epoch: 84, Step: 40, Loss: -775663.34375, Dice: 0.332647442817688
EPOCH: 84, Loss: -836972.3203125
EPOCH: 84, Dice: 0.2468906001498302
Epoch: 85/199
Epoch: 85, Step: 20, Loss: -875943.346875, Dice: 0.3626690208911896
Epoch: 85, Step: 40, Loss: -781815.01875, Dice: 0.2822053134441376
EPOCH: 85, Loss: -882963.9973958334
EPOCH: 85, Dice: 0.25106581722696625
Epoch: 86/199
Epoch: 86, Step: 20, Loss: -866604.9875, Dice: 0.28432267904281616
Epoch: 86, Step: 40, Loss: -841328.3578125, Dice: 0.40600308775901794
EPOCH: 86, Loss: -932782.3848958333
EPOCH: 86, Dice: 0.25892763808369634
Epoch: 87/199
Epoch: 87, Step: 20, Loss: -888897.5015625, Dice: 0.4309634864330292
Epoch: 87, Step: 40, Loss: -1067560.753125, Dice: 0.19066011905670166
EPOCH: 87, Loss: -983657.0057291667
EPOCH: 87, Dice: 0.2681849567840497
Epoch: 88/199
Epoch: 88, Step: 20, Loss: -999494.15, Dice: 0.45548179745674133
Epoch: 88, Step: 40, Loss: -938886.4515625, Dice: 0.31939762830734253
EPOCH: 88, Loss: -1039944.9244791666
EPOCH: 88, Dice: 0.2654793344438076
Epoch: 89/199
Epoch: 89, Step: 20, Loss: -1142954.7, Dice: 0.20037902891635895
Epoch: 89, Step: 40, Loss: -1097721.796875, Dice: 0.23921220004558563
EPOCH: 89, Loss: -1096679.1114583334
EPOCH: 89, Dice: 0.26796682526667914
Epoch: 90/199
Epoch: 90, Step: 20, Loss: -1207435.225, Dice: 0.30581024289131165
Epoch: 90, Step: 40, Loss: -1020989.184375, Dice: 0.1189611554145813
EPOCH: 90, Loss: -1159251.7447916667
EPOCH: 90, Dice: 0.2788536824285984
Epoch: 91/199
Epoch: 91, Step: 20, Loss: -1219128.934375, Dice: 0.24990414083003998
Epoch: 91, Step: 40, Loss: -1172026.5453125, Dice: 0.314502090215683
EPOCH: 91, Loss: -1222508.1182291666
EPOCH: 91, Dice: 0.2785573313633601
Epoch: 92/199
Epoch: 92, Step: 20, Loss: -1361322.3875, Dice: 0.23736590147018433
Epoch: 92, Step: 40, Loss: -1247085.56875, Dice: 0.2469298392534256
EPOCH: 92, Loss: -1288416.5520833333
EPOCH: 92, Dice: 0.2866341106593609
Epoch: 93/199
Epoch: 93, Step: 20, Loss: -1375749.596875, Dice: 0.22358408570289612
Epoch: 93, Step: 40, Loss: -1360095.090625, Dice: 0.32299375534057617
EPOCH: 93, Loss: -1358670.4333333333
EPOCH: 93, Dice: 0.28793709973494214
Epoch: 94/199
Epoch: 94, Step: 20, Loss: -1529090.74375, Dice: 0.3497236371040344
Epoch: 94, Step: 40, Loss: -1316124.4734375, Dice: 0.2684628665447235
EPOCH: 94, Loss: -1428942.0453125
EPOCH: 94, Dice: 0.3056066463390986
Epoch: 95/199
Epoch: 95, Step: 20, Loss: -1563711.0, Dice: 0.2818681001663208
Epoch: 95, Step: 40, Loss: -1491648.08125, Dice: 0.29460906982421875
EPOCH: 95, Loss: -1506593.7291666667
EPOCH: 95, Dice: 0.3013075590133667
Epoch: 96/199
Epoch: 96, Step: 20, Loss: -1619230.075, Dice: 0.23696745932102203
Epoch: 96, Step: 40, Loss: -1481967.15, Dice: 0.25745657086372375
EPOCH: 96, Loss: -1587345.8552083333
EPOCH: 96, Dice: 0.2965858866771062
Epoch: 97/199
Epoch: 97, Step: 20, Loss: -1687677.890625, Dice: 0.3296181261539459
Epoch: 97, Step: 40, Loss: -1552210.2125, Dice: 0.2652324438095093
EPOCH: 97, Loss: -1667373.828125
EPOCH: 97, Dice: 0.29284591898322104
Epoch: 98/199
Epoch: 98, Step: 20, Loss: -1492828.51875, Dice: 0.3103618025779724
Epoch: 98, Step: 40, Loss: -1921900.29375, Dice: 0.20899803936481476
EPOCH: 98, Loss: -1755761.8
EPOCH: 98, Dice: 0.2843725728491942
Epoch: 99/199
Epoch: 99, Step: 20, Loss: -1691118.546875, Dice: 0.480696439743042
Epoch: 99, Step: 40, Loss: -1823753.16875, Dice: 0.2519804835319519
EPOCH: 99, Loss: -1844348.45625
EPOCH: 99, Dice: 0.30736146892110505
Epoch: 100/199
Epoch: 100, Step: 20, Loss: -2092384.81875, Dice: 0.3036571741104126
Epoch: 100, Step: 40, Loss: -1909100.58125, Dice: 0.28932487964630127
EPOCH: 100, Loss: -1934088.7677083334
EPOCH: 100, Dice: 0.29225346744060515
Epoch: 101/199
Epoch: 101, Step: 20, Loss: -1911626.265625, Dice: 0.19917428493499756
Epoch: 101, Step: 40, Loss: -2330148.734375, Dice: 0.4178864061832428
EPOCH: 101, Loss: -2034051.3583333334
EPOCH: 101, Dice: 0.29663530240456265
Epoch: 102/199
Epoch: 102, Step: 20, Loss: -1972483.525, Dice: 0.2225308120250702
Epoch: 102, Step: 40, Loss: -1898627.85625, Dice: 0.32333904504776
EPOCH: 102, Loss: -2138436.94375
EPOCH: 102, Dice: 0.31158083205421766
Epoch: 103/199
Epoch: 103, Step: 20, Loss: -2101681.18125, Dice: 0.1913723647594452
Epoch: 103, Step: 40, Loss: -2380975.8625, Dice: 0.35133644938468933
EPOCH: 103, Loss: -2238189.0375
EPOCH: 103, Dice: 0.28765525768200556
Epoch: 104/199
Epoch: 104, Step: 20, Loss: -2313026.584375, Dice: 0.1761539876461029
Epoch: 104, Step: 40, Loss: -1874720.096875, Dice: 0.2599338889122009
EPOCH: 104, Loss: -2343713.71875
EPOCH: 104, Dice: 0.23348117247223854
Epoch: 105/199
Epoch: 105, Step: 20, Loss: -2546900.7875, Dice: 0.14147290587425232
Epoch: 105, Step: 40, Loss: -2179301.4, Dice: 0.21281570196151733
EPOCH: 105, Loss: -2450512.964583333
EPOCH: 105, Dice: 0.28243265599012374
Epoch: 106/199
Epoch: 106, Step: 20, Loss: -2583012.3625, Dice: 0.2899320721626282
Epoch: 106, Step: 40, Loss: -2343198.9625, Dice: 0.47341638803482056
EPOCH: 106, Loss: -2571245.988541667
EPOCH: 106, Dice: 0.31698328504959744
Epoch: 107/199
Epoch: 107, Step: 20, Loss: -2512277.1625, Dice: 0.17586135864257812
Epoch: 107, Step: 40, Loss: -2747227.73125, Dice: 0.33702075481414795
EPOCH: 107, Loss: -2698646.1770833335
EPOCH: 107, Dice: 0.2997954649229844
Epoch: 108/199
Epoch: 108, Step: 20, Loss: -3238244.85625, Dice: 0.27730754017829895
Epoch: 108, Step: 40, Loss: -2570495.11875, Dice: 0.24891522526741028
EPOCH: 108, Loss: -2813368.627083333
EPOCH: 108, Dice: 0.27761969740192094
Epoch: 109/199
Epoch: 109, Step: 20, Loss: -2972805.1625, Dice: 0.2256566733121872
Epoch: 109, Step: 40, Loss: -2694279.75, Dice: 0.1921059638261795
EPOCH: 109, Loss: -2953403.425
EPOCH: 109, Dice: 0.27012292481958866
Epoch: 110/199
Epoch: 110, Step: 20, Loss: -2706397.8375, Dice: 0.259146124124527
Epoch: 110, Step: 40, Loss: -2918551.11875, Dice: 0.38886934518814087
EPOCH: 110, Loss: -3094288.2875
EPOCH: 110, Dice: 0.29737764224410057
Epoch: 111/199
Epoch: 111, Step: 20, Loss: -2882157.25, Dice: 0.290918231010437
Epoch: 111, Step: 40, Loss: -2946996.525, Dice: 0.3274030089378357
EPOCH: 111, Loss: -3212060.3375
EPOCH: 111, Dice: 0.2834849489231904
Epoch: 112/199
Epoch: 112, Step: 20, Loss: -3117955.84375, Dice: 0.3253488540649414
Epoch: 112, Step: 40, Loss: -3117818.490625, Dice: 0.39700597524642944
EPOCH: 112, Loss: -3305870.548958333
EPOCH: 112, Dice: 0.278040649741888
Epoch: 113/199
Epoch: 113, Step: 20, Loss: -3351246.54375, Dice: 0.26754090189933777
Epoch: 113, Step: 40, Loss: -3312778.25625, Dice: 0.389545738697052
EPOCH: 113, Loss: -3456172.3125
EPOCH: 113, Dice: 0.29409329493840536
Epoch: 114/199
Epoch: 114, Step: 20, Loss: -3477836.76875, Dice: 0.2742570638656616
Epoch: 114, Step: 40, Loss: -3350618.7375, Dice: 0.2944498062133789
EPOCH: 114, Loss: -3612674.4145833333
EPOCH: 114, Dice: 0.2702514874438445
Epoch: 115/199
Epoch: 115, Step: 20, Loss: -4095100.24375, Dice: 0.29939746856689453
Epoch: 115, Step: 40, Loss: -3273213.8625, Dice: 0.2114858627319336
EPOCH: 115, Loss: -3766193.3625
EPOCH: 115, Dice: 0.2599053499599298
Epoch: 116/199
Epoch: 116, Step: 20, Loss: -3352656.11875, Dice: 0.3387814164161682
Epoch: 116, Step: 40, Loss: -3539264.4875, Dice: 0.38201892375946045
EPOCH: 116, Loss: -3945317.26875
EPOCH: 116, Dice: 0.2769001732269923
Epoch: 117/199
Epoch: 117, Step: 20, Loss: -4032886.41875, Dice: 0.23444311320781708
Epoch: 117, Step: 40, Loss: -4185621.25, Dice: 0.2614597976207733
EPOCH: 117, Loss: -4101860.04375
EPOCH: 117, Dice: 0.30276152342557905
Epoch: 118/199
Epoch: 118, Step: 20, Loss: -4399593.73125, Dice: 0.22842943668365479
Epoch: 118, Step: 40, Loss: -4190301.6375, Dice: 0.3044247627258301
EPOCH: 118, Loss: -4275957.19375
EPOCH: 118, Dice: 0.2997583622733752
Epoch: 119/199
Epoch: 119, Step: 20, Loss: -4515297.225, Dice: 0.3448348939418793
Epoch: 119, Step: 40, Loss: -3861492.4875, Dice: 0.372090220451355
EPOCH: 119, Loss: -4466518.745833334
EPOCH: 119, Dice: 0.27912110909819604
Epoch: 120/199
Epoch: 120, Step: 20, Loss: -4515095.58125, Dice: 0.2628447413444519
Epoch: 120, Step: 40, Loss: -4854801.775, Dice: 0.2442634105682373
EPOCH: 120, Loss: -4577254.314583333
EPOCH: 120, Dice: 0.2997161902487278
Epoch: 121/199
Epoch: 121, Step: 20, Loss: -4745870.58125, Dice: 0.25453871488571167
Epoch: 121, Step: 40, Loss: -3624284.7, Dice: 0.24893231689929962
EPOCH: 121, Loss: -4586047.529166667
EPOCH: 121, Dice: 0.3017880941430728
Epoch: 122/199
Epoch: 122, Step: 20, Loss: -4723298.7125, Dice: 0.4703599214553833
Epoch: 122, Step: 40, Loss: -4438404.6875, Dice: 0.4238049387931824
EPOCH: 122, Loss: -4606842.2125
EPOCH: 122, Dice: 0.2984673055509726
Epoch: 123/199
Epoch: 123, Step: 20, Loss: -4231834.95625, Dice: 0.23218417167663574
Epoch: 123, Step: 40, Loss: -4836901.7, Dice: 0.2522907257080078
EPOCH: 123, Loss: -4630275.98125
EPOCH: 123, Dice: 0.29410926103591917
Epoch: 124/199
Epoch: 124, Step: 20, Loss: -4663160.5375, Dice: 0.21169686317443848
Epoch: 124, Step: 40, Loss: -4755106.0125, Dice: 0.2672199010848999
EPOCH: 124, Loss: -4648274.23125
EPOCH: 124, Dice: 0.29199713965257007
Epoch: 125/199
Epoch: 125, Step: 20, Loss: -4786921.85625, Dice: 0.230085551738739
Epoch: 125, Step: 40, Loss: -4484433.08125, Dice: 0.3603188097476959
EPOCH: 125, Loss: -4666508.5375
EPOCH: 125, Dice: 0.2864914670586586
Epoch: 126/199
Epoch: 126, Step: 20, Loss: -4896827.6375, Dice: 0.2861027419567108
Epoch: 126, Step: 40, Loss: -3975941.0625, Dice: 0.16223523020744324
EPOCH: 126, Loss: -4685540.129166666
EPOCH: 126, Dice: 0.27721513882279397
Epoch: 127/199
Epoch: 127, Step: 20, Loss: -4603294.3, Dice: 0.2519318461418152
Epoch: 127, Step: 40, Loss: -4562988.61875, Dice: 0.42937904596328735
EPOCH: 127, Loss: -4702397.4125
EPOCH: 127, Dice: 0.27306548953056337
Epoch: 128/199
Epoch: 128, Step: 20, Loss: -4631451.625, Dice: 0.4287359118461609
Epoch: 128, Step: 40, Loss: -4165204.5375, Dice: 0.2063048630952835
EPOCH: 128, Loss: -4724516.391666667
EPOCH: 128, Dice: 0.27915686964988706
Epoch: 129/199
Epoch: 129, Step: 20, Loss: -4752187.6875, Dice: 0.2207430601119995
Epoch: 129, Step: 40, Loss: -4338764.65, Dice: 0.19639956951141357
EPOCH: 129, Loss: -4741277.25
EPOCH: 129, Dice: 0.28228824262817703
Epoch: 130/199
Epoch: 130, Step: 20, Loss: -4265341.4125, Dice: 0.1513817012310028
Epoch: 130, Step: 40, Loss: -4741326.625, Dice: 0.41040730476379395
EPOCH: 130, Loss: -4759686.175
EPOCH: 130, Dice: 0.2894558054705461
Epoch: 131/199
Epoch: 131, Step: 20, Loss: -4663309.81875, Dice: 0.2826615869998932
Epoch: 131, Step: 40, Loss: -4513819.25, Dice: 0.4194430410861969
EPOCH: 131, Loss: -4774227.360416667
EPOCH: 131, Dice: 0.29423800160487495
Epoch: 132/199
Epoch: 132, Step: 20, Loss: -4767737.9125, Dice: 0.1748580038547516
Epoch: 132, Step: 40, Loss: -4694902.3875, Dice: 0.2287769913673401
EPOCH: 132, Loss: -4793266.829166667
EPOCH: 132, Dice: 0.297469870497783
Epoch: 133/199
Epoch: 133, Step: 20, Loss: -5322042.9375, Dice: 0.15010130405426025
Epoch: 133, Step: 40, Loss: -4296404.99375, Dice: 0.38804900646209717
EPOCH: 133, Loss: -4810075.660416666
EPOCH: 133, Dice: 0.29936429162820183
Epoch: 134/199
Epoch: 134, Step: 20, Loss: -5229644.375, Dice: 0.15328480303287506
Epoch: 134, Step: 40, Loss: -4100227.65, Dice: 0.35314518213272095
EPOCH: 134, Loss: -4830753.083333333
EPOCH: 134, Dice: 0.30125725592176117
Epoch: 135/199
Epoch: 135, Step: 20, Loss: -4817282.7, Dice: 0.3434144854545593
Epoch: 135, Step: 40, Loss: -4956972.3125, Dice: 0.2665398418903351
EPOCH: 135, Loss: -4847427.4
EPOCH: 135, Dice: 0.29907122602065406
Epoch: 136/199
Epoch: 136, Step: 20, Loss: -5610719.04375, Dice: 0.33492937684059143
Epoch: 136, Step: 40, Loss: -4370732.1625, Dice: 0.16182926297187805
EPOCH: 136, Loss: -4867890.11875
EPOCH: 136, Dice: 0.2969459593296051
Epoch: 137/199
Epoch: 137, Step: 20, Loss: -4933651.88125, Dice: 0.2776201367378235
Epoch: 137, Step: 40, Loss: -4279665.5875, Dice: 0.2348179966211319
EPOCH: 137, Loss: -4883730.61875
EPOCH: 137, Dice: 0.2945832555492719
Epoch: 138/199
Epoch: 138, Step: 20, Loss: -5516101.7375, Dice: 0.2788090705871582
Epoch: 138, Step: 40, Loss: -3559418.75625, Dice: 0.22403544187545776
EPOCH: 138, Loss: -4903902.872916667
EPOCH: 138, Dice: 0.2940902354816596
Epoch: 139/199
Epoch: 139, Step: 20, Loss: -4023674.0625, Dice: 0.26103246212005615
Epoch: 139, Step: 40, Loss: -5688859.4625, Dice: 0.23050591349601746
EPOCH: 139, Loss: -4921821.825
EPOCH: 139, Dice: 0.2942854635417461
Epoch: 140/199
Epoch: 140, Step: 20, Loss: -4733368.0, Dice: 0.33385998010635376
Epoch: 140, Step: 40, Loss: -4587824.5, Dice: 0.3828350901603699
EPOCH: 140, Loss: -4938663.489583333
EPOCH: 140, Dice: 0.295163452376922
Epoch: 141/199
Epoch: 141, Step: 20, Loss: -4898661.0625, Dice: 0.44347089529037476
Epoch: 141, Step: 40, Loss: -4144073.7375, Dice: 0.2640780806541443
EPOCH: 141, Loss: -4954040.9
EPOCH: 141, Dice: 0.2975514414409796
Epoch: 142/199
Epoch: 142, Step: 20, Loss: -4865930.5, Dice: 0.4096611738204956
Epoch: 142, Step: 40, Loss: -4820460.2375, Dice: 0.2053806483745575
EPOCH: 142, Loss: -4969072.033333333
EPOCH: 142, Dice: 0.29918099294106165
Epoch: 143/199
Epoch: 143, Step: 20, Loss: -5308212.55, Dice: 0.2333863526582718
Epoch: 143, Step: 40, Loss: -4942563.575, Dice: 0.38149493932724
EPOCH: 143, Loss: -4984690.233333333
EPOCH: 143, Dice: 0.301383617768685
Epoch: 144/199
Epoch: 144, Step: 20, Loss: -4760013.58125, Dice: 0.30946362018585205
Epoch: 144, Step: 40, Loss: -4314266.3625, Dice: 0.26676687598228455
EPOCH: 144, Loss: -5000834.347916666
EPOCH: 144, Dice: 0.30342117299636207
Epoch: 145/199
Epoch: 145, Step: 20, Loss: -4566504.8875, Dice: 0.32682594656944275
Epoch: 145, Step: 40, Loss: -5138419.5375, Dice: 0.18330018222332
EPOCH: 145, Loss: -5019103.379166666
EPOCH: 145, Dice: 0.29941864038507143
Epoch: 146/199
Epoch: 146, Step: 20, Loss: -5280838.975, Dice: 0.31765851378440857
Epoch: 146, Step: 40, Loss: -5003617.6625, Dice: 0.37489572167396545
EPOCH: 146, Loss: -5036145.45625
EPOCH: 146, Dice: 0.2939082940419515
Epoch: 147/199
Epoch: 147, Step: 20, Loss: -5125207.3125, Dice: 0.20257702469825745
Epoch: 147, Step: 40, Loss: -4784000.86875, Dice: 0.2967225909233093
EPOCH: 147, Loss: -5052180.41875
EPOCH: 147, Dice: 0.29200602099299433
Epoch: 148/199
Epoch: 148, Step: 20, Loss: -4847614.825, Dice: 0.38325002789497375
Epoch: 148, Step: 40, Loss: -4978194.15, Dice: 0.449607253074646
EPOCH: 148, Loss: -5068331.166666667
EPOCH: 148, Dice: 0.29346674953897794
Epoch: 149/199
Epoch: 149, Step: 20, Loss: -4668296.225, Dice: 0.37829703092575073
Epoch: 149, Step: 40, Loss: -5025872.325, Dice: 0.2900879383087158
EPOCH: 149, Loss: -5084005.620833334
EPOCH: 149, Dice: 0.2958389031390349
Epoch: 150/199
Epoch: 150, Step: 20, Loss: -5042912.4375, Dice: 0.3201431632041931
Epoch: 150, Step: 40, Loss: -4892376.2875, Dice: 0.30737394094467163
EPOCH: 150, Loss: -5099735.6
EPOCH: 150, Dice: 0.2971247650682926
Epoch: 151/199
Epoch: 151, Step: 20, Loss: -5475240.8125, Dice: 0.38855987787246704
Epoch: 151, Step: 40, Loss: -4852339.525, Dice: 0.22057250142097473
EPOCH: 151, Loss: -5116461.704166667
EPOCH: 151, Dice: 0.3012804086009661
Epoch: 152/199
Epoch: 152, Step: 20, Loss: -5668988.2, Dice: 0.18011349439620972
Epoch: 152, Step: 40, Loss: -4403302.375, Dice: 0.3079288601875305
EPOCH: 152, Loss: -5133396.1875
EPOCH: 152, Dice: 0.30241573254267373
Epoch: 153/199
Epoch: 153, Step: 20, Loss: -5659438.5625, Dice: 0.32177290320396423
Epoch: 153, Step: 40, Loss: -4850747.475, Dice: 0.2973111569881439
EPOCH: 153, Loss: -5146973.725
EPOCH: 153, Dice: 0.30244504312674203
Epoch: 154/199
Epoch: 154, Step: 20, Loss: -5365044.025, Dice: 0.2477380484342575
Epoch: 154, Step: 40, Loss: -4857444.175, Dice: 0.2695874869823456
EPOCH: 154, Loss: -5164587.991666666
EPOCH: 154, Dice: 0.2988126079241435
Epoch: 155/199
Epoch: 155, Step: 20, Loss: -5521074.4375, Dice: 0.249245285987854
Epoch: 155, Step: 40, Loss: -5008791.275, Dice: 0.2808704972267151
EPOCH: 155, Loss: -5179742.9875
EPOCH: 155, Dice: 0.3013151732583841
Epoch: 156/199
Epoch: 156, Step: 20, Loss: -5025187.6625, Dice: 0.32702988386154175
Epoch: 156, Step: 40, Loss: -5917622.0, Dice: 0.2717624604701996
EPOCH: 156, Loss: -5196188.766666667
EPOCH: 156, Dice: 0.30148404526213807
Epoch: 157/199
Epoch: 157, Step: 20, Loss: -5054229.85, Dice: 0.30421483516693115
Epoch: 157, Step: 40, Loss: -4789132.66875, Dice: 0.3104231357574463
EPOCH: 157, Loss: -5212512.06875
EPOCH: 157, Dice: 0.30098235631982484
Epoch: 158/199
Epoch: 158, Step: 20, Loss: -5192885.0, Dice: 0.297399640083313
Epoch: 158, Step: 40, Loss: -5001936.525, Dice: 0.29909443855285645
EPOCH: 158, Loss: -5227236.995833334
EPOCH: 158, Dice: 0.30021838943163554
Epoch: 159/199
Epoch: 159, Step: 20, Loss: -4914799.35, Dice: 0.22797515988349915
Epoch: 159, Step: 40, Loss: -5466642.84375, Dice: 0.2645033895969391
EPOCH: 159, Loss: -5242632.085416666
EPOCH: 159, Dice: 0.30049259612957635
Epoch: 160/199
Epoch: 160, Step: 20, Loss: -4802489.075, Dice: 0.3045792579650879
Epoch: 160, Step: 40, Loss: -5711723.35, Dice: 0.28407424688339233
EPOCH: 160, Loss: -5259410.570833334
EPOCH: 160, Dice: 0.3008948711057504
Epoch: 161/199
Epoch: 161, Step: 20, Loss: -5595328.9125, Dice: 0.3484247326850891
Epoch: 161, Step: 40, Loss: -4963997.13125, Dice: 0.347770631313324
EPOCH: 161, Loss: -5274429.51875
EPOCH: 161, Dice: 0.30467963789900143
Epoch: 162/199
Epoch: 162, Step: 20, Loss: -5067424.175, Dice: 0.4409240484237671
Epoch: 162, Step: 40, Loss: -5032912.025, Dice: 0.26941004395484924
EPOCH: 162, Loss: -5289701.9125
EPOCH: 162, Dice: 0.3047949180006981
Epoch: 163/199
Epoch: 163, Step: 20, Loss: -4775676.7, Dice: 0.2509946823120117
Epoch: 163, Step: 40, Loss: -5240704.9375, Dice: 0.26248931884765625
EPOCH: 163, Loss: -5305336.545833333
EPOCH: 163, Dice: 0.30519954636693003
Epoch: 164/199
Epoch: 164, Step: 20, Loss: -4796125.76875, Dice: 0.20554380118846893
Epoch: 164, Step: 40, Loss: -5683348.95, Dice: 0.22537323832511902
EPOCH: 164, Loss: -5322250.775
EPOCH: 164, Dice: 0.3041510251661142
Epoch: 165/199
Epoch: 165, Step: 20, Loss: -5812117.6625, Dice: 0.23007827997207642
Epoch: 165, Step: 40, Loss: -4837611.475, Dice: 0.3273862600326538
EPOCH: 165, Loss: -5335939.741666666
EPOCH: 165, Dice: 0.3027343968550364
Epoch: 166/199
Epoch: 166, Step: 20, Loss: -5065640.2, Dice: 0.22432872653007507
Epoch: 166, Step: 40, Loss: -5427538.6125, Dice: 0.2390924096107483
EPOCH: 166, Loss: -5352211.35
EPOCH: 166, Dice: 0.30355799396832783
Epoch: 167/199
Epoch: 167, Step: 20, Loss: -5621766.1125, Dice: 0.2648799419403076
Epoch: 167, Step: 40, Loss: -4900540.25, Dice: 0.3032570481300354
EPOCH: 167, Loss: -5367440.529166667
EPOCH: 167, Dice: 0.3039427322645982
Epoch: 168/199
Epoch: 168, Step: 20, Loss: -5560868.7625, Dice: 0.31054970622062683
Epoch: 168, Step: 40, Loss: -5743848.975, Dice: 0.3581441044807434
EPOCH: 168, Loss: -5382275.870833334
EPOCH: 168, Dice: 0.3029628018538157
Epoch: 169/199
Epoch: 169, Step: 20, Loss: -5552282.3125, Dice: 0.2726171314716339
Epoch: 169, Step: 40, Loss: -5452071.4375, Dice: 0.23443740606307983
EPOCH: 169, Loss: -5397177.4875
EPOCH: 169, Dice: 0.2996803268790245
Epoch: 170/199
Epoch: 170, Step: 20, Loss: -5187896.05625, Dice: 0.3279796242713928
Epoch: 170, Step: 40, Loss: -5157377.96875, Dice: 0.46350187063217163
EPOCH: 170, Loss: -5414671.870833334
EPOCH: 170, Dice: 0.3001683575411638
Epoch: 171/199
Epoch: 171, Step: 20, Loss: -5310857.45, Dice: 0.23697030544281006
Epoch: 171, Step: 40, Loss: -5123454.025, Dice: 0.31658467650413513
EPOCH: 171, Loss: -5427720.2875
EPOCH: 171, Dice: 0.302856915195783
Epoch: 172/199
Epoch: 172, Step: 20, Loss: -5563840.43125, Dice: 0.3726232945919037
Epoch: 172, Step: 40, Loss: -5273007.025, Dice: 0.2164384424686432
EPOCH: 172, Loss: -5444600.960416666
EPOCH: 172, Dice: 0.30263701528310777
Epoch: 173/199
Epoch: 173, Step: 20, Loss: -5461077.525, Dice: 0.31807374954223633
Epoch: 173, Step: 40, Loss: -4961083.5, Dice: 0.35280919075012207
EPOCH: 173, Loss: -5457821.8
EPOCH: 173, Dice: 0.30384116172790526
Epoch: 174/199
Epoch: 174, Step: 20, Loss: -5406038.0, Dice: 0.23558533191680908
Epoch: 174, Step: 40, Loss: -5208835.61875, Dice: 0.2758181691169739
EPOCH: 174, Loss: -5473464.377083333
EPOCH: 174, Dice: 0.30488082294662794
Epoch: 175/199
Epoch: 175, Step: 20, Loss: -5991932.5, Dice: 0.39193713665008545
Epoch: 175, Step: 40, Loss: -5119791.8125, Dice: 0.21019643545150757
EPOCH: 175, Loss: -5489078.241666666
EPOCH: 175, Dice: 0.3041597977280617
Epoch: 176/199
Epoch: 176, Step: 20, Loss: -5791413.575, Dice: 0.31781691312789917
Epoch: 176, Step: 40, Loss: -5788001.2625, Dice: 0.32551121711730957
EPOCH: 176, Loss: -5503521.808333334
EPOCH: 176, Dice: 0.3074149064719677
Epoch: 177/199
Epoch: 177, Step: 20, Loss: -5414418.0875, Dice: 0.25487303733825684
Epoch: 177, Step: 40, Loss: -5492514.9125, Dice: 0.2057579606771469
EPOCH: 177, Loss: -5518311.1625
EPOCH: 177, Dice: 0.303715534756581
Epoch: 178/199
Epoch: 178, Step: 20, Loss: -5484368.75, Dice: 0.31491655111312866
Epoch: 178, Step: 40, Loss: -5400026.725, Dice: 0.4498569965362549
EPOCH: 178, Loss: -5533894.716666667
EPOCH: 178, Dice: 0.3050312913954258
Epoch: 179/199
Epoch: 179, Step: 20, Loss: -5543507.6125, Dice: 0.2931426167488098
Epoch: 179, Step: 40, Loss: -5171372.75, Dice: 0.24418050050735474
EPOCH: 179, Loss: -5549507.904166667
EPOCH: 179, Dice: 0.30609463105599083
Epoch: 180/199
Epoch: 180, Step: 20, Loss: -5913133.15, Dice: 0.24303898215293884
Epoch: 180, Step: 40, Loss: -5196944.05, Dice: 0.2748549282550812
EPOCH: 180, Loss: -5555260.258333334
EPOCH: 180, Dice: 0.3094468581179778
Epoch: 181/199
Epoch: 181, Step: 20, Loss: -5578925.00625, Dice: 0.29891976714134216
Epoch: 181, Step: 40, Loss: -5600248.8125, Dice: 0.2678658068180084
EPOCH: 181, Loss: -5559153.78125
EPOCH: 181, Dice: 0.3079848860700925
Epoch: 182/199
Epoch: 182, Step: 20, Loss: -5860987.875, Dice: 0.21342727541923523
Epoch: 182, Step: 40, Loss: -5308944.9125, Dice: 0.2462327927350998
EPOCH: 182, Loss: -5559556.041666667
EPOCH: 182, Dice: 0.30852671166261036
Epoch: 183/199
Epoch: 183, Step: 20, Loss: -6419371.05, Dice: 0.23468676209449768
Epoch: 183, Step: 40, Loss: -5263145.525, Dice: 0.2582440972328186
EPOCH: 183, Loss: -5561560.110416667
EPOCH: 183, Dice: 0.30798709094524385
Epoch: 184/199
Epoch: 184, Step: 20, Loss: -4965462.13125, Dice: 0.21391460299491882
Epoch: 184, Step: 40, Loss: -5735349.5875, Dice: 0.2917734980583191
EPOCH: 184, Loss: -5563323.172916667
EPOCH: 184, Dice: 0.3081912284096082
Epoch: 185/199
Epoch: 185, Step: 20, Loss: -5847383.025, Dice: 0.2973290681838989
Epoch: 185, Step: 40, Loss: -5102603.825, Dice: 0.2283063530921936
EPOCH: 185, Loss: -5565684.9125
EPOCH: 185, Dice: 0.30813499515255294
Epoch: 186/199
Epoch: 186, Step: 20, Loss: -5535373.9375, Dice: 0.3441503345966339
Epoch: 186, Step: 40, Loss: -5555741.475, Dice: 0.22258591651916504
EPOCH: 186, Loss: -5565518.929166666
EPOCH: 186, Dice: 0.3078078677256902
Epoch: 187/199
Epoch: 187, Step: 20, Loss: -5601248.625, Dice: 0.3208765387535095
Epoch: 187, Step: 40, Loss: -5468562.05, Dice: 0.4194655418395996
EPOCH: 187, Loss: -5569234.875
EPOCH: 187, Dice: 0.30677495226264
Epoch: 188/199
Epoch: 188, Step: 20, Loss: -4946382.1375, Dice: 0.45555686950683594
Epoch: 188, Step: 40, Loss: -5932986.5375, Dice: 0.2642475664615631
EPOCH: 188, Loss: -5568053.9
EPOCH: 188, Dice: 0.3069151351849238
Epoch: 189/199
Epoch: 189, Step: 20, Loss: -5501842.8375, Dice: 0.22187885642051697
Epoch: 189, Step: 40, Loss: -5390830.525, Dice: 0.3300977349281311
EPOCH: 189, Loss: -5570429.0375
EPOCH: 189, Dice: 0.3071305957933267
Epoch: 190/199
Epoch: 190, Step: 20, Loss: -6003137.1625, Dice: 0.371032178401947
Epoch: 190, Step: 40, Loss: -4956335.1125, Dice: 0.2982237935066223
EPOCH: 190, Loss: -5571095.65
EPOCH: 190, Dice: 0.3089945485194524
Epoch: 191/199
Epoch: 191, Step: 20, Loss: -6155309.41875, Dice: 0.26577937602996826
Epoch: 191, Step: 40, Loss: -5141228.55, Dice: 0.2672699987888336
EPOCH: 191, Loss: -5574063.69375
EPOCH: 191, Dice: 0.30690393249193826
Epoch: 192/199
Epoch: 192, Step: 20, Loss: -5685792.575, Dice: 0.28672319650650024
Epoch: 192, Step: 40, Loss: -5692903.075, Dice: 0.2492092251777649
EPOCH: 192, Loss: -5574955.491666666
EPOCH: 192, Dice: 0.30682268341382346
Epoch: 193/199
Epoch: 193, Step: 20, Loss: -6076916.4125, Dice: 0.31929224729537964
Epoch: 193, Step: 40, Loss: -4743904.3, Dice: 0.2604745030403137
EPOCH: 193, Loss: -5576213.566666666
EPOCH: 193, Dice: 0.30858766088883083
Epoch: 194/199
Epoch: 194, Step: 20, Loss: -5878704.575, Dice: 0.33474475145339966
Epoch: 194, Step: 40, Loss: -4895037.1625, Dice: 0.32391357421875
EPOCH: 194, Loss: -5578207.266666667
EPOCH: 194, Dice: 0.3083341851830482
Epoch: 195/199
Epoch: 195, Step: 20, Loss: -5909967.75, Dice: 0.44202283024787903
Epoch: 195, Step: 40, Loss: -5212645.35, Dice: 0.2547551691532135
EPOCH: 195, Loss: -5577661.3125
EPOCH: 195, Dice: 0.31026264702280365
Epoch: 196/199
Epoch: 196, Step: 20, Loss: -5512895.38125, Dice: 0.34535014629364014
Epoch: 196, Step: 40, Loss: -4990052.7625, Dice: 0.3411863446235657
EPOCH: 196, Loss: -5582244.022916666
EPOCH: 196, Dice: 0.3102577922244867
Epoch: 197/199
Epoch: 197, Step: 20, Loss: -5648270.275, Dice: 0.49747151136398315
Epoch: 197, Step: 40, Loss: -5219694.875, Dice: 0.4582780599594116
EPOCH: 197, Loss: -5583390.104166667
EPOCH: 197, Dice: 0.3106403631468614
Epoch: 198/199
Epoch: 198, Step: 20, Loss: -5339695.675, Dice: 0.2952877879142761
Epoch: 198, Step: 40, Loss: -4626683.9, Dice: 0.507415771484375
EPOCH: 198, Loss: -5583586.35625
EPOCH: 198, Dice: 0.30943007692694663
Epoch: 199/199
Epoch: 199, Step: 20, Loss: -5118134.33125, Dice: 0.23962898552417755
Epoch: 199, Step: 40, Loss: -5729123.7375, Dice: 0.4445577561855316
EPOCH: 199, Loss: -5585396.722916666
EPOCH: 199, Dice: 0.3087117356558641
