[DEBUG] train_dataset length = 120
Loaded checkpoint from /dss/dsshome1/0D/ru47tac2/projects/segrap2025/results/segrap_ft_resume/sam_model_latest.pth (epoch 37)
Epoch: 37/119
Epoch: 37, Step: 20, Loss: -6559.043005371093, Dice: 0.10431880503892899
Epoch: 37, Step: 40, Loss: -6921.1421875, Dice: 0.08020477741956711
Epoch: 37, Step: 60, Loss: -6536.773120117187, Dice: 0.03588564693927765
Epoch: 37, Step: 80, Loss: -5144.732824707031, Dice: 0.07959424704313278
Epoch: 37, Step: 100, Loss: -6995.266052246094, Dice: 0.05962176248431206
EPOCH: 37, Loss: -6662.525803629557
EPOCH: 37, Dice: 0.12501583062112331
Epoch: 38/119
Epoch: 38, Step: 20, Loss: -7385.347436523438, Dice: 0.07130997627973557
Epoch: 38, Step: 40, Loss: -4957.0614562988285, Dice: 0.1367853581905365
Epoch: 38, Step: 60, Loss: -6954.073449707032, Dice: 0.12055940926074982
Epoch: 38, Step: 80, Loss: -5734.884387207031, Dice: 0.11853321641683578
Epoch: 38, Step: 100, Loss: -8383.620324707032, Dice: 0.2432532012462616
EPOCH: 38, Loss: -6965.710912068685
EPOCH: 38, Dice: 0.13007869304468234
Epoch: 39/119
Epoch: 39, Step: 20, Loss: -8041.596789550781, Dice: 0.15736685693264008
Epoch: 39, Step: 40, Loss: -7674.272778320313, Dice: 0.06761613488197327
Epoch: 39, Step: 60, Loss: -6967.087377929687, Dice: 0.07723291218280792
Epoch: 39, Step: 80, Loss: -5431.920751953125, Dice: 0.3054264187812805
Epoch: 39, Step: 100, Loss: -7911.567626953125, Dice: 0.10079356282949448
EPOCH: 39, Loss: -8053.087261962891
EPOCH: 39, Dice: 0.13118829699233175
Epoch: 40/119
Epoch: 40, Step: 20, Loss: -7938.2576171875, Dice: 0.06299231946468353
Epoch: 40, Step: 40, Loss: -7216.08544921875, Dice: 0.09835590422153473
Epoch: 40, Step: 60, Loss: -9513.492065429688, Dice: 0.0874522253870964
Epoch: 40, Step: 80, Loss: -8961.255450439454, Dice: 0.22355785965919495
Epoch: 40, Step: 100, Loss: -8760.109381103515, Dice: 0.13511539995670319
EPOCH: 40, Loss: -9406.76065673828
EPOCH: 40, Dice: 0.1313096674780051
Epoch: 41/119
Epoch: 41, Step: 20, Loss: nan, Dice: 0.10710146278142929
Epoch: 41, Step: 40, Loss: -9854.9515625, Dice: 0.08496687561273575
Epoch: 41, Step: 60, Loss: -11206.09530029297, Dice: 0.19881413877010345
Epoch: 41, Step: 80, Loss: -9083.141772460938, Dice: 0.060208968818187714
Epoch: 41, Step: 100, Loss: -9681.880346679687, Dice: 0.16470929980278015
EPOCH: 41, Loss: nan
EPOCH: 41, Dice: 0.12988305132215222
Epoch: 42/119
