[DEBUG] train_dataset length = 120
Loaded checkpoint from /dss/dsshome1/0D/ru47tac2/projects/segrap2025/results/segrap_ft_resume/sam_model_latest.pth (epoch 3)
Epoch: 3/119
Epoch: 3, Step: 20, Loss: -1.308255024254322, Dice: 0.07976764440536499
Epoch: 3, Step: 40, Loss: -1.5256966799497604, Dice: 0.06113768741488457
Epoch: 3, Step: 60, Loss: -1.5598967492580413, Dice: 0.026814373210072517
Epoch: 3, Step: 80, Loss: -1.3071500331163406, Dice: 0.06035134941339493
Epoch: 3, Step: 100, Loss: -1.9924946948885918, Dice: 0.045131172984838486
EPOCH: 3, Loss: -1.6702666491270066
EPOCH: 3, Dice: 0.09583846006232004
Epoch: 4/119
Epoch: 4, Step: 20, Loss: -1.9927144423127174, Dice: 0.09518826752901077
Epoch: 4, Step: 40, Loss: -1.9837081462144852, Dice: 0.07527630031108856
Epoch: 4, Step: 60, Loss: -2.603267478942871, Dice: 0.06351523846387863
Epoch: 4, Step: 80, Loss: -2.2160123884677887, Dice: 0.07236339896917343
Epoch: 4, Step: 100, Loss: -2.2044686302542686, Dice: 0.14215432107448578
EPOCH: 4, Loss: -2.4410945147275926
EPOCH: 4, Dice: 0.09382474523348112
Epoch: 5/119
Epoch: 5, Step: 20, Loss: -2.9801504015922546, Dice: 0.05037151277065277
Epoch: 5, Step: 40, Loss: -3.042360046505928, Dice: 0.02911103144288063
Epoch: 5, Step: 60, Loss: -2.8966887831687926, Dice: 0.07191768288612366
Epoch: 5, Step: 80, Loss: -3.987613147497177, Dice: 0.04998084530234337
Epoch: 5, Step: 100, Loss: -4.554586540162563, Dice: 0.09580658376216888
EPOCH: 5, Loss: -3.6481380653878053
EPOCH: 5, Dice: 0.09435216818625729
Epoch: 6/119
Epoch: 6, Step: 20, Loss: -3.8387008905410767, Dice: 0.09486641734838486
Epoch: 6, Step: 40, Loss: -4.885216748714447, Dice: 0.12435929477214813
Epoch: 6, Step: 60, Loss: -4.808759665489196, Dice: 0.050694987177848816
Epoch: 6, Step: 80, Loss: -4.738127893209457, Dice: 0.05855122208595276
Epoch: 6, Step: 100, Loss: -7.257746803760528, Dice: 0.05024644359946251
EPOCH: 6, Loss: -5.513074438770612
EPOCH: 6, Dice: 0.09670804666044812
Epoch: 7/119
Epoch: 7, Step: 20, Loss: -4.888272142410278, Dice: 0.1479313224554062
Epoch: 7, Step: 40, Loss: -7.3182300388813015, Dice: 0.05905164033174515
Epoch: 7, Step: 60, Loss: -6.9336643517017365, Dice: 0.03295891731977463
Epoch: 7, Step: 80, Loss: -7.182601481676102, Dice: 0.17691192030906677
Epoch: 7, Step: 100, Loss: -9.261021757125855, Dice: 0.1398192197084427
EPOCH: 7, Loss: -7.8307425032059355
EPOCH: 7, Dice: 0.09527877050762375
Epoch: 8/119
Epoch: 8, Step: 20, Loss: -10.433176457881927, Dice: 0.046937163919210434
Epoch: 8, Step: 40, Loss: -7.7937079787254335, Dice: 0.09597255289554596
Epoch: 8, Step: 60, Loss: -10.504313445091247, Dice: 0.06345891207456589
Epoch: 8, Step: 80, Loss: -13.181067728996277, Dice: 0.07181663811206818
Epoch: 8, Step: 100, Loss: -13.121067893505096, Dice: 0.0448441281914711
EPOCH: 8, Loss: -11.673097133636475
EPOCH: 8, Dice: 0.09878295456680158
Epoch: 9/119
Epoch: 9, Step: 20, Loss: -12.906521797180176, Dice: 0.07185209542512894
Epoch: 9, Step: 40, Loss: -12.213764452934265, Dice: 0.07485225051641464
Epoch: 9, Step: 60, Loss: -14.225163185596466, Dice: 0.03128961846232414
Epoch: 9, Step: 80, Loss: -18.675652593374252, Dice: 0.03882966563105583
Epoch: 9, Step: 100, Loss: -16.9501229763031, Dice: 0.0726495087146759
EPOCH: 9, Loss: -16.38692923486233
EPOCH: 9, Dice: 0.09766090819612146
Epoch: 10/119
Epoch: 10, Step: 20, Loss: -21.426430177688598, Dice: 0.08015526086091995
Epoch: 10, Step: 40, Loss: -18.514012122154234, Dice: 0.07085616886615753
Epoch: 10, Step: 60, Loss: -17.842961955070496, Dice: 0.029610080644488335
Epoch: 10, Step: 80, Loss: -23.69095524549484, Dice: 0.04230170324444771
Epoch: 10, Step: 100, Loss: -20.28929944038391, Dice: 0.03021341562271118
EPOCH: 10, Loss: -22.134852919975916
EPOCH: 10, Dice: 0.09529844007144371
Epoch: 11/119
Epoch: 11, Step: 20, Loss: -30.20373876094818, Dice: 0.055988479405641556
Epoch: 11, Step: 40, Loss: -23.371265292167664, Dice: 0.030935637652873993
Epoch: 11, Step: 60, Loss: -29.16193034648895, Dice: 0.06908172369003296
Epoch: 11, Step: 80, Loss: -35.31827368736267, Dice: 0.05650012940168381
Epoch: 11, Step: 100, Loss: -31.91390714645386, Dice: 0.07044970244169235
EPOCH: 11, Loss: -29.90228945016861
EPOCH: 11, Dice: 0.0953244379721582
