Loaded checkpoint from ckpt/sam_med3d_turbo.pth (epoch 0)
Epoch: 0/199
Epoch: 0, Step: 20, Loss: 505.9930503845215, Dice: 0.1493375301361084
Epoch: 0, Step: 40, Loss: 405.37682113647463, Dice: 0.10869574546813965
EPOCH: 0, Loss: 459.3602005004883
EPOCH: 0, Dice: 0.20124676289657753
Epoch: 1/199
Epoch: 1, Step: 20, Loss: 388.3709411621094, Dice: 0.1246580183506012
Epoch: 1, Step: 40, Loss: 403.6255905151367, Dice: 0.28093984723091125
EPOCH: 1, Loss: 438.37094090779624
EPOCH: 1, Dice: 0.21102959824105103
Epoch: 2/199
Epoch: 2, Step: 20, Loss: 451.50028228759766, Dice: 0.3019797205924988
Epoch: 2, Step: 40, Loss: 384.75177307128905, Dice: 0.3615301549434662
EPOCH: 2, Loss: 425.24097010294594
EPOCH: 2, Dice: 0.20925059790412584
Epoch: 3/199
Epoch: 3, Step: 20, Loss: 447.6024765014648, Dice: 0.24236397445201874
Epoch: 3, Step: 40, Loss: 437.69940719604494, Dice: 0.2653374671936035
EPOCH: 3, Loss: 434.9388743082682
EPOCH: 3, Dice: 0.20785999248425166
Epoch: 4/199
Epoch: 4, Step: 20, Loss: 404.9514442443848, Dice: 0.342487633228302
Epoch: 4, Step: 40, Loss: 414.3744010925293, Dice: 0.25788551568984985
EPOCH: 4, Loss: 446.66492156982423
EPOCH: 4, Dice: 0.20024084486067295
Epoch: 5/199
Epoch: 5, Step: 20, Loss: 421.46753387451173, Dice: 0.16806428134441376
Epoch: 5, Step: 40, Loss: -177.98487453460694, Dice: 0.3963052034378052
EPOCH: 5, Loss: -163.88145796457925
EPOCH: 5, Dice: 0.25920054328938325
Epoch: 6/199
Epoch: 6, Step: 20, Loss: -761.3517242431641, Dice: 0.12416812777519226
Epoch: 6, Step: 40, Loss: -1114.38738861084, Dice: 0.13324904441833496
EPOCH: 6, Loss: -1135.295485941569
EPOCH: 6, Dice: 0.11414251079161962
Epoch: 7/199
Epoch: 7, Step: 20, Loss: -1323.7490264892579, Dice: 0.10534890741109848
Epoch: 7, Step: 40, Loss: -1191.829278564453, Dice: 0.2726512551307678
EPOCH: 7, Loss: -1369.1268076578776
EPOCH: 7, Dice: 0.1733515049641331
Epoch: 8/199
Epoch: 8, Step: 20, Loss: -1530.1016052246093, Dice: 0.27899426221847534
Epoch: 8, Step: 40, Loss: -1200.8827117919923, Dice: 0.31077420711517334
EPOCH: 8, Loss: -1361.547013346354
EPOCH: 8, Dice: 0.2874570369720459
Epoch: 9/199
Epoch: 9, Step: 20, Loss: -1350.3260284423827, Dice: 0.17438443005084991
Epoch: 9, Step: 40, Loss: -1182.0997680664063, Dice: 0.48949486017227173
EPOCH: 9, Loss: -1335.580430094401
EPOCH: 9, Dice: 0.3264162540435791
Epoch: 10/199
Epoch: 10, Step: 20, Loss: -1336.2703521728515, Dice: 0.3081599175930023
Epoch: 10, Step: 40, Loss: -1257.6653137207031, Dice: 0.30022600293159485
EPOCH: 10, Loss: -1378.2980499267578
EPOCH: 10, Dice: 0.2977387574811777
Epoch: 11/199
Epoch: 11, Step: 20, Loss: -1376.5158981323243, Dice: 0.247207909822464
Epoch: 11, Step: 40, Loss: -1200.5160568237304, Dice: 0.20353978872299194
EPOCH: 11, Loss: -1402.0408477783203
EPOCH: 11, Dice: 0.26920946314930916
Epoch: 12/199
Epoch: 12, Step: 20, Loss: -1255.066748046875, Dice: 0.388045996427536
Epoch: 12, Step: 40, Loss: -1510.061538696289, Dice: 0.324693888425827
EPOCH: 12, Loss: -1405.1300028483072
EPOCH: 12, Dice: 0.2944307374457518
Epoch: 13/199
Epoch: 13, Step: 20, Loss: -1429.0967712402344, Dice: 0.40504229068756104
Epoch: 13, Step: 40, Loss: -1349.6518157958985, Dice: 0.21768522262573242
EPOCH: 13, Loss: -1402.4284769694011
EPOCH: 13, Dice: 0.30816202784578006
Epoch: 14/199
Epoch: 14, Step: 20, Loss: -1413.51552734375, Dice: 0.2460874319076538
Epoch: 14, Step: 40, Loss: -1477.589144897461, Dice: 0.39087381958961487
EPOCH: 14, Loss: -1395.1222157796224
EPOCH: 14, Dice: 0.3260158101717631
Epoch: 15/199
Epoch: 15, Step: 20, Loss: -1353.4194763183593, Dice: 0.16928952932357788
Epoch: 15, Step: 40, Loss: -1195.417807006836, Dice: 0.30956587195396423
EPOCH: 15, Loss: -1360.6484334309896
EPOCH: 15, Dice: 0.355896907299757
Epoch: 16/199
Epoch: 16, Step: 20, Loss: -1222.5994842529296, Dice: 0.30906814336776733
Epoch: 16, Step: 40, Loss: -1277.0452880859375, Dice: 0.3655719459056854
EPOCH: 16, Loss: -1352.9069519042969
EPOCH: 16, Dice: 0.3646513770023982
Epoch: 17/199
Epoch: 17, Step: 20, Loss: -1405.1430450439452, Dice: 0.3301584720611572
Epoch: 17, Step: 40, Loss: -1204.8356811523438, Dice: 0.155251145362854
EPOCH: 17, Loss: -1382.749092610677
EPOCH: 17, Dice: 0.34448317512869836
Epoch: 18/199
Epoch: 18, Step: 20, Loss: -1420.3000213623047, Dice: 0.25329700112342834
Epoch: 18, Step: 40, Loss: -1411.3691497802733, Dice: 0.21599802374839783
EPOCH: 18, Loss: -1394.9689473470053
EPOCH: 18, Dice: 0.33175304184357324
Epoch: 19/199
Epoch: 19, Step: 20, Loss: -1346.871060180664, Dice: 0.4487340450286865
Epoch: 19, Step: 40, Loss: -1421.3497619628906, Dice: 0.4050180912017822
EPOCH: 19, Loss: -1400.7608764648437
EPOCH: 19, Dice: 0.32582875664035477
Epoch: 20/199
Epoch: 20, Step: 20, Loss: -1294.8537811279298, Dice: 0.19948947429656982
Epoch: 20, Step: 40, Loss: -1427.096206665039, Dice: 0.39521995186805725
EPOCH: 20, Loss: -1404.9986368815105
EPOCH: 20, Dice: 0.31857642556230226
Epoch: 21/199
Epoch: 21, Step: 20, Loss: -1638.0402282714845, Dice: 0.3463438153266907
Epoch: 21, Step: 40, Loss: -1285.0419219970704, Dice: 0.23243534564971924
EPOCH: 21, Loss: -1405.840483601888
EPOCH: 21, Dice: 0.31751761709650356
Epoch: 22/199
Epoch: 22, Step: 20, Loss: -1481.0850799560546, Dice: 0.45784926414489746
Epoch: 22, Step: 40, Loss: -1180.9591125488282, Dice: 0.45627665519714355
EPOCH: 22, Loss: -1405.2611348470052
EPOCH: 22, Dice: 0.32169325898091
Epoch: 23/199
Epoch: 23, Step: 20, Loss: -1432.172802734375, Dice: 0.14577603340148926
Epoch: 23, Step: 40, Loss: -1308.8382904052735, Dice: 0.5035833716392517
EPOCH: 23, Loss: -1401.2598368326824
EPOCH: 23, Dice: 0.3350908512870471
Epoch: 24/199
Epoch: 24, Step: 20, Loss: -1283.2111114501954, Dice: 0.3972774147987366
Epoch: 24, Step: 40, Loss: -1426.8697265625, Dice: 0.3174518644809723
EPOCH: 24, Loss: -1394.0510538736978
EPOCH: 24, Dice: 0.34847333282232285
Epoch: 25/199
Epoch: 25, Step: 20, Loss: -1575.242578125, Dice: 0.29213398694992065
Epoch: 25, Step: 40, Loss: -1280.5419921875, Dice: 0.3141191005706787
EPOCH: 25, Loss: -1383.4803405761718
EPOCH: 25, Dice: 0.38195940603812534
Epoch: 26/199
Epoch: 26, Step: 20, Loss: -1289.4768798828125, Dice: 0.33502012491226196
Epoch: 26, Step: 40, Loss: -1334.7881866455077, Dice: 0.4896126091480255
EPOCH: 26, Loss: -1325.1364044189454
EPOCH: 26, Dice: 0.4313763752579689
Epoch: 27/199
Epoch: 27, Step: 20, Loss: -1461.3676788330079, Dice: 0.4393646717071533
Epoch: 27, Step: 40, Loss: -1140.7956176757812, Dice: 0.48674076795578003
EPOCH: 27, Loss: -1356.732660929362
EPOCH: 27, Dice: 0.4114759857455889
Epoch: 28/199
Epoch: 28, Step: 20, Loss: -1247.008529663086, Dice: 0.5228696465492249
Epoch: 28, Step: 40, Loss: -1413.0146881103515, Dice: 0.34160658717155457
EPOCH: 28, Loss: -1400.2182474772135
EPOCH: 28, Dice: 0.35748197038968405
Epoch: 29/199
Epoch: 29, Step: 20, Loss: -1414.9629364013672, Dice: 0.28246966004371643
Epoch: 29, Step: 40, Loss: -1322.8869018554688, Dice: 0.2959006130695343
EPOCH: 29, Loss: -1405.3531931559244
EPOCH: 29, Dice: 0.32424878229697546
Epoch: 30/199
Epoch: 30, Step: 20, Loss: -1638.9648071289062, Dice: 0.18055970966815948
Epoch: 30, Step: 40, Loss: -1260.0340454101563, Dice: 0.39789894223213196
EPOCH: 30, Loss: -1405.4465454101562
EPOCH: 30, Dice: 0.32052413349350295
Epoch: 31/199
Epoch: 31, Step: 20, Loss: -1517.6466491699218, Dice: 0.41406869888305664
Epoch: 31, Step: 40, Loss: -1320.2386993408204, Dice: 0.16405075788497925
EPOCH: 31, Loss: -1406.4346496582032
EPOCH: 31, Dice: 0.3194665196041266
Epoch: 32/199
Epoch: 32, Step: 20, Loss: -1439.5938537597656, Dice: 0.21641002595424652
Epoch: 32, Step: 40, Loss: -1249.4606994628907, Dice: 0.2852667272090912
EPOCH: 32, Loss: -1403.9896931966146
EPOCH: 32, Dice: 0.3297126206258933
Epoch: 33/199
Epoch: 33, Step: 20, Loss: -1381.3818817138672, Dice: 0.4437449276447296
Epoch: 33, Step: 40, Loss: -1355.565249633789, Dice: 0.2534812092781067
EPOCH: 33, Loss: -1399.8700342814127
EPOCH: 33, Dice: 0.34469704950849217
Epoch: 34/199
Epoch: 34, Step: 20, Loss: -1514.1875915527344, Dice: 0.31305646896362305
Epoch: 34, Step: 40, Loss: -1345.5819427490235, Dice: 0.4697076380252838
EPOCH: 34, Loss: -1399.8887736002605
EPOCH: 34, Dice: 0.3598602496087551
Epoch: 35/199
Epoch: 35, Step: 20, Loss: -1390.5145050048827, Dice: 0.32955434918403625
Epoch: 35, Step: 40, Loss: -1226.7039733886718, Dice: 0.5191006660461426
EPOCH: 35, Loss: -1392.0699055989583
EPOCH: 35, Dice: 0.36621708671251935
Epoch: 36/199
Epoch: 36, Step: 20, Loss: -1405.7246978759765, Dice: 0.2931191325187683
Epoch: 36, Step: 40, Loss: -1328.5286224365234, Dice: 0.46501624584198
EPOCH: 36, Loss: -1397.1099049886068
EPOCH: 36, Dice: 0.37236938724915186
Epoch: 37/199
Epoch: 37, Step: 20, Loss: -1386.6939453125, Dice: 0.3165391683578491
Epoch: 37, Step: 40, Loss: -1318.7437744140625, Dice: 0.22524115443229675
EPOCH: 37, Loss: -1388.5916544596355
EPOCH: 37, Dice: 0.37767625550429024
Epoch: 38/199
Epoch: 38, Step: 20, Loss: -1387.0322525024415, Dice: 0.1874253749847412
Epoch: 38, Step: 40, Loss: -1302.8116638183594, Dice: 0.40862345695495605
EPOCH: 38, Loss: -1355.4720860799155
EPOCH: 38, Dice: 0.4073470190167427
Epoch: 39/199
Epoch: 39, Step: 20, Loss: -1246.8755340576172, Dice: 0.3321473300457001
Epoch: 39, Step: 40, Loss: -1313.4520462036132, Dice: 0.4819090962409973
EPOCH: 39, Loss: -1312.1787012736002
EPOCH: 39, Dice: 0.4284169408182303
Epoch: 40/199
Epoch: 40, Step: 20, Loss: -1297.7856811523438, Dice: 0.6739544868469238
Epoch: 40, Step: 40, Loss: -1297.416033935547, Dice: 0.28858765959739685
EPOCH: 40, Loss: -1330.1935190836589
EPOCH: 40, Dice: 0.4133904238541921
Epoch: 41/199
Epoch: 41, Step: 20, Loss: -1394.996893310547, Dice: 0.4063289761543274
Epoch: 41, Step: 40, Loss: -1420.7777862548828, Dice: 0.20954930782318115
EPOCH: 41, Loss: -1380.8234313964845
EPOCH: 41, Dice: 0.3709335379302502
Epoch: 42/199
Epoch: 42, Step: 20, Loss: -1462.7631530761719, Dice: 0.3497108519077301
Epoch: 42, Step: 40, Loss: -1366.3418029785157, Dice: 0.22573551535606384
EPOCH: 42, Loss: -1397.3919901529948
EPOCH: 42, Dice: 0.36266780719161035
Epoch: 43/199
Epoch: 43, Step: 20, Loss: -1396.471401977539, Dice: 0.45390915870666504
Epoch: 43, Step: 40, Loss: -1317.1250305175781, Dice: 0.3243896961212158
EPOCH: 43, Loss: -1386.8552714029947
EPOCH: 43, Dice: 0.38674599726994835
Epoch: 44/199
Epoch: 44, Step: 20, Loss: -1438.626498413086, Dice: 0.4178921580314636
Epoch: 44, Step: 40, Loss: -1231.5886169433593, Dice: 0.21139228343963623
EPOCH: 44, Loss: -1376.0481089274087
EPOCH: 44, Dice: 0.3981027819216251
Epoch: 45/199
Epoch: 45, Step: 20, Loss: -1426.2265625, Dice: 0.28079187870025635
Epoch: 45, Step: 40, Loss: -1253.9850830078126, Dice: 0.5070065259933472
EPOCH: 45, Loss: -1372.225249226888
EPOCH: 45, Dice: 0.41411280979712806
Epoch: 46/199
Epoch: 46, Step: 20, Loss: -1477.7945526123046, Dice: 0.2828923463821411
Epoch: 46, Step: 40, Loss: -1141.5345520019532, Dice: 0.47611063718795776
EPOCH: 46, Loss: -1367.4199869791667
EPOCH: 46, Dice: 0.4168518034120401
Epoch: 47/199
Epoch: 47, Step: 20, Loss: -1523.5884185791015, Dice: 0.2847985625267029
Epoch: 47, Step: 40, Loss: -1244.4273803710937, Dice: 0.46753424406051636
EPOCH: 47, Loss: -1368.6466847737631
EPOCH: 47, Dice: 0.4142938862244288
Epoch: 48/199
Epoch: 48, Step: 20, Loss: -1364.9110717773438, Dice: 0.5095046162605286
Epoch: 48, Step: 40, Loss: -1267.388412475586, Dice: 0.4556768238544464
EPOCH: 48, Loss: -1379.5955932617187
EPOCH: 48, Dice: 0.39895585800210637
Epoch: 49/199
Epoch: 49, Step: 20, Loss: -1551.8071044921876, Dice: 0.4573875367641449
Epoch: 49, Step: 40, Loss: -1088.117431640625, Dice: 0.32003581523895264
EPOCH: 49, Loss: -1395.565468343099
EPOCH: 49, Dice: 0.36313173224528633
Epoch: 50/199
Epoch: 50, Step: 20, Loss: -1301.9601043701173, Dice: 0.2998385429382324
Epoch: 50, Step: 40, Loss: -1348.4793090820312, Dice: 0.5419747829437256
EPOCH: 50, Loss: -1405.9504821777343
EPOCH: 50, Dice: 0.3299781324962775
Epoch: 51/199
Epoch: 51, Step: 20, Loss: -1341.3554412841797, Dice: 0.338881254196167
Epoch: 51, Step: 40, Loss: -1241.9960876464843, Dice: 0.3357318639755249
EPOCH: 51, Loss: -1405.7847635904948
EPOCH: 51, Dice: 0.31259680216511093
Epoch: 52/199
Epoch: 52, Step: 20, Loss: -1473.452587890625, Dice: 0.2856062650680542
Epoch: 52, Step: 40, Loss: -1289.1865158081055, Dice: 0.2703465223312378
EPOCH: 52, Loss: -1404.6600296020508
EPOCH: 52, Dice: 0.3177873817582925
Epoch: 53/199
Epoch: 53, Step: 20, Loss: -1543.3533935546875, Dice: 0.3607201874256134
Epoch: 53, Step: 40, Loss: -1188.0330352783203, Dice: 0.2477208524942398
EPOCH: 53, Loss: -1404.1492106119792
EPOCH: 53, Dice: 0.336958380540212
Epoch: 54/199
Epoch: 54, Step: 20, Loss: -1490.9949493408203, Dice: 0.36729419231414795
Epoch: 54, Step: 40, Loss: -1226.0931823730468, Dice: 0.48066505789756775
EPOCH: 54, Loss: -1399.4748952229818
EPOCH: 54, Dice: 0.3599312158922354
Epoch: 55/199
Epoch: 55, Step: 20, Loss: -1463.4517608642577, Dice: 0.343246191740036
Epoch: 55, Step: 40, Loss: -1207.7122360229491, Dice: 0.49787425994873047
EPOCH: 55, Loss: -1394.1169743855794
EPOCH: 55, Dice: 0.36806056201457976
Epoch: 56/199
Epoch: 56, Step: 20, Loss: -1477.1742004394532, Dice: 0.23466932773590088
Epoch: 56, Step: 40, Loss: -1350.7384368896485, Dice: 0.37656736373901367
EPOCH: 56, Loss: -1386.9530954996744
EPOCH: 56, Dice: 0.38977099234859147
Epoch: 57/199
Epoch: 57, Step: 20, Loss: -1429.4906311035156, Dice: 0.3997485041618347
Epoch: 57, Step: 40, Loss: -1268.6684020996095, Dice: 0.23012106120586395
EPOCH: 57, Loss: -1371.4604563395183
EPOCH: 57, Dice: 0.41410351619124414
Epoch: 58/199
Epoch: 58, Step: 20, Loss: -1519.8087677001954, Dice: 0.28125083446502686
Epoch: 58, Step: 40, Loss: -1187.351318359375, Dice: 0.3667595386505127
EPOCH: 58, Loss: -1305.9005238850912
EPOCH: 58, Dice: 0.46425138811270394
Epoch: 59/199
Epoch: 59, Step: 20, Loss: -1174.4283493041992, Dice: 0.4005962908267975
Epoch: 59, Step: 40, Loss: -1144.5896087646483, Dice: 0.5724077820777893
EPOCH: 59, Loss: -1239.6983159383137
EPOCH: 59, Dice: 0.5030950705210367
Epoch: 60/199
Epoch: 60, Step: 20, Loss: -1212.224771118164, Dice: 0.4248281717300415
Epoch: 60, Step: 40, Loss: -1256.3836334228515, Dice: 0.43008938431739807
EPOCH: 60, Loss: -1250.0860829671224
EPOCH: 60, Dice: 0.49652526577313744
Epoch: 61/199
Epoch: 61, Step: 20, Loss: -1309.8836334228515, Dice: 0.3025238513946533
Epoch: 61, Step: 40, Loss: -1133.8254333496093, Dice: 0.46902698278427124
EPOCH: 61, Loss: -1304.9967193603516
EPOCH: 61, Dice: 0.4754777605334918
Epoch: 62/199
Epoch: 62, Step: 20, Loss: -1319.7025329589844, Dice: 0.39900779724121094
Epoch: 62, Step: 40, Loss: -1184.9840576171875, Dice: 0.35570305585861206
EPOCH: 62, Loss: -1350.6031229654948
EPOCH: 62, Dice: 0.4408055767416954
Epoch: 63/199
Epoch: 63, Step: 20, Loss: -1328.4041809082032, Dice: 0.5214554667472839
Epoch: 63, Step: 40, Loss: -1384.0831787109375, Dice: 0.4220689535140991
EPOCH: 63, Loss: -1383.9576975504558
EPOCH: 63, Dice: 0.38632059320807455
Epoch: 64/199
Epoch: 64, Step: 20, Loss: -1310.7675750732421, Dice: 0.4203219711780548
Epoch: 64, Step: 40, Loss: -1327.1791778564452, Dice: 0.2799382209777832
EPOCH: 64, Loss: -1404.6937164306642
EPOCH: 64, Dice: 0.3362336479127407
Epoch: 65/199
Epoch: 65, Step: 20, Loss: -1323.6300231933594, Dice: 0.2903204560279846
Epoch: 65, Step: 40, Loss: -1425.055242919922, Dice: 0.1857556402683258
EPOCH: 65, Loss: -1404.1409261067708
EPOCH: 65, Dice: 0.3348773196339607
Epoch: 66/199
Epoch: 66, Step: 20, Loss: -1365.7690032958985, Dice: 0.4185272455215454
Epoch: 66, Step: 40, Loss: -1417.2512603759765, Dice: 0.17955246567726135
EPOCH: 66, Loss: -1396.7576985677083
EPOCH: 66, Dice: 0.3618689966698488
Epoch: 67/199
Epoch: 67, Step: 20, Loss: -1554.343408203125, Dice: 0.5390421152114868
Epoch: 67, Step: 40, Loss: -1268.6721801757812, Dice: 0.4393007755279541
EPOCH: 67, Loss: -1388.4044962565104
EPOCH: 67, Dice: 0.38185896202921865
Epoch: 68/199
Epoch: 68, Step: 20, Loss: -1369.4642547607423, Dice: 0.3186272978782654
Epoch: 68, Step: 40, Loss: -1353.2279434204102, Dice: 0.46059733629226685
EPOCH: 68, Loss: -1382.8076665242513
EPOCH: 68, Dice: 0.39810110479593275
Epoch: 69/199
Epoch: 69, Step: 20, Loss: -1371.5309692382812, Dice: 0.4945056438446045
Epoch: 69, Step: 40, Loss: -1303.9284774780274, Dice: 0.5084221959114075
EPOCH: 69, Loss: -1377.8767817179362
EPOCH: 69, Dice: 0.4046432512501876
Epoch: 70/199
Epoch: 70, Step: 20, Loss: -1359.9626861572265, Dice: 0.40629345178604126
Epoch: 70, Step: 40, Loss: -1215.8454040527345, Dice: 0.42105236649513245
EPOCH: 70, Loss: -1384.2255350748699
EPOCH: 70, Dice: 0.39458363155523934
Epoch: 71/199
Epoch: 71, Step: 20, Loss: -1437.1549255371094, Dice: 0.19138383865356445
Epoch: 71, Step: 40, Loss: -1420.2218811035157, Dice: 0.22733724117279053
EPOCH: 71, Loss: -1382.938715616862
EPOCH: 71, Dice: 0.3885101743042469
Epoch: 72/199
Epoch: 72, Step: 20, Loss: -1370.5860626220704, Dice: 0.2561245560646057
Epoch: 72, Step: 40, Loss: -1197.7413024902344, Dice: 0.41287511587142944
EPOCH: 72, Loss: -1341.8951354980468
EPOCH: 72, Dice: 0.4124536616106828
Epoch: 73/199
Epoch: 73, Step: 20, Loss: -1358.9390045166015, Dice: 0.30975016951560974
Epoch: 73, Step: 40, Loss: -1285.3809448242187, Dice: 0.4863339960575104
EPOCH: 73, Loss: -1315.4340321858724
EPOCH: 73, Dice: 0.4359725177288055
Epoch: 74/199
Epoch: 74, Step: 20, Loss: -1371.1212493896485, Dice: 0.31629660725593567
Epoch: 74, Step: 40, Loss: -1165.1185272216796, Dice: 0.6250035762786865
EPOCH: 74, Loss: -1320.3162750244142
EPOCH: 74, Dice: 0.4346424678961436
Epoch: 75/199
Epoch: 75, Step: 20, Loss: -1412.835415649414, Dice: 0.5245225429534912
Epoch: 75, Step: 40, Loss: -1272.096923828125, Dice: 0.32201969623565674
EPOCH: 75, Loss: -1353.690391031901
EPOCH: 75, Dice: 0.4171642651160558
Epoch: 76/199
Epoch: 76, Step: 20, Loss: -1482.2759185791015, Dice: 0.4301970601081848
Epoch: 76, Step: 40, Loss: -1229.0009735107421, Dice: 0.41017723083496094
EPOCH: 76, Loss: -1380.0566538492837
EPOCH: 76, Dice: 0.4038892698784669
Epoch: 77/199
Epoch: 77, Step: 20, Loss: -1447.5837951660155, Dice: 0.3664434254169464
Epoch: 77, Step: 40, Loss: -1240.5312377929688, Dice: 0.3035902976989746
EPOCH: 77, Loss: -1391.339535522461
EPOCH: 77, Dice: 0.39158628111084304
Epoch: 78/199
Epoch: 78, Step: 20, Loss: -1349.422540283203, Dice: 0.3959835171699524
Epoch: 78, Step: 40, Loss: -1276.4014801025392, Dice: 0.25100231170654297
EPOCH: 78, Loss: -1385.5804982503255
EPOCH: 78, Dice: 0.4041403184334437
Epoch: 79/199
Epoch: 79, Step: 20, Loss: -1325.6332122802735, Dice: 0.3343254327774048
Epoch: 79, Step: 40, Loss: -1421.839651489258, Dice: 0.3444005846977234
EPOCH: 79, Loss: -1367.2173380533854
EPOCH: 79, Dice: 0.42977636655171714
Epoch: 80/199
Epoch: 80, Step: 20, Loss: -1490.1244903564452, Dice: 0.27112969756126404
Epoch: 80, Step: 40, Loss: -1254.4193420410156, Dice: 0.5009633898735046
EPOCH: 80, Loss: -1353.0916514078776
EPOCH: 80, Dice: 0.4506625155607859
Epoch: 81/199
Epoch: 81, Step: 20, Loss: -1273.3301971435546, Dice: 0.7021561861038208
Epoch: 81, Step: 40, Loss: -1301.4874298095704, Dice: 0.374276340007782
EPOCH: 81, Loss: -1343.3008178710938
EPOCH: 81, Dice: 0.4572935938835144
Epoch: 82/199
Epoch: 82, Step: 20, Loss: -1430.4559661865235, Dice: 0.5416607856750488
Epoch: 82, Step: 40, Loss: -1278.1147430419921, Dice: 0.47785472869873047
EPOCH: 82, Loss: -1361.911639404297
EPOCH: 82, Dice: 0.43783383642633755
Epoch: 83/199
Epoch: 83, Step: 20, Loss: -1455.23046875, Dice: 0.40581977367401123
Epoch: 83, Step: 40, Loss: -1238.135922241211, Dice: 0.3366420269012451
EPOCH: 83, Loss: -1387.7934468587239
EPOCH: 83, Dice: 0.40775612567861874
Epoch: 84/199
Epoch: 84, Step: 20, Loss: -1245.3246154785156, Dice: 0.41446372866630554
Epoch: 84, Step: 40, Loss: -1306.998452758789, Dice: 0.48374196887016296
EPOCH: 84, Loss: -1397.4799509684244
EPOCH: 84, Dice: 0.3806089205046495
Epoch: 85/199
Epoch: 85, Step: 20, Loss: -1420.3939697265625, Dice: 0.5294018387794495
Epoch: 85, Step: 40, Loss: -1250.1813018798828, Dice: 0.3847653269767761
EPOCH: 85, Loss: -1403.8535034179688
EPOCH: 85, Dice: 0.35424944534897806
Epoch: 86/199
Epoch: 86, Step: 20, Loss: -1343.6397857666016, Dice: 0.3985546827316284
Epoch: 86, Step: 40, Loss: -1273.4108917236329, Dice: 0.5526376962661743
EPOCH: 86, Loss: -1409.1893575032552
EPOCH: 86, Dice: 0.33642369533578553
Epoch: 87/199
Epoch: 87, Step: 20, Loss: -1305.5993225097657, Dice: 0.5331258177757263
Epoch: 87, Step: 40, Loss: -1526.1374755859374, Dice: 0.2209891676902771
EPOCH: 87, Loss: -1407.9061096191406
EPOCH: 87, Dice: 0.30751831866800783
Epoch: 88/199
Epoch: 88, Step: 20, Loss: -1392.3238555908204, Dice: 0.5108329057693481
Epoch: 88, Step: 40, Loss: -1271.1544647216797, Dice: 0.3764658272266388
EPOCH: 88, Loss: -1409.389314778646
EPOCH: 88, Dice: 0.2855042743186156
Epoch: 89/199
Epoch: 89, Step: 20, Loss: -1506.2018920898438, Dice: 0.2304825782775879
Epoch: 89, Step: 40, Loss: -1404.202572631836, Dice: 0.25380080938339233
EPOCH: 89, Loss: -1407.6855000813803
EPOCH: 89, Dice: 0.290019507954518
Epoch: 90/199
Epoch: 90, Step: 20, Loss: -1509.0644989013672, Dice: 0.32325953245162964
Epoch: 90, Step: 40, Loss: -1236.3099639892578, Dice: 0.1275757998228073
EPOCH: 90, Loss: -1409.766965230306
EPOCH: 90, Dice: 0.31322411249081294
Epoch: 91/199
Epoch: 91, Step: 20, Loss: -1428.9450439453126, Dice: 0.31958097219467163
Epoch: 91, Step: 40, Loss: -1353.3891326904297, Dice: 0.3550138473510742
EPOCH: 91, Loss: -1405.8462076822916
EPOCH: 91, Dice: 0.33927223831415176
Epoch: 92/199
Epoch: 92, Step: 20, Loss: -1517.9616912841798, Dice: 0.27905410528182983
Epoch: 92, Step: 40, Loss: -1341.9821044921875, Dice: 0.30426084995269775
EPOCH: 92, Loss: -1399.0444915771484
EPOCH: 92, Dice: 0.37454758733510973
Epoch: 93/199
Epoch: 93, Step: 20, Loss: -1406.9629364013672, Dice: 0.2987983822822571
Epoch: 93, Step: 40, Loss: -1351.1828857421874, Dice: 0.46682316064834595
EPOCH: 93, Loss: -1356.3230387369792
EPOCH: 93, Dice: 0.43072667916615803
Epoch: 94/199
Epoch: 94, Step: 20, Loss: -1392.9538146972657, Dice: 0.5446276068687439
Epoch: 94, Step: 40, Loss: -1206.5474075317384, Dice: 0.40484413504600525
EPOCH: 94, Loss: -1281.5650100708008
EPOCH: 94, Dice: 0.4781699595352014
Epoch: 95/199
Epoch: 95, Step: 20, Loss: -1332.2406524658204, Dice: 0.4684290885925293
Epoch: 95, Step: 40, Loss: -1192.437191772461, Dice: 0.4940347969532013
EPOCH: 95, Loss: -1257.8979522705079
EPOCH: 95, Dice: 0.4965908944606781
Epoch: 96/199
Epoch: 96, Step: 20, Loss: -1313.2360473632812, Dice: 0.4014633297920227
Epoch: 96, Step: 40, Loss: -1201.7950561523437, Dice: 0.41852253675460815
EPOCH: 96, Loss: -1283.5418345133464
EPOCH: 96, Dice: 0.4901146352291107
Epoch: 97/199
Epoch: 97, Step: 20, Loss: -1325.0451629638671, Dice: 0.5015360713005066
Epoch: 97, Step: 40, Loss: -1229.7246704101562, Dice: 0.4141882658004761
EPOCH: 97, Loss: -1309.2482421875
EPOCH: 97, Dice: 0.4695626117289066
Epoch: 98/199
Epoch: 98, Step: 20, Loss: -1181.5323791503906, Dice: 0.5434276461601257
Epoch: 98, Step: 40, Loss: -1457.8890167236327, Dice: 0.3228893578052521
EPOCH: 98, Loss: -1338.5998840332031
EPOCH: 98, Dice: 0.4615904743472735
Epoch: 99/199
Epoch: 99, Step: 20, Loss: -1276.2080078125, Dice: 0.6673678755760193
Epoch: 99, Step: 40, Loss: -1334.7587585449219, Dice: 0.36186981201171875
EPOCH: 99, Loss: -1350.5031829833983
EPOCH: 99, Dice: 0.4437953320642312
Epoch: 100/199
Epoch: 100, Step: 20, Loss: -1482.9027160644532, Dice: 0.42767763137817383
Epoch: 100, Step: 40, Loss: -1357.989031982422, Dice: 0.42352545261383057
EPOCH: 100, Loss: -1368.419682820638
EPOCH: 100, Dice: 0.42630827724933623
Epoch: 101/199
Epoch: 101, Step: 20, Loss: -1344.478775024414, Dice: 0.29350602626800537
Epoch: 101, Step: 40, Loss: -1519.9173522949218, Dice: 0.578829288482666
EPOCH: 101, Loss: -1370.3915623982748
EPOCH: 101, Dice: 0.42650676642855007
Epoch: 102/199
Epoch: 102, Step: 20, Loss: -1301.6459259033204, Dice: 0.30789870023727417
Epoch: 102, Step: 40, Loss: -1233.0397064208985, Dice: 0.4339016079902649
EPOCH: 102, Loss: -1370.8939748128255
EPOCH: 102, Dice: 0.4228764533996582
Epoch: 103/199
Epoch: 103, Step: 20, Loss: -1340.2313842773438, Dice: 0.2634420096874237
Epoch: 103, Step: 40, Loss: -1427.6342834472657, Dice: 0.4604671001434326
EPOCH: 103, Loss: -1378.251914469401
EPOCH: 103, Dice: 0.41718658109505974
Epoch: 104/199
Epoch: 104, Step: 20, Loss: -1398.3167999267578, Dice: 0.2903406620025635
Epoch: 104, Step: 40, Loss: -1114.0421051025392, Dice: 0.5634423494338989
EPOCH: 104, Loss: -1376.1729197184245
EPOCH: 104, Dice: 0.41888541827599207
Epoch: 105/199
Epoch: 105, Step: 20, Loss: -1456.1876647949218, Dice: 0.28082144260406494
Epoch: 105, Step: 40, Loss: -1209.1271392822266, Dice: 0.3018273711204529
EPOCH: 105, Loss: -1370.4126841227214
EPOCH: 105, Dice: 0.423877106855313
Epoch: 106/199
Epoch: 106, Step: 20, Loss: -1382.963800048828, Dice: 0.375815749168396
Epoch: 106, Step: 40, Loss: -1256.188671875, Dice: 0.6388303637504578
EPOCH: 106, Loss: -1353.525773111979
EPOCH: 106, Dice: 0.44818329165379206
Epoch: 107/199
Epoch: 107, Step: 20, Loss: -1303.708642578125, Dice: 0.2909672260284424
Epoch: 107, Step: 40, Loss: -1330.7340759277345, Dice: 0.4713931977748871
EPOCH: 107, Loss: -1324.7228200276693
EPOCH: 107, Dice: 0.4636605441570282
Epoch: 108/199
Epoch: 108, Step: 20, Loss: -1525.0017028808593, Dice: 0.4360770285129547
Epoch: 108, Step: 40, Loss: -1209.3399291992187, Dice: 0.44183221459388733
EPOCH: 108, Loss: -1332.7412638346354
EPOCH: 108, Dice: 0.45325915614763895
Epoch: 109/199
Epoch: 109, Step: 20, Loss: -1399.691702270508, Dice: 0.38676944375038147
Epoch: 109, Step: 40, Loss: -1273.1244506835938, Dice: 0.32445961236953735
EPOCH: 109, Loss: -1350.7221608479817
EPOCH: 109, Dice: 0.44265737334887184
Epoch: 110/199
Epoch: 110, Step: 20, Loss: -1225.335137939453, Dice: 0.3862246870994568
Epoch: 110, Step: 40, Loss: -1256.2833587646485, Dice: 0.5702527761459351
EPOCH: 110, Loss: -1355.023051961263
EPOCH: 110, Dice: 0.43964818318684895
Epoch: 111/199
Epoch: 111, Step: 20, Loss: -1232.6988983154297, Dice: 0.5015207529067993
Epoch: 111, Step: 40, Loss: -1259.4567321777345, Dice: 0.5137704014778137
EPOCH: 111, Loss: -1369.5584279378256
EPOCH: 111, Dice: 0.42184484501679737
Epoch: 112/199
Epoch: 112, Step: 20, Loss: -1339.011410522461, Dice: 0.4975239038467407
Epoch: 112, Step: 40, Loss: -1330.3467666625977, Dice: 0.5283347368240356
EPOCH: 112, Loss: -1394.7003616333009
EPOCH: 112, Dice: 0.38187157015005746
Epoch: 113/199
Epoch: 113, Step: 20, Loss: -1400.9400634765625, Dice: 0.37020713090896606
Epoch: 113, Step: 40, Loss: -1347.331768798828, Dice: 0.5049965381622314
EPOCH: 113, Loss: -1407.1694203694663
EPOCH: 113, Dice: 0.34170733640591305
Epoch: 114/199
Epoch: 114, Step: 20, Loss: -1385.5524993896483, Dice: 0.2993093729019165
Epoch: 114, Step: 40, Loss: -1308.8821105957031, Dice: 0.30928874015808105
EPOCH: 114, Loss: -1407.6339569091797
EPOCH: 114, Dice: 0.3245729553202788
Epoch: 115/199
Epoch: 115, Step: 20, Loss: -1557.4254180908204, Dice: 0.36428603529930115
Epoch: 115, Step: 40, Loss: -1212.9884857177735, Dice: 0.28153884410858154
EPOCH: 115, Loss: -1404.3378601074219
EPOCH: 115, Dice: 0.34862710560361543
Epoch: 116/199
Epoch: 116, Step: 20, Loss: -1229.0557983398437, Dice: 0.4902944564819336
Epoch: 116, Step: 40, Loss: -1245.6480834960937, Dice: 0.5630705952644348
EPOCH: 116, Loss: -1399.9135986328124
EPOCH: 116, Dice: 0.3755464533964793
Epoch: 117/199
Epoch: 117, Step: 20, Loss: -1394.2898452758789, Dice: 0.3160989284515381
Epoch: 117, Step: 40, Loss: -1432.4242065429687, Dice: 0.3025129437446594
EPOCH: 117, Loss: -1395.5553665161133
EPOCH: 117, Dice: 0.38697869578997296
Epoch: 118/199
Epoch: 118, Step: 20, Loss: -1462.7556427001953, Dice: 0.29181116819381714
Epoch: 118, Step: 40, Loss: -1366.4163803100587, Dice: 0.38545137643814087
EPOCH: 118, Loss: -1390.5795405069987
EPOCH: 118, Dice: 0.3952862116197745
Epoch: 119/199
Epoch: 119, Step: 20, Loss: -1442.8985504150392, Dice: 0.5273557901382446
Epoch: 119, Step: 40, Loss: -1215.5105895996094, Dice: 0.6357532739639282
EPOCH: 119, Loss: -1394.508115641276
EPOCH: 119, Dice: 0.39760164519151053
Epoch: 120/199
Epoch: 120, Step: 20, Loss: -1386.9635498046875, Dice: 0.35097259283065796
Epoch: 120, Step: 40, Loss: -1468.7820220947265, Dice: 0.3412284553050995
EPOCH: 120, Loss: -1392.7116119384766
EPOCH: 120, Dice: 0.39478358378012973
Epoch: 121/199
Epoch: 121, Step: 20, Loss: -1458.3322967529298, Dice: 0.34141892194747925
Epoch: 121, Step: 40, Loss: -1109.225308227539, Dice: 0.3376966714859009
EPOCH: 121, Loss: -1396.0612630208334
EPOCH: 121, Dice: 0.39795068005720774
Epoch: 122/199
Epoch: 122, Step: 20, Loss: -1398.4144470214844, Dice: 0.5984525084495544
Epoch: 122, Step: 40, Loss: -1346.3889739990234, Dice: 0.5624157190322876
EPOCH: 122, Loss: -1386.797216796875
EPOCH: 122, Dice: 0.39826557636260984
Epoch: 123/199
Epoch: 123, Step: 20, Loss: -1298.0962890625, Dice: 0.3003339469432831
Epoch: 123, Step: 40, Loss: -1433.756118774414, Dice: 0.3405423164367676
EPOCH: 123, Loss: -1388.5083669026692
EPOCH: 123, Dice: 0.3991553713877996
Epoch: 124/199
Epoch: 124, Step: 20, Loss: -1410.5614440917968, Dice: 0.2670029401779175
Epoch: 124, Step: 40, Loss: -1404.811215209961, Dice: 0.3857485055923462
EPOCH: 124, Loss: -1392.0247528076172
EPOCH: 124, Dice: 0.4017021196583907
Epoch: 125/199
Epoch: 125, Step: 20, Loss: -1426.7989410400392, Dice: 0.3170180320739746
Epoch: 125, Step: 40, Loss: -1347.2395599365234, Dice: 0.5114099979400635
EPOCH: 125, Loss: -1392.1811960856119
EPOCH: 125, Dice: 0.4034456588327885
Epoch: 126/199
Epoch: 126, Step: 20, Loss: -1457.239761352539, Dice: 0.41417762637138367
Epoch: 126, Step: 40, Loss: -1196.0406509399413, Dice: 0.264565110206604
EPOCH: 126, Loss: -1388.820457458496
EPOCH: 126, Dice: 0.4047479619582494
Epoch: 127/199
Epoch: 127, Step: 20, Loss: -1366.616650390625, Dice: 0.35651615262031555
Epoch: 127, Step: 40, Loss: -1349.5467895507813, Dice: 0.6699717044830322
EPOCH: 127, Loss: -1394.3685943603516
EPOCH: 127, Dice: 0.4071970105171204
Epoch: 128/199
Epoch: 128, Step: 20, Loss: -1379.7226440429688, Dice: 0.5976637005805969
Epoch: 128, Step: 40, Loss: -1215.812484741211, Dice: 0.2858281135559082
EPOCH: 128, Loss: -1388.2646799723307
EPOCH: 128, Dice: 0.40605697880188624
Epoch: 129/199
Epoch: 129, Step: 20, Loss: -1409.9724578857422, Dice: 0.32345348596572876
Epoch: 129, Step: 40, Loss: -1290.0191925048828, Dice: 0.2796301245689392
EPOCH: 129, Loss: -1393.1902821858723
EPOCH: 129, Dice: 0.40654199570417404
Epoch: 130/199
Epoch: 130, Step: 20, Loss: -1260.5464324951172, Dice: 0.22496241331100464
Epoch: 130, Step: 40, Loss: -1397.3271575927733, Dice: 0.5895373821258545
EPOCH: 130, Loss: -1392.1744018554687
EPOCH: 130, Dice: 0.4058027848601341
Epoch: 131/199
Epoch: 131, Step: 20, Loss: -1372.0631637573242, Dice: 0.426692932844162
Epoch: 131, Step: 40, Loss: -1300.2772430419923, Dice: 0.5687260627746582
EPOCH: 131, Loss: -1391.696408589681
EPOCH: 131, Dice: 0.4088230960071087
Epoch: 132/199
Epoch: 132, Step: 20, Loss: -1403.206216430664, Dice: 0.26212403178215027
Epoch: 132, Step: 40, Loss: -1354.1550231933593, Dice: 0.3035123646259308
EPOCH: 132, Loss: -1396.271307373047
EPOCH: 132, Dice: 0.41046644151210787
Epoch: 133/199
Epoch: 133, Step: 20, Loss: -1530.5996948242187, Dice: 0.20906394720077515
Epoch: 133, Step: 40, Loss: -1251.791748046875, Dice: 0.5129293203353882
EPOCH: 133, Loss: -1393.4772867838542
EPOCH: 133, Dice: 0.41094073255856833
Epoch: 134/199
Epoch: 134, Step: 20, Loss: -1494.3824981689454, Dice: 0.22192949056625366
Epoch: 134, Step: 40, Loss: -1197.5457977294923, Dice: 0.4801919758319855
EPOCH: 134, Loss: -1394.556157430013
EPOCH: 134, Dice: 0.41310841018954914
Epoch: 135/199
Epoch: 135, Step: 20, Loss: -1405.1982849121093, Dice: 0.4483233094215393
Epoch: 135, Step: 40, Loss: -1393.2817687988281, Dice: 0.39286959171295166
EPOCH: 135, Loss: -1390.6372294108073
EPOCH: 135, Dice: 0.41399433513482414
Epoch: 136/199
Epoch: 136, Step: 20, Loss: -1594.5354766845703, Dice: 0.44488734006881714
Epoch: 136, Step: 40, Loss: -1237.9669525146485, Dice: 0.23656705021858215
EPOCH: 136, Loss: -1389.345458984375
EPOCH: 136, Dice: 0.41491961404681205
Epoch: 137/199
Epoch: 137, Step: 20, Loss: -1411.008755493164, Dice: 0.39681529998779297
Epoch: 137, Step: 40, Loss: -1228.6017944335938, Dice: 0.3468891680240631
EPOCH: 137, Loss: -1390.1737854003907
EPOCH: 137, Dice: 0.41801584164301553
Epoch: 138/199
Epoch: 138, Step: 20, Loss: -1551.069271850586, Dice: 0.38399848341941833
Epoch: 138, Step: 40, Loss: -1026.1090576171875, Dice: 0.3549845218658447
EPOCH: 138, Loss: -1386.18000386556
EPOCH: 138, Dice: 0.4230400378505389
Epoch: 139/199
Epoch: 139, Step: 20, Loss: -1160.0233764648438, Dice: 0.3823469281196594
Epoch: 139, Step: 40, Loss: -1590.1967559814452, Dice: 0.32485252618789673
EPOCH: 139, Loss: -1387.0838033040366
EPOCH: 139, Dice: 0.4252089634537697
Epoch: 140/199
Epoch: 140, Step: 20, Loss: -1338.7134674072265, Dice: 0.47756698727607727
Epoch: 140, Step: 40, Loss: -1298.508511352539, Dice: 0.5337991714477539
EPOCH: 140, Loss: -1386.305818684896
EPOCH: 140, Dice: 0.42930426448583603
Epoch: 141/199
Epoch: 141, Step: 20, Loss: -1379.1276428222657, Dice: 0.6381387710571289
Epoch: 141, Step: 40, Loss: -1154.5777893066406, Dice: 0.36914998292922974
EPOCH: 141, Loss: -1386.5572224934897
EPOCH: 141, Dice: 0.4297288656234741
Epoch: 142/199
Epoch: 142, Step: 20, Loss: -1361.5211181640625, Dice: 0.5834210515022278
Epoch: 142, Step: 40, Loss: -1344.655322265625, Dice: 0.30359289050102234
EPOCH: 142, Loss: -1385.3073791503907
EPOCH: 142, Dice: 0.42989515463511146
Epoch: 143/199
Epoch: 143, Step: 20, Loss: -1476.173602294922, Dice: 0.32598385214805603
Epoch: 143, Step: 40, Loss: -1359.4756134033203, Dice: 0.5090927481651306
EPOCH: 143, Loss: -1386.507234700521
EPOCH: 143, Dice: 0.4314824745059013
Epoch: 144/199
Epoch: 144, Step: 20, Loss: -1303.3862396240233, Dice: 0.48060905933380127
Epoch: 144, Step: 40, Loss: -1209.6349334716797, Dice: 0.3838199973106384
EPOCH: 144, Loss: -1388.368724568685
EPOCH: 144, Dice: 0.4321019222338994
Epoch: 145/199
Epoch: 145, Step: 20, Loss: -1282.2580627441407, Dice: 0.4688541889190674
Epoch: 145, Step: 40, Loss: -1395.2223724365235, Dice: 0.2616209387779236
EPOCH: 145, Loss: -1383.2934254964193
EPOCH: 145, Dice: 0.4339470331867536
Epoch: 146/199
Epoch: 146, Step: 20, Loss: -1440.8296875, Dice: 0.44129690527915955
Epoch: 146, Step: 40, Loss: -1359.8357727050782, Dice: 0.5313464403152466
EPOCH: 146, Loss: -1380.929541015625
EPOCH: 146, Dice: 0.4375108577311039
Epoch: 147/199
Epoch: 147, Step: 20, Loss: -1423.304864501953, Dice: 0.3034825921058655
Epoch: 147, Step: 40, Loss: -1312.3104400634766, Dice: 0.42645496129989624
EPOCH: 147, Loss: -1385.0941314697266
EPOCH: 147, Dice: 0.4381815820932388
Epoch: 148/199
Epoch: 148, Step: 20, Loss: -1326.5411987304688, Dice: 0.6485470533370972
Epoch: 148, Step: 40, Loss: -1366.732861328125, Dice: 0.6613799929618835
EPOCH: 148, Loss: -1380.2120676676432
EPOCH: 148, Dice: 0.4386181009312471
Epoch: 149/199
Epoch: 149, Step: 20, Loss: -1282.324462890625, Dice: 0.5230230093002319
Epoch: 149, Step: 40, Loss: -1357.191229248047, Dice: 0.48495715856552124
EPOCH: 149, Loss: -1383.7897532145182
EPOCH: 149, Dice: 0.4388617361585299
Epoch: 150/199
Epoch: 150, Step: 20, Loss: -1381.4952423095704, Dice: 0.5173377394676208
Epoch: 150, Step: 40, Loss: -1327.9681091308594, Dice: 0.43009743094444275
EPOCH: 150, Loss: -1385.914067586263
EPOCH: 150, Dice: 0.43604964166879656
Epoch: 151/199
Epoch: 151, Step: 20, Loss: -1480.4936584472657, Dice: 0.6189152002334595
Epoch: 151, Step: 40, Loss: -1318.1310729980469, Dice: 0.3098571300506592
EPOCH: 151, Loss: -1382.730677286784
EPOCH: 151, Dice: 0.43388848106066386
Epoch: 152/199
Epoch: 152, Step: 20, Loss: -1512.7637268066405, Dice: 0.2462885081768036
Epoch: 152, Step: 40, Loss: -1211.570748901367, Dice: 0.47318774461746216
EPOCH: 152, Loss: -1386.04455464681
EPOCH: 152, Dice: 0.43264115949471793
Epoch: 153/199
Epoch: 153, Step: 20, Loss: -1513.989694213867, Dice: 0.4630614221096039
Epoch: 153, Step: 40, Loss: -1317.3210723876953, Dice: 0.40778201818466187
EPOCH: 153, Loss: -1392.1738708496093
EPOCH: 153, Dice: 0.4319370031356812
Epoch: 154/199
Epoch: 154, Step: 20, Loss: -1428.240625, Dice: 0.3895016312599182
Epoch: 154, Step: 40, Loss: -1321.3867248535157, Dice: 0.410796582698822
EPOCH: 154, Loss: -1388.583125813802
EPOCH: 154, Dice: 0.42960853278636935
Epoch: 155/199
Epoch: 155, Step: 20, Loss: -1470.0878509521485, Dice: 0.31564822793006897
Epoch: 155, Step: 40, Loss: -1338.4627532958984, Dice: 0.4040616750717163
EPOCH: 155, Loss: -1390.6511627197265
EPOCH: 155, Dice: 0.4284876969953378
Epoch: 156/199
Epoch: 156, Step: 20, Loss: -1339.9379943847657, Dice: 0.4106041491031647
Epoch: 156, Step: 40, Loss: -1569.7443054199218, Dice: 0.38391047716140747
EPOCH: 156, Loss: -1388.974011739095
EPOCH: 156, Dice: 0.4269662062327067
Epoch: 157/199
Epoch: 157, Step: 20, Loss: -1351.7222869873046, Dice: 0.4120393395423889
Epoch: 157, Step: 40, Loss: -1290.6217895507812, Dice: 0.4466504156589508
EPOCH: 157, Loss: -1391.2824361165365
EPOCH: 157, Dice: 0.42707390611370405
Epoch: 158/199
Epoch: 158, Step: 20, Loss: -1398.3489532470703, Dice: 0.4304521381855011
Epoch: 158, Step: 40, Loss: -1325.3350555419922, Dice: 0.46285736560821533
EPOCH: 158, Loss: -1393.8531951904297
EPOCH: 158, Dice: 0.4260848850011826
Epoch: 159/199
Epoch: 159, Step: 20, Loss: -1317.8678833007812, Dice: 0.32384899258613586
Epoch: 159, Step: 40, Loss: -1448.2141815185546, Dice: 0.3714181184768677
EPOCH: 159, Loss: -1393.1659372965494
EPOCH: 159, Dice: 0.4242458239197731
Epoch: 160/199
Epoch: 160, Step: 20, Loss: -1287.6497009277343, Dice: 0.41449064016342163
Epoch: 160, Step: 40, Loss: -1494.5499603271485, Dice: 0.3988373875617981
EPOCH: 160, Loss: -1390.72077738444
EPOCH: 160, Dice: 0.42237353002031647
Epoch: 161/199
Epoch: 161, Step: 20, Loss: -1454.9475952148437, Dice: 0.5067297220230103
Epoch: 161, Step: 40, Loss: -1320.8443649291992, Dice: 0.5071711540222168
EPOCH: 161, Loss: -1392.8485865275065
EPOCH: 161, Dice: 0.42205976595481237
Epoch: 162/199
Epoch: 162, Step: 20, Loss: -1350.679037475586, Dice: 0.581535816192627
Epoch: 162, Step: 40, Loss: -1316.335220336914, Dice: 0.34029433131217957
EPOCH: 162, Loss: -1398.3775248209636
EPOCH: 162, Dice: 0.42146282891432446
Epoch: 163/199
Epoch: 163, Step: 20, Loss: -1274.1065795898437, Dice: 0.3415840268135071
Epoch: 163, Step: 40, Loss: -1385.9513671875, Dice: 0.37241506576538086
EPOCH: 163, Loss: -1399.923887125651
EPOCH: 163, Dice: 0.41969421605269114
Epoch: 164/199
Epoch: 164, Step: 20, Loss: -1277.395004272461, Dice: 0.3121716380119324
Epoch: 164, Step: 40, Loss: -1480.8448547363282, Dice: 0.3374324440956116
EPOCH: 164, Loss: -1393.824136352539
EPOCH: 164, Dice: 0.42190083662668865
Epoch: 165/199
Epoch: 165, Step: 20, Loss: -1515.565902709961, Dice: 0.310333788394928
Epoch: 165, Step: 40, Loss: -1269.6291473388671, Dice: 0.42284154891967773
EPOCH: 165, Loss: -1394.6592458089192
EPOCH: 165, Dice: 0.4235327735543251
Epoch: 166/199
Epoch: 166, Step: 20, Loss: -1327.023030090332, Dice: 0.31006956100463867
Epoch: 166, Step: 40, Loss: -1405.0755798339844, Dice: 0.33330100774765015
EPOCH: 166, Loss: -1397.2998489379884
EPOCH: 166, Dice: 0.4267074445883433
Epoch: 167/199
Epoch: 167, Step: 20, Loss: -1429.4489379882812, Dice: 0.3800356090068817
Epoch: 167, Step: 40, Loss: -1282.9498504638673, Dice: 0.40898099541664124
EPOCH: 167, Loss: -1390.7177927652995
EPOCH: 167, Dice: 0.42776610553264616
Epoch: 168/199
Epoch: 168, Step: 20, Loss: -1436.6321044921874, Dice: 0.41730934381484985
Epoch: 168, Step: 40, Loss: -1458.0801086425781, Dice: 0.5152711868286133
EPOCH: 168, Loss: -1389.2977600097656
EPOCH: 168, Dice: 0.43231884961326916
Epoch: 169/199
Epoch: 169, Step: 20, Loss: -1444.203839111328, Dice: 0.3796190023422241
Epoch: 169, Step: 40, Loss: -1389.1055816650392, Dice: 0.3306925892829895
EPOCH: 169, Loss: -1390.8501932779948
EPOCH: 169, Dice: 0.43134757156173387
Epoch: 170/199
Epoch: 170, Step: 20, Loss: -1328.7220733642578, Dice: 0.4750105142593384
Epoch: 170, Step: 40, Loss: -1313.4250411987305, Dice: 0.62973552942276
EPOCH: 170, Loss: -1385.515143330892
EPOCH: 170, Dice: 0.4348956634600957
Epoch: 171/199
Epoch: 171, Step: 20, Loss: -1348.7819274902345, Dice: 0.33285969495773315
Epoch: 171, Step: 40, Loss: -1305.731509399414, Dice: 0.4938817024230957
EPOCH: 171, Loss: -1386.5672139485678
EPOCH: 171, Dice: 0.43677417263388635
Epoch: 172/199
Epoch: 172, Step: 20, Loss: -1384.0007781982422, Dice: 0.5926671624183655
Epoch: 172, Step: 40, Loss: -1363.9090789794923, Dice: 0.3035968244075775
EPOCH: 172, Loss: -1385.388335164388
EPOCH: 172, Dice: 0.4377209757765134
Epoch: 173/199
Epoch: 173, Step: 20, Loss: -1383.99619140625, Dice: 0.46906623244285583
Epoch: 173, Step: 40, Loss: -1275.6913269042968, Dice: 0.48119622468948364
EPOCH: 173, Loss: -1386.8229482014974
EPOCH: 173, Dice: 0.4366979608933131
Epoch: 174/199
Epoch: 174, Step: 20, Loss: -1378.0737060546876, Dice: 0.3322210907936096
Epoch: 174, Step: 40, Loss: -1325.1278533935547, Dice: 0.3975134491920471
EPOCH: 174, Loss: -1389.7504760742188
EPOCH: 174, Dice: 0.4369848154485226
Epoch: 175/199
Epoch: 175, Step: 20, Loss: -1513.9496459960938, Dice: 0.5379509925842285
Epoch: 175, Step: 40, Loss: -1284.0960998535156, Dice: 0.29680168628692627
EPOCH: 175, Loss: -1389.8778045654296
EPOCH: 175, Dice: 0.4375050276517868
Epoch: 176/199
Epoch: 176, Step: 20, Loss: -1444.0579040527343, Dice: 0.46211040019989014
Epoch: 176, Step: 40, Loss: -1464.3372589111327, Dice: 0.47271642088890076
EPOCH: 176, Loss: -1390.9398274739583
EPOCH: 176, Dice: 0.4381883973876635
Epoch: 177/199
Epoch: 177, Step: 20, Loss: -1362.6519012451172, Dice: 0.3656562566757202
Epoch: 177, Step: 40, Loss: -1371.9544403076172, Dice: 0.31099921464920044
EPOCH: 177, Loss: -1387.2898854573568
EPOCH: 177, Dice: 0.4393403559923172
Epoch: 178/199
Epoch: 178, Step: 20, Loss: -1370.6089447021484, Dice: 0.515160858631134
Epoch: 178, Step: 40, Loss: -1371.1163146972656, Dice: 0.6476156711578369
EPOCH: 178, Loss: -1385.8559967041015
EPOCH: 178, Dice: 0.4408346508940061
Epoch: 179/199
Epoch: 179, Step: 20, Loss: -1373.1517944335938, Dice: 0.42903321981430054
Epoch: 179, Step: 40, Loss: -1286.415805053711, Dice: 0.36176231503486633
EPOCH: 179, Loss: -1382.3691731770834
EPOCH: 179, Dice: 0.44091011534134544
Epoch: 180/199
Epoch: 180, Step: 20, Loss: -1458.8087951660157, Dice: 0.3560476303100586
Epoch: 180, Step: 40, Loss: -1310.242984008789, Dice: 0.3819100856781006
EPOCH: 180, Loss: -1384.3625223795573
EPOCH: 180, Dice: 0.44084759677449864
Epoch: 181/199
Epoch: 181, Step: 20, Loss: -1398.8842742919921, Dice: 0.4299654960632324
Epoch: 181, Step: 40, Loss: -1385.157192993164, Dice: 0.3735063076019287
EPOCH: 181, Loss: -1386.6502787272136
EPOCH: 181, Dice: 0.44144572913646696
Epoch: 182/199
Epoch: 182, Step: 20, Loss: -1447.6453643798827, Dice: 0.3261899948120117
Epoch: 182, Step: 40, Loss: -1327.1955688476562, Dice: 0.3539094924926758
EPOCH: 182, Loss: -1385.3039438883463
EPOCH: 182, Dice: 0.44083619738618535
Epoch: 183/199
Epoch: 183, Step: 20, Loss: -1591.495379638672, Dice: 0.34495118260383606
Epoch: 183, Step: 40, Loss: -1307.2745300292968, Dice: 0.39786094427108765
EPOCH: 183, Loss: -1387.1196467081706
EPOCH: 183, Dice: 0.4414011796315511
Epoch: 184/199
Epoch: 184, Step: 20, Loss: -1259.8229248046875, Dice: 0.3111444115638733
Epoch: 184, Step: 40, Loss: -1430.4786163330077, Dice: 0.41799789667129517
EPOCH: 184, Loss: -1391.0650370279948
EPOCH: 184, Dice: 0.4413573183119297
Epoch: 185/199
Epoch: 185, Step: 20, Loss: -1454.5694915771485, Dice: 0.4182620644569397
Epoch: 185, Step: 40, Loss: -1281.8324951171876, Dice: 0.37847739458084106
EPOCH: 185, Loss: -1383.8219207763673
EPOCH: 185, Dice: 0.44395876402656237
Epoch: 186/199
Epoch: 186, Step: 20, Loss: -1381.7554931640625, Dice: 0.47635871171951294
Epoch: 186, Step: 40, Loss: -1379.0482940673828, Dice: 0.303189754486084
EPOCH: 186, Loss: -1390.1352762858073
EPOCH: 186, Dice: 0.44183772007624306
Epoch: 187/199
Epoch: 187, Step: 20, Loss: -1386.7072998046874, Dice: 0.4423285126686096
Epoch: 187, Step: 40, Loss: -1368.7617156982421, Dice: 0.7045276165008545
EPOCH: 187, Loss: -1385.2089553833007
EPOCH: 187, Dice: 0.4419869010647138
Epoch: 188/199
Epoch: 188, Step: 20, Loss: -1242.868667602539, Dice: 0.6230783462524414
Epoch: 188, Step: 40, Loss: -1460.6391693115233, Dice: 0.38203316926956177
EPOCH: 188, Loss: -1390.3437601725261
EPOCH: 188, Dice: 0.4435806296765804
Epoch: 189/199
Epoch: 189, Step: 20, Loss: -1370.1080993652345, Dice: 0.3291369378566742
Epoch: 189, Step: 40, Loss: -1342.8863403320313, Dice: 0.4747653007507324
EPOCH: 189, Loss: -1385.0154724121094
EPOCH: 189, Dice: 0.4434643099705378
Epoch: 190/199
Epoch: 190, Step: 20, Loss: -1473.3669067382812, Dice: 0.5178072452545166
Epoch: 190, Step: 40, Loss: -1248.3882781982422, Dice: 0.4305647015571594
EPOCH: 190, Loss: -1385.897409057617
EPOCH: 190, Dice: 0.44284080564975736
Epoch: 191/199
Epoch: 191, Step: 20, Loss: -1524.0854400634767, Dice: 0.396445095539093
Epoch: 191, Step: 40, Loss: -1285.5057647705078, Dice: 0.37606120109558105
EPOCH: 191, Loss: -1389.3150146484375
EPOCH: 191, Dice: 0.44257830704251927
Epoch: 192/199
Epoch: 192, Step: 20, Loss: -1411.6900024414062, Dice: 0.46367794275283813
Epoch: 192, Step: 40, Loss: -1403.6553863525392, Dice: 0.3717471659183502
EPOCH: 192, Loss: -1385.1475850423178
EPOCH: 192, Dice: 0.44303148438533146
Epoch: 193/199
Epoch: 193, Step: 20, Loss: -1493.267385864258, Dice: 0.44653236865997314
Epoch: 193, Step: 40, Loss: -1176.9075103759765, Dice: 0.3695104718208313
EPOCH: 193, Loss: -1382.9300099690756
EPOCH: 193, Dice: 0.4413924972216288
Epoch: 194/199
Epoch: 194, Step: 20, Loss: -1469.8310791015624, Dice: 0.5173431634902954
Epoch: 194, Step: 40, Loss: -1220.4986541748046, Dice: 0.5162452459335327
EPOCH: 194, Loss: -1386.0230448404948
EPOCH: 194, Dice: 0.4420941119392713
Epoch: 195/199
Epoch: 195, Step: 20, Loss: -1487.9560333251952, Dice: 0.6673436164855957
Epoch: 195, Step: 40, Loss: -1281.4199645996093, Dice: 0.35983240604400635
EPOCH: 195, Loss: -1385.822812906901
EPOCH: 195, Dice: 0.44197809596856436
Epoch: 196/199
Epoch: 196, Step: 20, Loss: -1367.6869049072266, Dice: 0.5079114437103271
Epoch: 196, Step: 40, Loss: -1225.1788238525392, Dice: 0.47430258989334106
EPOCH: 196, Loss: -1384.1535725911458
EPOCH: 196, Dice: 0.44276864727338155
Epoch: 197/199
Epoch: 197, Step: 20, Loss: -1392.9509582519531, Dice: 0.7202498912811279
Epoch: 197, Step: 40, Loss: -1316.0758666992188, Dice: 0.7145729064941406
EPOCH: 197, Loss: -1387.7558725992837
EPOCH: 197, Dice: 0.4420291602611542
Epoch: 198/199
Epoch: 198, Step: 20, Loss: -1333.0467956542968, Dice: 0.40964174270629883
Epoch: 198, Step: 40, Loss: -1160.8734802246095, Dice: 0.6920573711395264
EPOCH: 198, Loss: -1387.8724187215169
EPOCH: 198, Dice: 0.4421199622253577
Epoch: 199/199
Epoch: 199, Step: 20, Loss: -1290.4110916137695, Dice: 0.3446410894393921
Epoch: 199, Step: 40, Loss: -1413.840753173828, Dice: 0.5906982421875
EPOCH: 199, Loss: -1386.1148523966472
EPOCH: 199, Dice: 0.4403518237173557
