[DEBUG] train_dataset length = 120
Loaded checkpoint from /dss/dsshome1/0D/ru47tac2/projects/segrap2025/results/segrap_ft_resume/sam_model_latest.pth (epoch 134)
Epoch: 134/199
Epoch: 134, Step: 20, Loss: -2.5093957811594008, Dice: 0.1418333202600479
Epoch: 134, Step: 40, Loss: -2.632778432965279, Dice: 0.14360275864601135
Epoch: 134, Step: 60, Loss: -2.5063834995031358, Dice: 0.03776029869914055
Epoch: 134, Step: 80, Loss: -1.9763029783964157, Dice: 0.10246794670820236
Epoch: 134, Step: 100, Loss: -2.678108462691307, Dice: 0.07293834537267685
EPOCH: 134, Loss: -2.5511920479436716
EPOCH: 134, Dice: 0.16191364067296188
Epoch: 135/199
Epoch: 135, Step: 20, Loss: -2.461218911409378, Dice: 0.15548914670944214
Epoch: 135, Step: 40, Loss: -2.3449280947446822, Dice: 0.13812220096588135
Epoch: 135, Step: 60, Loss: -2.7129482716321944, Dice: 0.11011237651109695
Epoch: 135, Step: 80, Loss: -2.1934098333120344, Dice: 0.15087349712848663
Epoch: 135, Step: 100, Loss: -2.0589843899011613, Dice: 0.20264238119125366
EPOCH: 135, Loss: -2.4805602421363195
EPOCH: 135, Dice: 0.1581596866560479
Epoch: 136/199
Epoch: 136, Step: 20, Loss: -2.540730059146881, Dice: 0.07674624025821686
Epoch: 136, Step: 40, Loss: -2.372880148887634, Dice: 0.05060987174510956
Epoch: 136, Step: 60, Loss: -2.147129037976265, Dice: 0.17657050490379333
Epoch: 136, Step: 80, Loss: -2.623338544368744, Dice: 0.08186271786689758
Epoch: 136, Step: 100, Loss: -2.6746441021561624, Dice: 0.14725656807422638
EPOCH: 136, Loss: -2.5036889600257077
EPOCH: 136, Dice: 0.15790284474690755
Epoch: 137/199
Epoch: 137, Step: 20, Loss: -2.259349685907364, Dice: 0.15214978158473969
Epoch: 137, Step: 40, Loss: -2.5382413893938063, Dice: 0.16516248881816864
Epoch: 137, Step: 60, Loss: -2.39963456094265, Dice: 0.06850859522819519
Epoch: 137, Step: 80, Loss: -2.1658131927251816, Dice: 0.09208859503269196
Epoch: 137, Step: 100, Loss: -2.9877324044704436, Dice: 0.10595428198575974
EPOCH: 137, Loss: -2.569724324842294
EPOCH: 137, Dice: 0.16363936411216856
Epoch: 138/199
Epoch: 138, Step: 20, Loss: -1.9863473415374755, Dice: 0.28390607237815857
Epoch: 138, Step: 40, Loss: -2.5905699342489243, Dice: 0.09910846501588821
Epoch: 138, Step: 60, Loss: -2.3677069008350373, Dice: 0.055326856672763824
Epoch: 138, Step: 80, Loss: -2.282650288939476, Dice: 0.23792074620723724
Epoch: 138, Step: 100, Loss: -2.7028562843799593, Dice: 0.21062371134757996
EPOCH: 138, Loss: -2.522099879384041
EPOCH: 138, Dice: 0.15572824214274686
Epoch: 139/199
Epoch: 139, Step: 20, Loss: -2.8236363261938093, Dice: 0.10770496726036072
Epoch: 139, Step: 40, Loss: -2.0434682816267014, Dice: 0.14646528661251068
Epoch: 139, Step: 60, Loss: -2.4862537026405334, Dice: 0.12536141276359558
Epoch: 139, Step: 80, Loss: -2.8485102593898772, Dice: 0.19409754872322083
Epoch: 139, Step: 100, Loss: -2.6577495694160462, Dice: 0.07688367366790771
EPOCH: 139, Loss: -2.6384804022808868
EPOCH: 139, Dice: 0.16864059523989758
