No checkpoint found at ckpt/sam_med3d.pth, start training from scratch
Epoch: 0/119
Epoch: 0, Step: 20, Loss: 18.28037347793579, Dice: 0.0
Epoch: 0, Step: 40, Loss: 17.37325563430786, Dice: 0.0
Epoch: 0, Step: 60, Loss: 11.501201796531678, Dice: 0.0
Epoch: 0, Step: 80, Loss: 12.527198243141175, Dice: 0.0
Epoch: 0, Step: 100, Loss: 7.112414279580117, Dice: 0.0
EPOCH: 0, Loss: 12.11730301429828
EPOCH: 0, Dice: 0.0
Epoch: 1/119
Epoch: 1, Step: 20, Loss: 3.627991181612015, Dice: 0.0
Epoch: 1, Step: 40, Loss: 4.187334442138672, Dice: 0.0
Epoch: 1, Step: 60, Loss: -2.517394503951073, Dice: 0.0
Epoch: 1, Step: 80, Loss: -2.0638489067554473, Dice: 0.0
Epoch: 1, Step: 100, Loss: -10.09150184392929, Dice: 0.0
EPOCH: 1, Loss: -2.3490055173635485
EPOCH: 1, Dice: 0.0
Epoch: 2/119
Epoch: 2, Step: 20, Loss: -10.435171687602997, Dice: 0.0
Epoch: 2, Step: 40, Loss: -12.089744073152541, Dice: 0.0
Epoch: 2, Step: 60, Loss: -9.675265085697173, Dice: 0.0
Epoch: 2, Step: 80, Loss: -5.751091927289963, Dice: 0.0
Epoch: 2, Step: 100, Loss: -15.766254138946532, Dice: 0.0
EPOCH: 2, Loss: -12.999595505992572
EPOCH: 2, Dice: 0.0
Epoch: 3/119
Epoch: 3, Step: 20, Loss: -13.996029329299926, Dice: 0.0
Epoch: 3, Step: 40, Loss: -12.151918578147889, Dice: 0.0
Epoch: 3, Step: 60, Loss: -23.482268607616426, Dice: 0.0
Epoch: 3, Step: 80, Loss: -17.75139234662056, Dice: 0.0
Epoch: 3, Step: 100, Loss: -18.174329447746278, Dice: 0.0001576121721882373
EPOCH: 3, Loss: -19.849103660384813
EPOCH: 3, Dice: 1.3476234971676605e-05
Epoch: 4/119
Epoch: 4, Step: 20, Loss: -24.578561747074126, Dice: 0.0
Epoch: 4, Step: 40, Loss: -23.153095549345018, Dice: 0.00013574230251833797
Epoch: 4, Step: 60, Loss: -29.058757150173186, Dice: 0.0
Epoch: 4, Step: 80, Loss: -20.210669887065887, Dice: 0.0011565468739718199
Epoch: 4, Step: 100, Loss: -24.045431345701218, Dice: 0.0018798611126840115
EPOCH: 4, Loss: -25.032945029437542
EPOCH: 4, Dice: 0.0011317871921164625
Epoch: 5/119
Epoch: 5, Step: 20, Loss: -28.75412561893463, Dice: 0.0030431717168539762
Epoch: 5, Step: 40, Loss: -24.004695573449133, Dice: 0.006485115271061659
Epoch: 5, Step: 60, Loss: -30.356643164157866, Dice: 0.012412464246153831
Epoch: 5, Step: 80, Loss: -38.11552515029907, Dice: 0.006096885073930025
Epoch: 5, Step: 100, Loss: -26.47423610985279, Dice: 0.01954922266304493
EPOCH: 5, Loss: -29.875250633060933
EPOCH: 5, Dice: 0.011381281516514718
Epoch: 6/119
Epoch: 6, Step: 20, Loss: -34.66011915802956, Dice: 0.023235518485307693
Epoch: 6, Step: 40, Loss: -32.82358069419861, Dice: 0.026043547317385674
Epoch: 6, Step: 60, Loss: -35.22687513828278, Dice: 0.02849443256855011
Epoch: 6, Step: 80, Loss: -32.947231960296634, Dice: 0.0422256663441658
Epoch: 6, Step: 100, Loss: -38.066435378789905, Dice: 0.0540800541639328
EPOCH: 6, Loss: -33.14411558409532
EPOCH: 6, Dice: 0.03457811214029789
Epoch: 7/119
