Loaded checkpoint from ckpt/sam_med3d_turbo.pth (epoch 0)
Epoch: 0/199
Epoch: 0, Step: 20, Loss: -6.593993815779686, Dice: 0.2988126575946808
Epoch: 0, Step: 40, Loss: -7.766077256202697, Dice: 0.23533016443252563
EPOCH: 0, Loss: -10.366220236817997
EPOCH: 0, Dice: 0.24556060669322807
Epoch: 1/199
Epoch: 1, Step: 20, Loss: -16.030181419849395, Dice: 0.33845603466033936
Epoch: 1, Step: 40, Loss: -6.2814882636070255, Dice: 0.17821434140205383
EPOCH: 1, Loss: -12.416234445571899
EPOCH: 1, Dice: 0.2645309700320164
Epoch: 2/199
Epoch: 2, Step: 20, Loss: -6.226221776008606, Dice: 0.36893564462661743
Epoch: 2, Step: 40, Loss: -13.465901106595993, Dice: 0.3029569983482361
EPOCH: 2, Loss: -11.004062571128209
EPOCH: 2, Dice: 0.2520666887362798
Epoch: 3/199
Epoch: 3, Step: 20, Loss: -16.630486595630646, Dice: 0.3148138225078583
Epoch: 3, Step: 40, Loss: -8.419964599609376, Dice: 0.2720591425895691
EPOCH: 3, Loss: -38.329249036312106
EPOCH: 3, Dice: 0.2945244868596395
Epoch: 4/199
Epoch: 4, Step: 20, Loss: -94.34184188842774, Dice: 0.36976122856140137
Epoch: 4, Step: 40, Loss: -122.27744369506836, Dice: 0.09697048366069794
EPOCH: 4, Loss: -124.66191698710124
EPOCH: 4, Dice: 0.28039716320733227
Epoch: 5/199
Epoch: 5, Step: 20, Loss: -136.88930473327636, Dice: 0.2509738802909851
Epoch: 5, Step: 40, Loss: -135.03716926574708, Dice: 0.22174187004566193
EPOCH: 5, Loss: -139.95447959899903
EPOCH: 5, Dice: 0.2952333904802799
Epoch: 6/199
Epoch: 6, Step: 20, Loss: -143.32920837402344, Dice: 0.3199388086795807
Epoch: 6, Step: 40, Loss: -118.87820625305176, Dice: 0.4446980059146881
EPOCH: 6, Loss: -141.51385523478191
EPOCH: 6, Dice: 0.3745751808087031
Epoch: 7/199
Epoch: 7, Step: 20, Loss: -139.10114612579346, Dice: 0.38636019825935364
Epoch: 7, Step: 40, Loss: -123.44759311676026, Dice: 0.4646049737930298
EPOCH: 7, Loss: -142.86848996480305
EPOCH: 7, Dice: 0.3304543326298396
Epoch: 8/199
Epoch: 8, Step: 20, Loss: -157.5491683959961, Dice: 0.32743799686431885
Epoch: 8, Step: 40, Loss: -132.29571952819825, Dice: 0.30376946926116943
EPOCH: 8, Loss: -143.38224411010742
EPOCH: 8, Dice: 0.30323283970355985
Epoch: 9/199
Epoch: 9, Step: 20, Loss: -140.7869342803955, Dice: 0.1956193596124649
Epoch: 9, Step: 40, Loss: -130.2162010192871, Dice: 0.48554086685180664
EPOCH: 9, Loss: -143.24443461100262
EPOCH: 9, Dice: 0.325044264147679
Epoch: 10/199
Epoch: 10, Step: 20, Loss: -142.83833408355713, Dice: 0.2881721258163452
Epoch: 10, Step: 40, Loss: -128.39824829101562, Dice: 0.3332504332065582
EPOCH: 10, Loss: -142.9788429896037
EPOCH: 10, Dice: 0.3331570751965046
Epoch: 11/199
Epoch: 11, Step: 20, Loss: -140.39079666137695, Dice: 0.3195575475692749
Epoch: 11, Step: 40, Loss: -122.9662275314331, Dice: 0.24703596532344818
EPOCH: 11, Loss: -142.1122901280721
EPOCH: 11, Dice: 0.3507693760097027
Epoch: 12/199
Epoch: 12, Step: 20, Loss: -126.34958305358887, Dice: 0.477413147687912
Epoch: 12, Step: 40, Loss: -148.99555587768555, Dice: 0.4157986044883728
EPOCH: 12, Loss: -140.46844914754232
EPOCH: 12, Dice: 0.3824958128233751
Epoch: 13/199
Epoch: 13, Step: 20, Loss: -143.1265712738037, Dice: 0.48473310470581055
Epoch: 13, Step: 40, Loss: -136.7151554107666, Dice: 0.2579214870929718
EPOCH: 13, Loss: -141.91406745910643
EPOCH: 13, Dice: 0.3604603712757429
Epoch: 14/199
Epoch: 14, Step: 20, Loss: -143.94723014831544, Dice: 0.2792825400829315
Epoch: 14, Step: 40, Loss: -151.64296073913573, Dice: 0.399813175201416
EPOCH: 14, Loss: -142.84560330708823
EPOCH: 14, Dice: 0.3374216891825199
Epoch: 15/199
Epoch: 15, Step: 20, Loss: -140.12766227722167, Dice: 0.1576995849609375
Epoch: 15, Step: 40, Loss: -125.55822639465332, Dice: 0.2845095098018646
EPOCH: 15, Loss: -142.89517148335776
EPOCH: 15, Dice: 0.3362508902947108
Epoch: 16/199
Epoch: 16, Step: 20, Loss: -128.8289249420166, Dice: 0.2873094379901886
Epoch: 16, Step: 40, Loss: -134.67135162353514, Dice: 0.3342021703720093
EPOCH: 16, Loss: -142.2337865193685
EPOCH: 16, Dice: 0.35169929563999175
Epoch: 17/199
Epoch: 17, Step: 20, Loss: -146.54995918273926, Dice: 0.3193967342376709
Epoch: 17, Step: 40, Loss: -123.74567337036133, Dice: 0.1589762270450592
EPOCH: 17, Loss: -142.55497105916342
EPOCH: 17, Dice: 0.3519137464463711
Epoch: 18/199
Epoch: 18, Step: 20, Loss: -144.8567687988281, Dice: 0.27114397287368774
Epoch: 18, Step: 40, Loss: -143.03938026428222, Dice: 0.2439700812101364
EPOCH: 18, Loss: -141.67823918660483
EPOCH: 18, Dice: 0.37457653929789864
Epoch: 19/199
Epoch: 19, Step: 20, Loss: -135.43400039672852, Dice: 0.538522481918335
Epoch: 19, Step: 40, Loss: -140.6444408416748, Dice: 0.5198777914047241
EPOCH: 19, Loss: -139.48053207397462
EPOCH: 19, Dice: 0.4213466028372447
Epoch: 20/199
Epoch: 20, Step: 20, Loss: -129.50261116027832, Dice: 0.29456770420074463
Epoch: 20, Step: 40, Loss: -141.71693954467773, Dice: 0.5133886337280273
EPOCH: 20, Loss: -140.46660448710125
EPOCH: 20, Dice: 0.4052125913401445
Epoch: 21/199
Epoch: 21, Step: 20, Loss: -164.97577285766602, Dice: 0.41007912158966064
Epoch: 21, Step: 40, Loss: -130.37115745544435, Dice: 0.27445700764656067
EPOCH: 21, Loss: -142.44998359680176
EPOCH: 21, Dice: 0.3405659504234791
Epoch: 22/199
Epoch: 22, Step: 20, Loss: -150.88864822387694, Dice: 0.4723924994468689
Epoch: 22, Step: 40, Loss: -120.56203422546386, Dice: 0.41388681530952454
EPOCH: 22, Loss: -143.3391185760498
EPOCH: 22, Dice: 0.2949109767874082
Epoch: 23/199
Epoch: 23, Step: 20, Loss: -146.11995697021484, Dice: 0.12215332686901093
Epoch: 23, Step: 40, Loss: -133.89524993896484, Dice: 0.47639405727386475
EPOCH: 23, Loss: -143.60117791493732
EPOCH: 23, Dice: 0.3036534359057744
Epoch: 24/199
Epoch: 24, Step: 20, Loss: -131.88485984802247, Dice: 0.3691493272781372
Epoch: 24, Step: 40, Loss: -146.13657722473144, Dice: 0.29183632135391235
EPOCH: 24, Loss: -143.47955334981282
EPOCH: 24, Dice: 0.32898281688491504
Epoch: 25/199
Epoch: 25, Step: 20, Loss: -162.64386672973632, Dice: 0.2887432873249054
Epoch: 25, Step: 40, Loss: -130.9624729156494, Dice: 0.30094480514526367
EPOCH: 25, Loss: -143.13161710103353
EPOCH: 25, Dice: 0.3716243267059326
Epoch: 26/199
Epoch: 26, Step: 20, Loss: -134.87262287139893, Dice: 0.3410891890525818
Epoch: 26, Step: 40, Loss: -142.43733329772948, Dice: 0.4987363815307617
EPOCH: 26, Loss: -140.5586123784383
EPOCH: 26, Dice: 0.42886976674199107
Epoch: 27/199
Epoch: 27, Step: 20, Loss: -154.29425582885742, Dice: 0.46379005908966064
Epoch: 27, Step: 40, Loss: -116.05904121398926, Dice: 0.5160443782806396
EPOCH: 27, Loss: -140.0525644938151
EPOCH: 27, Dice: 0.44357573638359704
Epoch: 28/199
Epoch: 28, Step: 20, Loss: -126.70362129211426, Dice: 0.5610349178314209
Epoch: 28, Step: 40, Loss: -142.53738861083986, Dice: 0.40342891216278076
EPOCH: 28, Loss: -141.48948764801025
EPOCH: 28, Dice: 0.40919117331504823
Epoch: 29/199
Epoch: 29, Step: 20, Loss: -143.29973220825195, Dice: 0.33218079805374146
Epoch: 29, Step: 40, Loss: -133.93756828308105, Dice: 0.3346208333969116
EPOCH: 29, Loss: -142.48637911478679
EPOCH: 29, Dice: 0.38190383538603784
Epoch: 30/199
Epoch: 30, Step: 20, Loss: -164.21215057373047, Dice: 0.23432384431362152
Epoch: 30, Step: 40, Loss: -128.25257205963135, Dice: 0.44891250133514404
EPOCH: 30, Loss: -142.10702730814617
EPOCH: 30, Dice: 0.38934290905793506
Epoch: 31/199
Epoch: 31, Step: 20, Loss: -152.04521312713624, Dice: 0.5101350545883179
Epoch: 31, Step: 40, Loss: -134.3695888519287, Dice: 0.2399812489748001
EPOCH: 31, Loss: -141.82337487538655
EPOCH: 31, Dice: 0.3977556886772315
Epoch: 32/199
Epoch: 32, Step: 20, Loss: -143.04422492980956, Dice: 0.3292004466056824
Epoch: 32, Step: 40, Loss: -124.56103134155273, Dice: 0.4391328990459442
EPOCH: 32, Loss: -140.36742242177328
EPOCH: 32, Dice: 0.42911949182550113
Epoch: 33/199
Epoch: 33, Step: 20, Loss: -136.14895458221434, Dice: 0.5050755143165588
Epoch: 33, Step: 40, Loss: -136.74997100830078, Dice: 0.3451992869377136
EPOCH: 33, Loss: -140.679181543986
EPOCH: 33, Dice: 0.4218962661921978
Epoch: 34/199
Epoch: 34, Step: 20, Loss: -154.45340328216554, Dice: 0.40135812759399414
Epoch: 34, Step: 40, Loss: -136.69880638122558, Dice: 0.4624597430229187
EPOCH: 34, Loss: -142.6446704228719
EPOCH: 34, Dice: 0.3726142386595408
Epoch: 35/199
Epoch: 35, Step: 20, Loss: -142.87255821228027, Dice: 0.29347723722457886
Epoch: 35, Step: 40, Loss: -127.86175346374512, Dice: 0.44705283641815186
EPOCH: 35, Loss: -143.62865931193033
EPOCH: 35, Dice: 0.32082544192671775
Epoch: 36/199
Epoch: 36, Step: 20, Loss: -144.63255615234374, Dice: 0.24706965684890747
Epoch: 36, Step: 40, Loss: -136.94874572753906, Dice: 0.3980448842048645
EPOCH: 36, Loss: -143.65230344136555
EPOCH: 36, Dice: 0.31649192546804744
Epoch: 37/199
Epoch: 37, Step: 20, Loss: -142.04223403930663, Dice: 0.2832890748977661
Epoch: 37, Step: 40, Loss: -136.14206924438477, Dice: 0.1989404261112213
EPOCH: 37, Loss: -143.51414680480957
EPOCH: 37, Dice: 0.3436589459578196
Epoch: 38/199
Epoch: 38, Step: 20, Loss: -143.76896648406984, Dice: 0.16241538524627686
Epoch: 38, Step: 40, Loss: -137.6785493850708, Dice: 0.4117570221424103
EPOCH: 38, Loss: -142.19228947957356
EPOCH: 38, Dice: 0.3940672258536021
Epoch: 39/199
Epoch: 39, Step: 20, Loss: -130.75244483947753, Dice: 0.364928662776947
Epoch: 39, Step: 40, Loss: -134.81472148895264, Dice: 0.5531303286552429
EPOCH: 39, Loss: -139.50966714223225
EPOCH: 39, Dice: 0.44347339222828547
Epoch: 40/199
Epoch: 40, Step: 20, Loss: -138.87293586730956, Dice: 0.6548326015472412
Epoch: 40, Step: 40, Loss: -136.38502979278564, Dice: 0.3244667053222656
EPOCH: 40, Loss: -139.04405676523845
EPOCH: 40, Dice: 0.4490897834300995
Epoch: 41/199
Epoch: 41, Step: 20, Loss: -141.83343315124512, Dice: 0.4886292815208435
Epoch: 41, Step: 40, Loss: -142.51356620788573, Dice: 0.30042582750320435
EPOCH: 41, Loss: -139.4782413482666
EPOCH: 41, Dice: 0.4456225161751111
Epoch: 42/199
Epoch: 42, Step: 20, Loss: -144.1767490386963, Dice: 0.44770699739456177
Epoch: 42, Step: 40, Loss: -135.16814002990722, Dice: 0.3015592098236084
EPOCH: 42, Loss: -138.89522978464763
EPOCH: 42, Dice: 0.4507465253273646
Epoch: 43/199
Epoch: 43, Step: 20, Loss: -139.87335166931152, Dice: 0.555724561214447
Epoch: 43, Step: 40, Loss: -132.64791603088378, Dice: 0.3712354600429535
EPOCH: 43, Loss: -139.63247032165526
EPOCH: 43, Dice: 0.4418419525027275
Epoch: 44/199
Epoch: 44, Step: 20, Loss: -145.03745803833007, Dice: 0.45481929183006287
Epoch: 44, Step: 40, Loss: -125.25680770874024, Dice: 0.24371415376663208
EPOCH: 44, Loss: -140.1697204589844
EPOCH: 44, Dice: 0.4229702457785606
Epoch: 45/199
Epoch: 45, Step: 20, Loss: -144.56592121124268, Dice: 0.30610471963882446
Epoch: 45, Step: 40, Loss: -130.077880859375, Dice: 0.5143055319786072
EPOCH: 45, Loss: -141.32592474619548
EPOCH: 45, Dice: 0.41676376909017565
Epoch: 46/199
Epoch: 46, Step: 20, Loss: -154.39351005554198, Dice: 0.279145747423172
Epoch: 46, Step: 40, Loss: -117.04398078918457, Dice: 0.4536806046962738
EPOCH: 46, Loss: -141.9448797225952
EPOCH: 46, Dice: 0.41248981431126597
Epoch: 47/199
Epoch: 47, Step: 20, Loss: -158.85026664733886, Dice: 0.29354745149612427
Epoch: 47, Step: 40, Loss: -129.14057884216308, Dice: 0.45888185501098633
EPOCH: 47, Loss: -141.69709955851238
EPOCH: 47, Dice: 0.4249809369444847
Epoch: 48/199
Epoch: 48, Step: 20, Loss: -139.75850982666014, Dice: 0.541575014591217
Epoch: 48, Step: 40, Loss: -129.3953544616699, Dice: 0.4966466724872589
EPOCH: 48, Loss: -140.9785582224528
EPOCH: 48, Dice: 0.4452424615621567
Epoch: 49/199
Epoch: 49, Step: 20, Loss: -157.69780426025392, Dice: 0.5372622013092041
Epoch: 49, Step: 40, Loss: -111.38345947265626, Dice: 0.389654278755188
EPOCH: 49, Loss: -141.99065526326498
EPOCH: 49, Dice: 0.43079326053460437
Epoch: 50/199
Epoch: 50, Step: 20, Loss: -132.46301136016845, Dice: 0.3880348801612854
Epoch: 50, Step: 40, Loss: -137.27773094177246, Dice: 0.6342035531997681
EPOCH: 50, Loss: -143.033101717631
EPOCH: 50, Dice: 0.4099259617427985
Epoch: 51/199
Epoch: 51, Step: 20, Loss: -137.16256713867188, Dice: 0.4382129907608032
Epoch: 51, Step: 40, Loss: -126.49310417175293, Dice: 0.4188466966152191
EPOCH: 51, Loss: -143.02260754903156
EPOCH: 51, Dice: 0.4034085397919019
Epoch: 52/199
Epoch: 52, Step: 20, Loss: -150.11245422363282, Dice: 0.38142237067222595
Epoch: 52, Step: 40, Loss: -130.5382230758667, Dice: 0.3565222918987274
EPOCH: 52, Loss: -142.64174041748046
EPOCH: 52, Dice: 0.4030353893836339
Epoch: 53/199
Epoch: 53, Step: 20, Loss: -156.57994651794434, Dice: 0.427472323179245
Epoch: 53, Step: 40, Loss: -121.02069778442383, Dice: 0.33163419365882874
EPOCH: 53, Loss: -142.456290435791
EPOCH: 53, Dice: 0.40924007395903267
Epoch: 54/199
Epoch: 54, Step: 20, Loss: -150.97499656677246, Dice: 0.4363592565059662
Epoch: 54, Step: 40, Loss: -125.01790390014648, Dice: 0.5416789054870605
EPOCH: 54, Loss: -142.67263094584146
EPOCH: 54, Dice: 0.40910011529922485
Epoch: 55/199
Epoch: 55, Step: 20, Loss: -149.5123836517334, Dice: 0.39177900552749634
Epoch: 55, Step: 40, Loss: -123.3884958267212, Dice: 0.5181915760040283
EPOCH: 55, Loss: -143.00229434967042
EPOCH: 55, Dice: 0.3965638774136702
Epoch: 56/199
Epoch: 56, Step: 20, Loss: -151.87907943725585, Dice: 0.25547996163368225
Epoch: 56, Step: 40, Loss: -139.64928131103517, Dice: 0.3867361545562744
EPOCH: 56, Loss: -142.51068725585938
EPOCH: 56, Dice: 0.4136903921763102
Epoch: 57/199
Epoch: 57, Step: 20, Loss: -146.64960441589355, Dice: 0.4524878263473511
Epoch: 57, Step: 40, Loss: -126.71224327087403, Dice: 0.29946115612983704
EPOCH: 57, Loss: -135.42413266499838
EPOCH: 57, Dice: 0.47024019112189613
Epoch: 58/199
Epoch: 58, Step: 20, Loss: -141.06173515319824, Dice: 0.3921230137348175
Epoch: 58, Step: 40, Loss: -116.45978355407715, Dice: 0.42683252692222595
EPOCH: 58, Loss: -127.25608380635579
EPOCH: 58, Dice: 0.5280306552847226
Epoch: 59/199
Epoch: 59, Step: 20, Loss: -122.03854713439941, Dice: 0.4247989356517792
Epoch: 59, Step: 40, Loss: -119.9742618560791, Dice: 0.5819829702377319
EPOCH: 59, Loss: -132.70429051717122
EPOCH: 59, Dice: 0.5232331936558088
Epoch: 60/199
Epoch: 60, Step: 20, Loss: -133.46553840637208, Dice: 0.42471635341644287
Epoch: 60, Step: 40, Loss: -136.14007301330565, Dice: 0.400312215089798
EPOCH: 60, Loss: -136.35386810302734
EPOCH: 60, Dice: 0.4865154579281807
Epoch: 61/199
Epoch: 61, Step: 20, Loss: -142.32179985046386, Dice: 0.299579381942749
Epoch: 61, Step: 40, Loss: -119.40859031677246, Dice: 0.46604153513908386
EPOCH: 61, Loss: -138.2619213104248
EPOCH: 61, Dice: 0.4775751531124115
Epoch: 62/199
Epoch: 62, Step: 20, Loss: -137.92293701171874, Dice: 0.4333408772945404
Epoch: 62, Step: 40, Loss: -121.64211730957031, Dice: 0.42133212089538574
EPOCH: 62, Loss: -137.92711702982584
EPOCH: 62, Dice: 0.4853682741522789
Epoch: 63/199
Epoch: 63, Step: 20, Loss: -134.0903705596924, Dice: 0.557578444480896
Epoch: 63, Step: 40, Loss: -137.36645603179932, Dice: 0.4883338510990143
EPOCH: 63, Loss: -138.19735329945883
EPOCH: 63, Dice: 0.4868393381436666
Epoch: 64/199
Epoch: 64, Step: 20, Loss: -130.4409381866455, Dice: 0.57679682970047
Epoch: 64, Step: 40, Loss: -131.12497253417968, Dice: 0.395786315202713
EPOCH: 64, Loss: -140.16098810831707
EPOCH: 64, Dice: 0.4589868798851967
Epoch: 65/199
Epoch: 65, Step: 20, Loss: -134.05186882019044, Dice: 0.37455669045448303
Epoch: 65, Step: 40, Loss: -143.14471549987792, Dice: 0.2589847445487976
EPOCH: 65, Loss: -142.02070185343425
EPOCH: 65, Dice: 0.4319916680455208
Epoch: 66/199
Epoch: 66, Step: 20, Loss: -138.78591346740723, Dice: 0.467006653547287
Epoch: 66, Step: 40, Loss: -143.3233959197998, Dice: 0.26923003792762756
EPOCH: 66, Loss: -142.05940265655516
EPOCH: 66, Dice: 0.4289393809934457
Epoch: 67/199
Epoch: 67, Step: 20, Loss: -158.28257484436034, Dice: 0.6361021995544434
Epoch: 67, Step: 40, Loss: -129.66315383911132, Dice: 0.42128077149391174
EPOCH: 67, Loss: -142.07487519582114
EPOCH: 67, Dice: 0.4266277767717838
Epoch: 68/199
Epoch: 68, Step: 20, Loss: -139.77453536987304, Dice: 0.3187657594680786
Epoch: 68, Step: 40, Loss: -140.33017654418944, Dice: 0.5074571967124939
EPOCH: 68, Loss: -142.45261777242024
EPOCH: 68, Dice: 0.42687686209877335
Epoch: 69/199
Epoch: 69, Step: 20, Loss: -141.16506156921386, Dice: 0.5975265502929688
Epoch: 69, Step: 40, Loss: -134.15282192230225, Dice: 0.5672496557235718
EPOCH: 69, Loss: -142.63999512990316
EPOCH: 69, Dice: 0.41406098579367
Epoch: 70/199
Epoch: 70, Step: 20, Loss: -138.79668655395508, Dice: 0.40164715051651
Epoch: 70, Step: 40, Loss: -126.88016510009766, Dice: 0.3986888527870178
EPOCH: 70, Loss: -143.05837427775066
EPOCH: 70, Dice: 0.39335198725263276
Epoch: 71/199
Epoch: 71, Step: 20, Loss: -148.31981964111327, Dice: 0.1706356406211853
Epoch: 71, Step: 40, Loss: -148.02029762268066, Dice: 0.201771080493927
EPOCH: 71, Loss: -143.11339906056722
EPOCH: 71, Dice: 0.3815143403907617
Epoch: 72/199
Epoch: 72, Step: 20, Loss: -142.40945625305176, Dice: 0.24728676676750183
Epoch: 72, Step: 40, Loss: -125.96377105712891, Dice: 0.39608442783355713
EPOCH: 72, Loss: -142.01391474405924
EPOCH: 72, Dice: 0.40701432625452677
Epoch: 73/199
Epoch: 73, Step: 20, Loss: -144.520210647583, Dice: 0.30633270740509033
Epoch: 73, Step: 40, Loss: -135.95200691223144, Dice: 0.48178690671920776
EPOCH: 73, Loss: -140.25562928517658
EPOCH: 73, Dice: 0.43537194629510245
Epoch: 74/199
Epoch: 74, Step: 20, Loss: -149.00272598266602, Dice: 0.32923001050949097
Epoch: 74, Step: 40, Loss: -123.48394718170167, Dice: 0.6340508460998535
EPOCH: 74, Loss: -140.36721541086834
EPOCH: 74, Dice: 0.4498324935634931
Epoch: 75/199
Epoch: 75, Step: 20, Loss: -148.68279571533202, Dice: 0.5341105461120605
Epoch: 75, Step: 40, Loss: -132.67393894195556, Dice: 0.33622515201568604
EPOCH: 75, Loss: -140.84568843841552
EPOCH: 75, Dice: 0.4323323629796505
Epoch: 76/199
Epoch: 76, Step: 20, Loss: -153.09168395996093, Dice: 0.43688493967056274
Epoch: 76, Step: 40, Loss: -127.21142845153808, Dice: 0.4109402298927307
EPOCH: 76, Loss: -142.18596827189128
EPOCH: 76, Dice: 0.42189273685216905
Epoch: 77/199
Epoch: 77, Step: 20, Loss: -148.4043239593506, Dice: 0.38970592617988586
Epoch: 77, Step: 40, Loss: -127.21267662048339, Dice: 0.32585036754608154
EPOCH: 77, Loss: -142.38698031107586
EPOCH: 77, Dice: 0.41465419754385946
Epoch: 78/199
Epoch: 78, Step: 20, Loss: -138.05978527069092, Dice: 0.42222124338150024
Epoch: 78, Step: 40, Loss: -130.13531341552735, Dice: 0.2578252851963043
EPOCH: 78, Loss: -141.82110080718994
EPOCH: 78, Dice: 0.42451405972242356
Epoch: 79/199
Epoch: 79, Step: 20, Loss: -135.46630516052247, Dice: 0.33964595198631287
Epoch: 79, Step: 40, Loss: -146.07723007202148, Dice: 0.360164999961853
EPOCH: 79, Loss: -141.35335528055828
EPOCH: 79, Dice: 0.4403947159647942
Epoch: 80/199
Epoch: 80, Step: 20, Loss: -153.35617752075194, Dice: 0.2993702292442322
Epoch: 80, Step: 40, Loss: -130.326749420166, Dice: 0.5275936126708984
EPOCH: 80, Loss: -140.56458524068196
EPOCH: 80, Dice: 0.4587376246849696
Epoch: 81/199
Epoch: 81, Step: 20, Loss: -133.6870937347412, Dice: 0.6740137338638306
Epoch: 81, Step: 40, Loss: -136.27841873168944, Dice: 0.39095306396484375
EPOCH: 81, Loss: -140.58336817423503
EPOCH: 81, Dice: 0.46128304302692413
Epoch: 82/199
Epoch: 82, Step: 20, Loss: -150.5689826965332, Dice: 0.5487837791442871
Epoch: 82, Step: 40, Loss: -131.98367977142334, Dice: 0.4740537405014038
EPOCH: 82, Loss: -141.65715134938557
EPOCH: 82, Dice: 0.4449724634488424
Epoch: 83/199
Epoch: 83, Step: 20, Loss: -149.50654735565186, Dice: 0.43379080295562744
Epoch: 83, Step: 40, Loss: -126.91202239990234, Dice: 0.3533960282802582
EPOCH: 83, Loss: -142.50079873402913
EPOCH: 83, Dice: 0.42999652624130247
Epoch: 84/199
Epoch: 84, Step: 20, Loss: -127.47754592895508, Dice: 0.45262861251831055
Epoch: 84, Step: 40, Loss: -132.59404373168945, Dice: 0.5245620012283325
EPOCH: 84, Loss: -142.23811416625978
EPOCH: 84, Dice: 0.4305177827676137
Epoch: 85/199
Epoch: 85, Step: 20, Loss: -144.78330764770507, Dice: 0.5967062711715698
Epoch: 85, Step: 40, Loss: -127.30072059631348, Dice: 0.4643350839614868
EPOCH: 85, Loss: -142.85593223571777
EPOCH: 85, Dice: 0.418898519128561
Epoch: 86/199
Epoch: 86, Step: 20, Loss: -136.7581081390381, Dice: 0.4651801586151123
Epoch: 86, Step: 40, Loss: -129.9149875640869, Dice: 0.6750082969665527
EPOCH: 86, Loss: -143.2495802561442
EPOCH: 86, Dice: 0.4106747808555762
Epoch: 87/199
Epoch: 87, Step: 20, Loss: -133.500679397583, Dice: 0.6125563383102417
Epoch: 87, Step: 40, Loss: -155.39639282226562, Dice: 0.29489022493362427
EPOCH: 87, Loss: -143.69414488474527
EPOCH: 87, Dice: 0.3899533927440643
Epoch: 88/199
Epoch: 88, Step: 20, Loss: -142.25770568847656, Dice: 0.6157770156860352
Epoch: 88, Step: 40, Loss: -130.0057273864746, Dice: 0.43839603662490845
EPOCH: 88, Loss: -143.97613677978515
EPOCH: 88, Dice: 0.3552940018475056
Epoch: 89/199
Epoch: 89, Step: 20, Loss: -153.63464965820313, Dice: 0.25965893268585205
Epoch: 89, Step: 40, Loss: -143.61685218811036, Dice: 0.29535818099975586
EPOCH: 89, Loss: -143.9160514831543
EPOCH: 89, Dice: 0.32028681337833403
Epoch: 90/199
Epoch: 90, Step: 20, Loss: -153.82969665527344, Dice: 0.32431963086128235
Epoch: 90, Step: 40, Loss: -126.57489013671875, Dice: 0.1413847804069519
EPOCH: 90, Loss: -143.97074693044027
EPOCH: 90, Dice: 0.3279739943643411
Epoch: 91/199
Epoch: 91, Step: 20, Loss: -146.88906631469726, Dice: 0.34096232056617737
Epoch: 91, Step: 40, Loss: -138.12144660949707, Dice: 0.3768494725227356
EPOCH: 91, Loss: -144.0014212290446
EPOCH: 91, Dice: 0.36334924027323723
Epoch: 92/199
Epoch: 92, Step: 20, Loss: -155.33410987854003, Dice: 0.3040151596069336
Epoch: 92, Step: 40, Loss: -138.27780456542968, Dice: 0.34441953897476196
EPOCH: 92, Loss: -143.57746200561525
EPOCH: 92, Dice: 0.4095819115638733
Epoch: 93/199
Epoch: 93, Step: 20, Loss: -147.47313766479493, Dice: 0.32949507236480713
Epoch: 93, Step: 40, Loss: -141.47066192626954, Dice: 0.4746817350387573
EPOCH: 93, Loss: -142.28319778442383
EPOCH: 93, Dice: 0.44756023983160653
Epoch: 94/199
Epoch: 94, Step: 20, Loss: -153.03028030395507, Dice: 0.5261721611022949
Epoch: 94, Step: 40, Loss: -130.92348976135253, Dice: 0.3824312686920166
EPOCH: 94, Loss: -141.0655532836914
EPOCH: 94, Dice: 0.46547330444057783
Epoch: 95/199
Epoch: 95, Step: 20, Loss: -150.5644214630127, Dice: 0.4051327109336853
Epoch: 95, Step: 40, Loss: -136.92242927551268, Dice: 0.4686095714569092
EPOCH: 95, Loss: -140.59427223205566
EPOCH: 95, Dice: 0.4724319820602735
Epoch: 96/199
Epoch: 96, Step: 20, Loss: -146.20299377441407, Dice: 0.37134718894958496
Epoch: 96, Step: 40, Loss: -129.30452499389648, Dice: 0.42357444763183594
EPOCH: 96, Loss: -139.44594561258953
EPOCH: 96, Dice: 0.4916106214125951
Epoch: 97/199
Epoch: 97, Step: 20, Loss: -143.5171646118164, Dice: 0.4864081144332886
Epoch: 97, Step: 40, Loss: -129.9822525024414, Dice: 0.4357587397098541
EPOCH: 97, Loss: -138.78106422424315
EPOCH: 97, Dice: 0.4995412826538086
Epoch: 98/199
Epoch: 98, Step: 20, Loss: -122.92939720153808, Dice: 0.5883932113647461
Epoch: 98, Step: 40, Loss: -150.13272361755372, Dice: 0.37882012128829956
EPOCH: 98, Loss: -138.34689559936524
EPOCH: 98, Dice: 0.516322345038255
Epoch: 99/199
Epoch: 99, Step: 20, Loss: -131.6492126464844, Dice: 0.7220226526260376
Epoch: 99, Step: 40, Loss: -136.8487117767334, Dice: 0.44445735216140747
EPOCH: 99, Loss: -138.74646682739257
EPOCH: 99, Dice: 0.5105730757117272
Epoch: 100/199
Epoch: 100, Step: 20, Loss: -151.66896705627443, Dice: 0.530164361000061
Epoch: 100, Step: 40, Loss: -138.78027534484863, Dice: 0.49056172370910645
EPOCH: 100, Loss: -140.1076237996419
EPOCH: 100, Dice: 0.48550824349125227
Epoch: 101/199
