[DEBUG] train_dataset length = 120
Loaded checkpoint from /dss/dsshome1/0D/ru47tac2/projects/segrap2025/results/segrap_ft_resume/sam_model_latest.pth (epoch 58)
Epoch: 58/119
Epoch: 58, Step: 20, Loss: -21100.00634765625, Dice: 0.10354584455490112
Epoch: 58, Step: 40, Loss: -22253.387841796874, Dice: 0.07905217260122299
Epoch: 58, Step: 60, Loss: -20957.72666015625, Dice: 0.0368260033428669
Epoch: 58, Step: 80, Loss: -16763.057495117188, Dice: 0.08008817583322525
Epoch: 58, Step: 100, Loss: -22376.03203125, Dice: 0.06066008657217026
Epoch 58 – LR: 6.55e-04
EPOCH: 58, Loss: -21441.765393066406
EPOCH: 58, Dice: 0.12571340212598442
Epoch: 59/119
Epoch: 59, Step: 20, Loss: -23709.47080078125, Dice: 0.07339176535606384
Epoch: 59, Step: 40, Loss: -16208.448413085938, Dice: 0.13541662693023682
Epoch: 59, Step: 60, Loss: -21582.134521484375, Dice: 0.11648312956094742
Epoch: 59, Step: 80, Loss: -17649.726708984374, Dice: 0.1086418405175209
Epoch: 59, Step: 100, Loss: -24453.935107421876, Dice: 0.22470566630363464
Epoch 59 – LR: 6.35e-04
EPOCH: 59, Loss: -21378.328487141927
EPOCH: 59, Dice: 0.12528798362861077
Epoch: 60/119
Epoch: 60, Step: 20, Loss: -22985.34245605469, Dice: 0.14569367468357086
Epoch: 60, Step: 40, Loss: -21475.657763671876, Dice: 0.06349402666091919
Epoch: 60, Step: 60, Loss: -18925.729272460936, Dice: 0.07577037066221237
Epoch: 60, Step: 80, Loss: -14584.610327148437, Dice: 0.3022002875804901
Epoch: 60, Step: 100, Loss: -20346.450830078124, Dice: 0.09893011301755905
Epoch 60 – LR: 6.15e-04
EPOCH: 60, Loss: -21528.089233398438
EPOCH: 60, Dice: 0.1255573060673972
Epoch: 61/119
