Loaded checkpoint from ckpt/sam_med3d_turbo.pth (epoch 0)
Epoch: 0/199
Epoch: 0, Step: 20, Loss: -6.593993815779686, Dice: 0.2988126575946808
Epoch: 0, Step: 40, Loss: -7.766077256202697, Dice: 0.23533016443252563
EPOCH: 0, Loss: -10.366220236817997
EPOCH: 0, Dice: 0.24556060669322807
Epoch: 1/199
Epoch: 1, Step: 20, Loss: -16.030181419849395, Dice: 0.33845603466033936
Epoch: 1, Step: 40, Loss: -6.2814882636070255, Dice: 0.17821434140205383
EPOCH: 1, Loss: -12.416234445571899
EPOCH: 1, Dice: 0.2645309700320164
Epoch: 2/199
Epoch: 2, Step: 20, Loss: -6.226221776008606, Dice: 0.36893564462661743
Epoch: 2, Step: 40, Loss: -13.465901106595993, Dice: 0.3029569983482361
EPOCH: 2, Loss: -11.004062571128209
EPOCH: 2, Dice: 0.2520666887362798
Epoch: 3/199
Epoch: 3, Step: 20, Loss: -16.630486595630646, Dice: 0.3148138225078583
Epoch: 3, Step: 40, Loss: -8.419964599609376, Dice: 0.2720591425895691
EPOCH: 3, Loss: -47.50215584834417
EPOCH: 3, Dice: 0.2341238185763359
Epoch: 4/199
Epoch: 4, Step: 20, Loss: -127.75145454406739, Dice: 0.28429192304611206
Epoch: 4, Step: 40, Loss: -124.13755378723144, Dice: 0.07501759380102158
EPOCH: 4, Loss: -138.3918051401774
EPOCH: 4, Dice: 0.1488800797611475
Epoch: 5/199
Epoch: 5, Step: 20, Loss: -142.42747230529784, Dice: 0.08765558898448944
Epoch: 5, Step: 40, Loss: -134.31903228759765, Dice: 0.14757047593593597
EPOCH: 5, Loss: -141.87469088236492
EPOCH: 5, Dice: 0.17701403846343358
Epoch: 6/199
Epoch: 6, Step: 20, Loss: -144.11861686706544, Dice: 0.1740642935037613
Epoch: 6, Step: 40, Loss: -119.95814361572266, Dice: 0.2695879340171814
EPOCH: 6, Loss: -142.25538635253906
EPOCH: 6, Dice: 0.22046424051125843
Epoch: 7/199
Epoch: 7, Step: 20, Loss: -139.91497478485107, Dice: 0.24866777658462524
Epoch: 7, Step: 40, Loss: -122.19412174224854, Dice: 0.38476458191871643
EPOCH: 7, Loss: -142.36566670735678
EPOCH: 7, Dice: 0.25392377053697907
Epoch: 8/199
Epoch: 8, Step: 20, Loss: -157.11204109191894, Dice: 0.2696540355682373
Epoch: 8, Step: 40, Loss: -132.08225917816162, Dice: 0.2271471619606018
EPOCH: 8, Loss: -142.98828411102295
EPOCH: 8, Dice: 0.2505597819884618
Epoch: 9/199
Epoch: 9, Step: 20, Loss: -140.39277839660645, Dice: 0.14388953149318695
Epoch: 9, Step: 40, Loss: -130.2171630859375, Dice: 0.37782102823257446
EPOCH: 9, Loss: -143.05274403889973
EPOCH: 9, Dice: 0.2471622238556544
Epoch: 10/199
Epoch: 10, Step: 20, Loss: -143.01245937347412, Dice: 0.21331334114074707
Epoch: 10, Step: 40, Loss: -128.4502902984619, Dice: 0.2519317865371704
EPOCH: 10, Loss: -143.1141814549764
EPOCH: 10, Dice: 0.2528258923441172
Epoch: 11/199
Epoch: 11, Step: 20, Loss: -140.42191886901855, Dice: 0.2500806748867035
Epoch: 11, Step: 40, Loss: -122.71650218963623, Dice: 0.19044893980026245
EPOCH: 11, Loss: -143.18348013559978
EPOCH: 11, Dice: 0.2674691834797462
Epoch: 12/199
Epoch: 12, Step: 20, Loss: -128.41218662261963, Dice: 0.380119651556015
Epoch: 12, Step: 40, Loss: -153.7221950531006, Dice: 0.3160044550895691
EPOCH: 12, Loss: -143.39642950693766
EPOCH: 12, Dice: 0.28531949321428934
Epoch: 13/199
