[DEBUG] train_dataset length = 120
Loaded checkpoint from /dss/dsshome1/0D/ru47tac2/projects/segrap2025/results/segrap_ft_resume/sam_model_latest.pth (epoch 12)
Epoch: 12/119
Epoch: 12, Step: 20, Loss: -33.29925699234009, Dice: 0.07976764440536499
Epoch: 12, Step: 40, Loss: -37.877767419815065, Dice: 0.06113768741488457
Epoch: 12, Step: 60, Loss: -37.91405191421509, Dice: 0.026814373210072517
Epoch: 12, Step: 80, Loss: -29.26179704666138, Dice: 0.06035134941339493
Epoch: 12, Step: 100, Loss: -43.555727982521056, Dice: 0.045131172984838486
EPOCH: 12, Loss: -38.74114462534587
EPOCH: 12, Dice: 0.09583846006232004
Epoch: 13/119
Epoch: 13, Step: 20, Loss: -48.86293501853943, Dice: 0.05353730171918869
Epoch: 13, Step: 40, Loss: -33.980620813369754, Dice: 0.10504020750522614
Epoch: 13, Step: 60, Loss: -50.34727907180786, Dice: 0.08779982477426529
Epoch: 13, Step: 80, Loss: -42.469064235687256, Dice: 0.08477695286273956
Epoch: 13, Step: 100, Loss: -65.0186725616455, Dice: 0.17687547206878662
EPOCH: 13, Loss: -51.100228754679364
EPOCH: 13, Dice: 0.09543394721113145
Epoch: 14/119
Epoch: 14, Step: 20, Loss: -64.16626524925232, Dice: 0.11123454570770264
Epoch: 14, Step: 40, Loss: -63.79503455162048, Dice: 0.04692079499363899
Epoch: 14, Step: 60, Loss: -58.529264307022096, Dice: 0.05746504291892052
Epoch: 14, Step: 80, Loss: -45.89900588989258, Dice: 0.23478369414806366
Epoch: 14, Step: 100, Loss: -71.58442859649658, Dice: 0.07317012548446655
EPOCH: 14, Loss: -69.66716333230336
EPOCH: 14, Dice: 0.09587661285574238
Epoch: 15/119
Epoch: 15, Step: 20, Loss: -73.54404850006104, Dice: 0.04556567966938019
Epoch: 15, Step: 40, Loss: -68.4057424545288, Dice: 0.07112409919500351
Epoch: 15, Step: 60, Loss: -94.72627487182618, Dice: 0.06389513611793518
Epoch: 15, Step: 80, Loss: -91.51654472351075, Dice: 0.1666344702243805
Epoch: 15, Step: 100, Loss: -86.94930729866027, Dice: 0.10000135749578476
EPOCH: 15, Loss: -93.31317848364512
EPOCH: 15, Dice: 0.09693637350574136
Epoch: 16/119
Epoch: 16, Step: 20, Loss: -109.32189464569092, Dice: 0.07917581498622894
Epoch: 16, Step: 40, Loss: -107.13293514251708, Dice: 0.06219380348920822
Epoch: 16, Step: 60, Loss: -126.49352045059204, Dice: 0.14857390522956848
Epoch: 16, Step: 80, Loss: -104.24174871444703, Dice: 0.044556088745594025
Epoch: 16, Step: 100, Loss: -114.8555404663086, Dice: 0.12211375683546066
EPOCH: 16, Loss: -117.75670116742452
EPOCH: 16, Dice: 0.0967727224342525
Epoch: 17/119
Epoch: 17, Step: 20, Loss: -138.16900463104247, Dice: 0.2015051543712616
Epoch: 17, Step: 40, Loss: -121.84373950958252, Dice: 0.11514541506767273
Epoch: 17, Step: 60, Loss: -153.09749822616578, Dice: 0.04633564502000809
Epoch: 17, Step: 80, Loss: -177.0692989349365, Dice: 0.04800822585821152
Epoch: 17, Step: 100, Loss: -155.03768901824952, Dice: 0.07267138361930847
EPOCH: 17, Loss: -155.66546514829
EPOCH: 17, Dice: 0.09682833232606451
Epoch: 18/119
Epoch: 18, Step: 20, Loss: -206.66885070800782, Dice: 0.09798584878444672
Epoch: 18, Step: 40, Loss: -190.6160758972168, Dice: 0.12043112516403198
Epoch: 18, Step: 60, Loss: -198.80312576293946, Dice: 0.07036023586988449
Epoch: 18, Step: 80, Loss: -192.96986713409424, Dice: 0.07111107558012009
Epoch: 18, Step: 100, Loss: -244.75121421813964, Dice: 0.0376460924744606
EPOCH: 18, Loss: -204.3642229715983
EPOCH: 18, Dice: 0.09739688259238997
Epoch: 19/119
Epoch: 19, Step: 20, Loss: -287.0188991546631, Dice: 0.07703550904989243
Epoch: 19, Step: 40, Loss: -208.28564395904542, Dice: 0.08688820153474808
Epoch: 19, Step: 60, Loss: -255.70364379882812, Dice: 0.06066650524735451
Epoch: 19, Step: 80, Loss: -226.11636638641357, Dice: 0.054664090275764465
Epoch: 19, Step: 100, Loss: -221.06559257507325, Dice: 0.20303499698638916
EPOCH: 19, Loss: -256.9163602828979
EPOCH: 19, Dice: 0.10242148296286663
Epoch: 20/119
Epoch: 20, Step: 20, Loss: -350.8958797454834, Dice: 0.13933619856834412
Epoch: 20, Step: 40, Loss: -328.67094802856445, Dice: 0.1703224927186966
Epoch: 20, Step: 60, Loss: -265.55750579833983, Dice: 0.05269655957818031
Epoch: 20, Step: 80, Loss: -278.50300178527834, Dice: 0.23976248502731323
Epoch: 20, Step: 100, Loss: -322.0129579544067, Dice: 0.04335872456431389
EPOCH: 20, Loss: -324.41760676701864
EPOCH: 20, Dice: 0.10649566721792023
Epoch: 21/119
Epoch: 21, Step: 20, Loss: -400.914168548584, Dice: 0.13205116987228394
Epoch: 21, Step: 40, Loss: -284.43421363830566, Dice: 0.20475465059280396
Epoch: 21, Step: 60, Loss: -396.98874168396, Dice: 0.088898666203022
Epoch: 21, Step: 80, Loss: -402.01022720336914, Dice: 0.08767591416835785
Epoch: 21, Step: 100, Loss: -483.4802810668945, Dice: 0.13243325054645538
EPOCH: 21, Loss: -420.4298796971639
EPOCH: 21, Dice: 0.1195922569061319
Epoch: 22/119
Epoch: 22, Step: 20, Loss: -426.6960563659668, Dice: 0.16027367115020752
Epoch: 22, Step: 40, Loss: -552.7129638671875, Dice: 0.25003406405448914
Epoch: 22, Step: 60, Loss: -475.0421745300293, Dice: 0.2286500632762909
Epoch: 22, Step: 80, Loss: -551.8903823852539, Dice: 0.09408138692378998
Epoch: 22, Step: 100, Loss: -436.67239570617676, Dice: 0.1961723119020462
EPOCH: 22, Loss: -532.6075554529826
EPOCH: 22, Dice: 0.11228925421213111
Epoch: 23/119
Epoch: 23, Step: 20, Loss: -592.6872200012207, Dice: 0.07587207108736038
Epoch: 23, Step: 40, Loss: -617.3777797698974, Dice: 0.18982256948947906
Epoch: 23, Step: 60, Loss: -510.2314163208008, Dice: 0.07506836205720901
Epoch: 23, Step: 80, Loss: -619.9979431152344, Dice: 0.15998679399490356
Epoch: 23, Step: 100, Loss: -590.3491348266601, Dice: 0.09773842990398407
EPOCH: 23, Loss: -626.4571157455445
EPOCH: 23, Dice: 0.10709495975946387
Epoch: 24/119
Epoch: 24, Step: 20, Loss: -714.5654914855957, Dice: 0.2796820402145386
Epoch: 24, Step: 40, Loss: -633.5012992858886, Dice: 0.0964483842253685
Epoch: 24, Step: 60, Loss: -952.7983581542969, Dice: 0.134702667593956
Epoch: 24, Step: 80, Loss: -733.7168045043945, Dice: 0.18816913664340973
Epoch: 24, Step: 100, Loss: -721.4555419921875, Dice: 0.06528019160032272
EPOCH: 24, Loss: -785.9910158793132
EPOCH: 24, Dice: 0.12270120515798529
Epoch: 25/119
Epoch: 25, Step: 20, Loss: -740.7631385803222, Dice: 0.09050226211547852
Epoch: 25, Step: 40, Loss: -757.4860908508301, Dice: 0.15590223670005798
Epoch: 25, Step: 60, Loss: -915.3868270874024, Dice: 0.1744116246700287
Epoch: 25, Step: 80, Loss: -907.371240234375, Dice: 0.06510191410779953
Epoch: 25, Step: 100, Loss: -982.1130493164062, Dice: 0.1859920173883438
EPOCH: 25, Loss: -949.545795694987
EPOCH: 25, Dice: 0.12046104144925872
Epoch: 26/119
Epoch: 26, Step: 20, Loss: -1061.5934036254882, Dice: 0.13608615100383759
Epoch: 26, Step: 40, Loss: -892.1002563476562, Dice: 0.13652904331684113
Epoch: 26, Step: 60, Loss: -1157.173129272461, Dice: 0.05911203473806381
Epoch: 26, Step: 80, Loss: -828.7968185424804, Dice: 0.11343234032392502
Epoch: 26, Step: 100, Loss: -1228.5206756591797, Dice: 0.2462308704853058
EPOCH: 26, Loss: -1205.0613789876302
EPOCH: 26, Dice: 0.12499873929967482
Epoch: 27/119
Epoch: 27, Step: 20, Loss: -1231.3860366821289, Dice: 0.07786277681589127
Epoch: 27, Step: 40, Loss: -1285.2649559020997, Dice: 0.09260252863168716
Epoch: 27, Step: 60, Loss: -1186.7514205932616, Dice: 0.048698607832193375
Epoch: 27, Step: 80, Loss: -1426.3411422729491, Dice: 0.09327900409698486
Epoch: 27, Step: 100, Loss: -1745.7067291259766, Dice: 0.1789989322423935
EPOCH: 27, Loss: -1453.2843687693278
EPOCH: 27, Dice: 0.12631901695082584
Epoch: 28/119
Epoch: 28, Step: 20, Loss: -1569.2641372680664, Dice: 0.04995976760983467
Epoch: 28, Step: 40, Loss: -1806.3917846679688, Dice: 0.2729276418685913
Epoch: 28, Step: 60, Loss: -1646.9009582519532, Dice: 0.1937200278043747
Epoch: 28, Step: 80, Loss: -1580.5311279296875, Dice: 0.060476403683423996
Epoch: 28, Step: 100, Loss: -1376.6780326843261, Dice: 0.09627685695886612
EPOCH: 28, Loss: -1712.0517879486083
EPOCH: 28, Dice: 0.12142080656873683
Epoch: 29/119
Epoch: 29, Step: 20, Loss: -1813.2037109375, Dice: 0.17435745894908905
Epoch: 29, Step: 40, Loss: -2093.9269409179688, Dice: 0.14285698533058167
Epoch: 29, Step: 60, Loss: -1848.5403594970703, Dice: 0.12298393249511719
Epoch: 29, Step: 80, Loss: -1879.4238555908203, Dice: 0.17206501960754395
Epoch: 29, Step: 100, Loss: -2266.422198486328, Dice: 0.20999711751937866
EPOCH: 29, Loss: -2125.313343302409
EPOCH: 29, Dice: 0.12534657008945943
Epoch: 30/119
Epoch: 30, Step: 20, Loss: -2746.465087890625, Dice: 0.13497985899448395
Epoch: 30, Step: 40, Loss: -1815.3145324707032, Dice: 0.10337155312299728
Epoch: 30, Step: 60, Loss: -2058.4303131103516, Dice: 0.23832324147224426
Epoch: 30, Step: 80, Loss: -2193.9782897949217, Dice: 0.14225997030735016
Epoch: 30, Step: 100, Loss: -2312.728863525391, Dice: 0.07091652601957321
EPOCH: 30, Loss: -2549.129143778483
EPOCH: 30, Dice: 0.13326941995571057
Epoch: 31/119
Epoch: 31, Step: 20, Loss: -2761.6092636108397, Dice: 0.09659839421510696
Epoch: 31, Step: 40, Loss: -2540.98327331543, Dice: 0.09659585356712341
Epoch: 31, Step: 60, Loss: -2730.7277221679688, Dice: 0.10661115497350693
Epoch: 31, Step: 80, Loss: -2948.18798828125, Dice: 0.08755800873041153
Epoch: 31, Step: 100, Loss: -3054.3415466308593, Dice: 0.3056853413581848
EPOCH: 31, Loss: -2882.810816192627
EPOCH: 31, Dice: 0.12681106432961922
Epoch: 32/119
Epoch: 32, Step: 20, Loss: -2465.5372985839845, Dice: 0.15434809029102325
Epoch: 32, Step: 40, Loss: -3820.5407104492188, Dice: 0.09570345282554626
Epoch: 32, Step: 60, Loss: -3466.319445800781, Dice: 0.06001134589314461
Epoch: 32, Step: 80, Loss: -3129.3022857666015, Dice: 0.06995389610528946
Epoch: 32, Step: 100, Loss: -2859.013998413086, Dice: 0.07984194904565811
EPOCH: 32, Loss: -3343.1568842569986
EPOCH: 32, Dice: 0.12521830750629306
Epoch: 33/119
Epoch: 33, Step: 20, Loss: -4605.836688232422, Dice: 0.2721354365348816
Epoch: 33, Step: 40, Loss: -3391.2871704101562, Dice: 0.08420666307210922
Epoch: 33, Step: 60, Loss: -4261.26489868164, Dice: 0.16015347838401794
Epoch: 33, Step: 80, Loss: -3095.801416015625, Dice: 0.13241761922836304
Epoch: 33, Step: 100, Loss: -3361.861358642578, Dice: 0.0990757942199707
EPOCH: 33, Loss: -4002.7783060709635
EPOCH: 33, Dice: 0.12927879154061278
Epoch: 34/119
Epoch: 34, Step: 20, Loss: -4043.6769104003906, Dice: 0.07997389882802963
Epoch: 34, Step: 40, Loss: -4168.852966308594, Dice: 0.08033653348684311
Epoch: 34, Step: 60, Loss: -4307.657623291016, Dice: 0.10503470152616501
Epoch: 34, Step: 80, Loss: -4593.639685058593, Dice: 0.11566083878278732
Epoch: 34, Step: 100, Loss: -5509.947729492187, Dice: 0.1016336977481842
EPOCH: 34, Loss: -4746.155328369141
EPOCH: 34, Dice: 0.13616403841103117
Epoch: 35/119
Epoch: 35, Step: 20, Loss: -4110.828271484375, Dice: 0.1610274314880371
Epoch: 35, Step: 40, Loss: -6343.47421875, Dice: 0.07240618020296097
Epoch: 35, Step: 60, Loss: nan, Dice: 0.06235729530453682
Epoch: 35, Step: 80, Loss: -5404.340240478516, Dice: 0.08159968256950378
Epoch: 35, Step: 100, Loss: -3780.9612548828127, Dice: 0.15233610570430756
EPOCH: 35, Loss: nan
EPOCH: 35, Dice: 0.09917575400322676
Epoch: 36/119
Epoch: 36, Step: 20, Loss: -3859.127337646484, Dice: 0.1049853041768074
Epoch: 36, Step: 40, Loss: -5001.587658691406, Dice: 0.04261510446667671
Epoch: 36, Step: 60, Loss: -7528.104895019531, Dice: 0.12952163815498352
Epoch: 36, Step: 80, Loss: -6663.140509033203, Dice: 0.0671144500374794
Epoch: 36, Step: 100, Loss: -6999.724157714843, Dice: 0.15787111222743988
EPOCH: 36, Loss: -6064.217007446289
EPOCH: 36, Dice: 0.1103706434679528
Epoch: 37/119
Epoch: 37, Step: 20, Loss: -7889.632702636719, Dice: 0.12137873470783234
Epoch: 37, Step: 40, Loss: -6221.307373046875, Dice: 0.15306058526039124
Epoch: 37, Step: 60, Loss: -6144.754339599609, Dice: 0.2700304687023163
Epoch: 37, Step: 80, Loss: -6660.478515625, Dice: 0.07683756202459335
Epoch: 37, Step: 100, Loss: -6670.916882324219, Dice: 0.10033772885799408
EPOCH: 37, Loss: -7074.151817830404
EPOCH: 37, Dice: 0.1284983856913944
Epoch: 38/119
Epoch: 38, Step: 20, Loss: -6045.731048583984, Dice: 0.11503153294324875
Epoch: 38, Step: 40, Loss: -6561.555224609375, Dice: 0.1394352912902832
Epoch: 38, Step: 60, Loss: -7556.309912109375, Dice: 0.11190945655107498
Epoch: 38, Step: 80, Loss: -8531.18807373047, Dice: 0.1975841373205185
Epoch: 38, Step: 100, Loss: -7646.39052734375, Dice: 0.24421390891075134
EPOCH: 38, Loss: -8293.029503377278
EPOCH: 38, Dice: 0.13634767876937987
Epoch: 39/119
Epoch: 39, Step: 20, Loss: -10913.53270263672, Dice: 0.08019538223743439
Epoch: 39, Step: 40, Loss: -9862.016497802735, Dice: 0.038369070738554
Epoch: 39, Step: 60, Loss: -7377.102124023438, Dice: 0.12039446830749512
Epoch: 39, Step: 80, Loss: -9026.768188476562, Dice: 0.12939094007015228
Epoch: 39, Step: 100, Loss: -7339.363012695312, Dice: 0.13723090291023254
EPOCH: 39, Loss: -9251.33672281901
EPOCH: 39, Dice: 0.1267669526549677
Epoch: 40/119
Epoch: 40, Step: 20, Loss: -7930.687890625, Dice: 0.07295969873666763
Epoch: 40, Step: 40, Loss: -10006.43270263672, Dice: 0.13823069632053375
Epoch: 40, Step: 60, Loss: -12789.60087890625, Dice: 0.06796891987323761
Epoch: 40, Step: 80, Loss: -10230.953161621093, Dice: 0.06917234510183334
Epoch: 40, Step: 100, Loss: -8541.42666015625, Dice: 0.17397600412368774
EPOCH: 40, Loss: -10446.557338460287
EPOCH: 40, Dice: 0.12715301203231016
Epoch: 41/119
Epoch: 41, Step: 20, Loss: -12159.305590820313, Dice: 0.2438771277666092
Epoch: 41, Step: 40, Loss: -11206.439733886718, Dice: 0.27347686886787415
Epoch: 41, Step: 60, Loss: -9715.657580566407, Dice: 0.19964513182640076
Epoch: 41, Step: 80, Loss: -9169.473657226563, Dice: 0.03670859336853027
Epoch: 41, Step: 100, Loss: -10219.355810546875, Dice: 0.11071141809225082
EPOCH: 41, Loss: -11825.154837036132
EPOCH: 41, Dice: 0.13788853402559956
Epoch: 42/119
Epoch: 42, Step: 20, Loss: -16061.6505859375, Dice: 0.12144377827644348
Epoch: 42, Step: 40, Loss: -13068.162744140625, Dice: 0.13322938978672028
Epoch: 42, Step: 60, Loss: -8142.139929199218, Dice: 0.09148654341697693
Epoch: 42, Step: 80, Loss: -14437.910583496094, Dice: 0.11841285973787308
Epoch: 42, Step: 100, Loss: -12588.856811523438, Dice: 0.050379205495119095
EPOCH: 42, Loss: -13453.05176188151
EPOCH: 42, Dice: 0.1311951093065242
Epoch: 43/119
Epoch: 43, Step: 20, Loss: -14055.822802734376, Dice: 0.08585760742425919
Epoch: 43, Step: 40, Loss: -10665.776599121094, Dice: 0.052593380212783813
Epoch: 43, Step: 60, Loss: -12771.763391113282, Dice: 0.1481265127658844
Epoch: 43, Step: 80, Loss: -14385.083129882812, Dice: 0.07286671549081802
Epoch: 43, Step: 100, Loss: -19230.286730957032, Dice: 0.17256233096122742
EPOCH: 43, Loss: -14525.073341878255
EPOCH: 43, Dice: 0.13313199123367667
Epoch: 44/119
Epoch: 44, Step: 20, Loss: -16215.767407226562, Dice: 0.1588515043258667
Epoch: 44, Step: 40, Loss: -14340.494482421875, Dice: 0.12024309486150742
Epoch: 44, Step: 60, Loss: -13981.444580078125, Dice: 0.16030552983283997
Epoch: 44, Step: 80, Loss: -15320.718432617188, Dice: 0.10171880573034286
Epoch: 44, Step: 100, Loss: -19121.120166015626, Dice: 0.18585535883903503
EPOCH: 44, Loss: -17148.088267008465
EPOCH: 44, Dice: 0.13645365132639806
Epoch: 45/119
