/dss/dsshome1/0D/ru47tac2/miniconda3/envs/sammed3d/lib/python3.10/site-packages/torch/nn/init.py:511: UserWarning: Initializing zero-element tensors is a no-op
  warnings.warn("Initializing zero-element tensors is a no-op")
/dss/dsshome1/0D/ru47tac2/miniconda3/envs/sammed3d/lib/python3.10/site-packages/torch/nn/init.py:565: UserWarning: Initializing zero-element tensors is a no-op
  warnings.warn("Initializing zero-element tensors is a no-op")
Epoch 0:   0%|          | 0/120 [00:00<?, ?it/s]Epoch 0:   0%|          | 0/120 [00:08<?, ?it/s]
Traceback (most recent call last):
  File "/dss/dsshome1/0D/ru47tac2/projects/segrap2025/SAM-Med3D/train.py", line 668, in <module>
    main()
  File "/dss/dsshome1/0D/ru47tac2/projects/segrap2025/SAM-Med3D/train.py", line 624, in main
    trainer.train()
  File "/dss/dsshome1/0D/ru47tac2/projects/segrap2025/SAM-Med3D/train.py", line 535, in train
    epoch_loss, epoch_dice, epoch_hd, epoch_nsd, epoch_dice_loss, epoch_ce_loss = self.train_epoch(epoch, np.random.randint(1, 21))
  File "/dss/dsshome1/0D/ru47tac2/projects/segrap2025/SAM-Med3D/train.py", line 465, in train_epoch
    image_embedding = self.model.image_encoder(image3D)
  File "/dss/dsshome1/0D/ru47tac2/miniconda3/envs/sammed3d/lib/python3.10/site-packages/torch/nn/modules/module.py", line 1739, in _wrapped_call_impl
    return self._call_impl(*args, **kwargs)
  File "/dss/dsshome1/0D/ru47tac2/miniconda3/envs/sammed3d/lib/python3.10/site-packages/torch/nn/modules/module.py", line 1750, in _call_impl
    return forward_call(*args, **kwargs)
  File "/dss/dsshome1/0D/ru47tac2/projects/segrap2025/SAM-Med3D/segment_anything/modeling/image_encoder3D.py", line 144, in forward
    x = self.patch_embed(x)
  File "/dss/dsshome1/0D/ru47tac2/miniconda3/envs/sammed3d/lib/python3.10/site-packages/torch/nn/modules/module.py", line 1739, in _wrapped_call_impl
    return self._call_impl(*args, **kwargs)
  File "/dss/dsshome1/0D/ru47tac2/miniconda3/envs/sammed3d/lib/python3.10/site-packages/torch/nn/modules/module.py", line 1750, in _call_impl
    return forward_call(*args, **kwargs)
  File "/dss/dsshome1/0D/ru47tac2/projects/segrap2025/SAM-Med3D/segment_anything/modeling/image_encoder3D.py", line 447, in forward
    x = self.proj(x)
  File "/dss/dsshome1/0D/ru47tac2/miniconda3/envs/sammed3d/lib/python3.10/site-packages/torch/nn/modules/module.py", line 1739, in _wrapped_call_impl
    return self._call_impl(*args, **kwargs)
  File "/dss/dsshome1/0D/ru47tac2/miniconda3/envs/sammed3d/lib/python3.10/site-packages/torch/nn/modules/module.py", line 1750, in _call_impl
    return forward_call(*args, **kwargs)
  File "/dss/dsshome1/0D/ru47tac2/miniconda3/envs/sammed3d/lib/python3.10/site-packages/torch/nn/modules/conv.py", line 725, in forward
    return self._conv_forward(input, self.weight, self.bias)
  File "/dss/dsshome1/0D/ru47tac2/miniconda3/envs/sammed3d/lib/python3.10/site-packages/torch/nn/modules/conv.py", line 720, in _conv_forward
    return F.conv3d(
RuntimeError: Input type (c10::Half) and bias type (float) should be the same
