[DEBUG] train_dataset length = 120
Loaded checkpoint from /dss/dsshome1/0D/ru47tac2/projects/segrap2025/results/segrap_ft_resume/sam_model_latest.pth (epoch 52)
Epoch: 52/119
Epoch: 52, Step: 20, Loss: -20930.44384765625, Dice: 0.10407964140176773
Epoch: 52, Step: 40, Loss: -22075.80173339844, Dice: 0.0795070081949234
Epoch: 52, Step: 60, Loss: -20790.7892578125, Dice: 0.03696241229772568
Epoch: 52, Step: 80, Loss: -16628.830517578124, Dice: 0.0805753841996193
Epoch: 52, Step: 100, Loss: -22197.992041015626, Dice: 0.060804374516010284
Epoch 52 – LR: 7.51e-04
EPOCH: 52, Loss: -21270.86094563802
EPOCH: 52, Dice: 0.12633183219780525
Epoch: 53/119
Epoch: 53, Step: 20, Loss: -23519.63212890625, Dice: 0.0738384872674942
Epoch: 53, Step: 40, Loss: -16080.582348632812, Dice: 0.13609954714775085
Epoch: 53, Step: 60, Loss: -21410.0673828125, Dice: 0.11702702194452286
Epoch: 53, Step: 80, Loss: -17509.789697265624, Dice: 0.10919705778360367
Epoch: 53, Step: 100, Loss: -24260.995825195314, Dice: 0.22614459693431854
Epoch 53 – LR: 7.38e-04
EPOCH: 53, Loss: -21208.60966389974
EPOCH: 53, Dice: 0.12583298121268552
Epoch: 54/119
Epoch: 54, Step: 20, Loss: -22804.792895507813, Dice: 0.14649039506912231
Epoch: 54, Step: 40, Loss: -21308.214208984376, Dice: 0.06373640149831772
Epoch: 54, Step: 60, Loss: -18776.947802734376, Dice: 0.07614048570394516
Epoch: 54, Step: 80, Loss: -14471.73349609375, Dice: 0.3034086525440216
Epoch: 54, Step: 100, Loss: -20186.39296875, Dice: 0.09925686568021774
Epoch 54 – LR: 7.24e-04
EPOCH: 54, Loss: -21359.428637695313
EPOCH: 54, Dice: 0.12600624800349275
Epoch: 55/119
Epoch: 55, Step: 20, Loss: -19788.560302734375, Dice: 0.06024191528558731
Epoch: 55, Step: 40, Loss: -17515.44306640625, Dice: 0.0974184051156044
Epoch: 55, Step: 60, Loss: -22266.612939453124, Dice: 0.08262691646814346
Epoch: 55, Step: 80, Loss: -20512.71047363281, Dice: 0.21862463653087616
Epoch: 55, Step: 100, Loss: -19508.502319335938, Dice: 0.1312800943851471
Epoch 55 – LR: 7.08e-04
EPOCH: 55, Loss: -21679.800512695314
EPOCH: 55, Dice: 0.12718707444146277
Epoch: 56/119
Epoch: 56, Step: 20, Loss: nan, Dice: 0.10281167179346085
Epoch: 56, Step: 40, Loss: -21283.459912109374, Dice: 0.08302465081214905
Epoch: 56, Step: 60, Loss: -23475.208129882812, Dice: 0.19323280453681946
Epoch: 56, Step: 80, Loss: -18756.248779296875, Dice: 0.05909794196486473
Epoch: 56, Step: 100, Loss: -19362.5349609375, Dice: 0.15780198574066162
Epoch 56 – LR: 6.92e-04
EPOCH: 56, Loss: nan
EPOCH: 56, Dice: 0.12620520091926057
Epoch: 57/119
Epoch: 57, Step: 20, Loss: -21865.995727539062, Dice: 0.25083792209625244
Epoch: 57, Step: 40, Loss: -18492.36652832031, Dice: 0.1530388742685318
Epoch: 57, Step: 60, Loss: -21465.05270996094, Dice: 0.059735171496868134
Epoch: 57, Step: 80, Loss: -23461.092529296875, Dice: 0.06673280149698257
Epoch: 57, Step: 100, Loss: -19776.489624023438, Dice: 0.0962706133723259
Epoch 57 – LR: 6.74e-04
EPOCH: 57, Loss: -21487.28874511719
EPOCH: 57, Dice: 0.12556165968999267
Epoch: 58/119
