Loaded checkpoint from ckpt/sam_med3d_turbo.pth (epoch 0)
Epoch: 0/199
Epoch: 0, Step: 20, Loss: 297.19227504730225, Dice: 0.26513907313346863
Epoch: 0, Step: 40, Loss: 187.942405128479, Dice: 0.17621764540672302
EPOCH: 0, Loss: 251.4059845606486
EPOCH: 0, Dice: 0.29076273503402866
Epoch: 1/199
Epoch: 1, Step: 20, Loss: 186.79835147857665, Dice: 0.27870187163352966
Epoch: 1, Step: 40, Loss: 252.0345687866211, Dice: 0.2922062575817108
EPOCH: 1, Loss: 238.76063505808511
EPOCH: 1, Dice: 0.2911842813094457
Epoch: 2/199
Epoch: 2, Step: 20, Loss: 292.99384956359864, Dice: 0.3358735144138336
Epoch: 2, Step: 40, Loss: 227.74270629882812, Dice: 0.46349167823791504
EPOCH: 2, Loss: 254.63394832611084
EPOCH: 2, Dice: 0.29385938942432405
Epoch: 3/199
Epoch: 3, Step: 20, Loss: 265.2963800430298, Dice: 0.11741716414690018
Epoch: 3, Step: 40, Loss: 195.16936416625975, Dice: 0.336631715297699
EPOCH: 3, Loss: 243.9678991317749
EPOCH: 3, Dice: 0.2893028907477856
Epoch: 4/199
Epoch: 4, Step: 20, Loss: 225.05736541748047, Dice: 0.4140861928462982
Epoch: 4, Step: 40, Loss: 237.34796714782715, Dice: 0.26481562852859497
EPOCH: 4, Loss: 55.26124661763509
EPOCH: 4, Dice: 0.26759480113784473
Epoch: 5/199
Epoch: 5, Step: 20, Loss: -301.54058227539065, Dice: 0.0948963612318039
Epoch: 5, Step: 40, Loss: -1178.1328918457032, Dice: 0.08633403480052948
EPOCH: 5, Loss: -955.205451965332
EPOCH: 5, Dice: 0.15188040100038053
Epoch: 6/199
Epoch: 6, Step: 20, Loss: -1371.0984893798827, Dice: 0.0977705642580986
Epoch: 6, Step: 40, Loss: -1144.892141723633, Dice: 0.2504469156265259
EPOCH: 6, Loss: -1368.0663279215494
EPOCH: 6, Dice: 0.168387645855546
Epoch: 7/199
Epoch: 7, Step: 20, Loss: -1361.7124481201172, Dice: 0.1993083655834198
Epoch: 7, Step: 40, Loss: -1198.2523376464844, Dice: 0.3194116950035095
EPOCH: 7, Loss: -1392.9795145670573
EPOCH: 7, Dice: 0.21111243292689325
Epoch: 8/199
Epoch: 8, Step: 20, Loss: -1539.5523986816406, Dice: 0.24628368020057678
Epoch: 8, Step: 40, Loss: -1289.5074340820313, Dice: 0.26366400718688965
EPOCH: 8, Loss: -1336.4128448486329
EPOCH: 8, Dice: 0.28963746602336565
Epoch: 9/199
Epoch: 9, Step: 20, Loss: -1138.3282806396485, Dice: 0.26077890396118164
Epoch: 9, Step: 40, Loss: -849.1093078613281, Dice: 0.5369336605072021
EPOCH: 9, Loss: -1066.4733235677083
EPOCH: 9, Dice: 0.4267740604778131
Epoch: 10/199
Epoch: 10, Step: 20, Loss: -1106.8263763427735, Dice: 0.3959251642227173
Epoch: 10, Step: 40, Loss: -1224.6185424804687, Dice: 0.35018491744995117
EPOCH: 10, Loss: -1286.5216725667317
EPOCH: 10, Dice: 0.36869068642457326
Epoch: 11/199
