Loaded checkpoint from ckpt/sam_med3d_turbo.pth (epoch 0)
Epoch: 0/199
Epoch: 0, Step: 20, Loss: 290.9514395713806, Dice: 0.19674049317836761
Epoch: 0, Step: 40, Loss: 218.97349319458007, Dice: 0.12206865847110748
EPOCH: 0, Loss: 252.12512102127076
EPOCH: 0, Dice: 0.23617372522130609
Epoch: 1/199
Epoch: 1, Step: 20, Loss: 259.7758280754089, Dice: 0.23054587841033936
Epoch: 1, Step: 40, Loss: 281.24169235229493, Dice: 0.323315292596817
EPOCH: 1, Loss: 280.250346215566
EPOCH: 1, Dice: 0.19102514137824375
Epoch: 2/199
Epoch: 2, Step: 20, Loss: 275.4988208770752, Dice: 0.13974879682064056
Epoch: 2, Step: 40, Loss: 217.890207862854, Dice: 0.05395723506808281
EPOCH: 2, Loss: 261.57390480041505
EPOCH: 2, Dice: 0.2076730027794838
Epoch: 3/199
Epoch: 3, Step: 20, Loss: 257.9766092300415, Dice: 0.17770645022392273
Epoch: 3, Step: 40, Loss: 300.2228378295898, Dice: 0.16889196634292603
EPOCH: 3, Loss: 276.390856997172
EPOCH: 3, Dice: 0.20029172835250694
Epoch: 4/199
Epoch: 4, Step: 20, Loss: 268.6471221923828, Dice: 0.24952784180641174
Epoch: 4, Step: 40, Loss: 212.79549312591553, Dice: 0.11499711871147156
EPOCH: 4, Loss: 270.2055543899536
EPOCH: 4, Dice: 0.2081720931455493
Epoch: 5/199
Epoch: 5, Step: 20, Loss: 316.05037384033204, Dice: 0.2887994647026062
Epoch: 5, Step: 40, Loss: -142.35772800445557, Dice: 0.13815420866012573
EPOCH: 5, Loss: -221.11802024841307
EPOCH: 5, Dice: 0.17849713147928317
Epoch: 6/199
Epoch: 6, Step: 20, Loss: -850.3474487304687, Dice: 0.0896948054432869
Epoch: 6, Step: 40, Loss: -1103.287860107422, Dice: 0.13010363280773163
EPOCH: 6, Loss: -1161.387553914388
EPOCH: 6, Dice: 0.10001999152203402
Epoch: 7/199
