[DEBUG] train_dataset length = 120
Loaded checkpoint from /dss/dsshome1/0D/ru47tac2/projects/segrap2025/results/segrap_ft_resume/sam_model_latest.pth (epoch 61)
Epoch: 61/119
Epoch: 61, Step: 20, Loss: -21163.9828125, Dice: 0.10342107713222504
Epoch: 61, Step: 40, Loss: -22320.81623535156, Dice: 0.078951895236969
Epoch: 61, Step: 60, Loss: -21021.530834960937, Dice: 0.0367925800383091
Epoch: 61, Step: 80, Loss: -16813.41455078125, Dice: 0.08000151813030243
Epoch: 61, Step: 100, Loss: -22444.96970214844, Dice: 0.06060386076569557
Epoch 61 – LR: 5.93e-04
EPOCH: 61, Loss: -21506.910713704427
EPOCH: 61, Dice: 0.12558692966898283
Epoch: 62/119
Epoch: 62, Step: 20, Loss: -23781.215625, Dice: 0.07331107556819916
Epoch: 62, Step: 40, Loss: -16257.425610351562, Dice: 0.13524600863456726
Epoch: 62, Step: 60, Loss: -21643.75068359375, Dice: 0.11634351313114166
Epoch: 62, Step: 80, Loss: -17699.8705078125, Dice: 0.10848808288574219
Epoch: 62, Step: 100, Loss: -24522.963037109374, Dice: 0.224408358335495
Epoch 62 – LR: 5.71e-04
EPOCH: 62, Loss: -21439.80694580078
EPOCH: 62, Dice: 0.1251608656719327
Epoch: 63/119
Epoch: 63, Step: 20, Loss: -23046.919873046874, Dice: 0.1455322951078415
Epoch: 63, Step: 40, Loss: -21532.837524414062, Dice: 0.06343893706798553
Epoch: 63, Step: 60, Loss: -18973.377368164063, Dice: 0.07567378878593445
Epoch: 63, Step: 80, Loss: -14620.339233398438, Dice: 0.3019046187400818
Epoch: 63, Step: 100, Loss: -20396.202587890624, Dice: 0.098833367228508
Epoch 63 – LR: 5.48e-04
EPOCH: 63, Loss: -21582.538708496093
EPOCH: 63, Dice: 0.12543621581668654
Epoch: 64/119
Epoch: 64, Step: 20, Loss: -19991.622143554687, Dice: 0.05994753539562225
Epoch: 64, Step: 40, Loss: -17695.418115234374, Dice: 0.0970403403043747
Epoch: 64, Step: 60, Loss: -22502.36311035156, Dice: 0.08230119943618774
Epoch: 64, Step: 80, Loss: -20729.47429199219, Dice: 0.21777065098285675
Epoch: 64, Step: 100, Loss: -19713.398022460937, Dice: 0.13075298070907593
Epoch 64 – LR: 5.24e-04
EPOCH: 64, Loss: -21907.169567871093
EPOCH: 64, Dice: 0.12667251179615657
Epoch: 65/119
Epoch: 65, Step: 20, Loss: nan, Dice: 0.10218015313148499
Epoch: 65, Step: 40, Loss: -21508.555810546874, Dice: 0.08270493149757385
Epoch: 65, Step: 60, Loss: -23722.15676269531, Dice: 0.19245591759681702
Epoch: 65, Step: 80, Loss: -18953.06806640625, Dice: 0.058871686458587646
Epoch: 65, Step: 100, Loss: -19564.96748046875, Dice: 0.15719933807849884
Epoch 65 – LR: 5.00e-04
EPOCH: 65, Loss: nan
EPOCH: 65, Dice: 0.12571849242473643
Epoch: 66/119
Epoch: 66, Step: 20, Loss: -22094.030419921874, Dice: 0.24992386996746063
Epoch: 66, Step: 40, Loss: -18684.48044433594, Dice: 0.152377650141716
Epoch: 66, Step: 60, Loss: -21691.92392578125, Dice: 0.05949331074953079
Epoch: 66, Step: 80, Loss: -23708.111572265625, Dice: 0.06657405197620392
Epoch: 66, Step: 100, Loss: -19982.700842285158, Dice: 0.09595875442028046
Epoch 66 – LR: 4.75e-04
EPOCH: 66, Loss: -21711.99772745768
EPOCH: 66, Dice: 0.1251074455678463
Epoch: 67/119
Epoch: 67, Step: 20, Loss: -24785.04287109375, Dice: 0.12680210173130035
Epoch: 67, Step: 40, Loss: -21733.00107421875, Dice: 0.16038356721401215
Epoch: 67, Step: 60, Loss: -21444.261474609375, Dice: 0.09101167321205139
Epoch: 67, Step: 80, Loss: -19852.781591796876, Dice: 0.09447909146547318
Epoch: 67, Step: 100, Loss: -23571.2966796875, Dice: 0.04771453142166138
Epoch 67 – LR: 4.51e-04
EPOCH: 67, Loss: -21749.09286702474
EPOCH: 67, Dice: 0.12521702085311215
Epoch: 68/119
Epoch: 68, Step: 20, Loss: -26205.1689453125, Dice: 0.0964856818318367
Epoch: 68, Step: 40, Loss: -19423.344140625, Dice: 0.10891328752040863
Epoch: 68, Step: 60, Loss: -22461.459130859374, Dice: 0.07564519345760345
Epoch: 68, Step: 80, Loss: -19062.718139648438, Dice: 0.06629005074501038
Epoch: 68, Step: 100, Loss: -17784.68850097656, Dice: 0.2422385811805725
Epoch 68 – LR: 4.26e-04
EPOCH: 68, Loss: -21874.156018066406
EPOCH: 68, Dice: 0.1252660689254602
Epoch: 69/119
Epoch: 69, Step: 20, Loss: -26075.013427734375, Dice: 0.17048150300979614
Epoch: 69, Step: 40, Loss: -23319.355249023436, Dice: 0.204538032412529
Epoch: 69, Step: 60, Loss: -18285.803369140624, Dice: 0.06448289006948471
Epoch: 69, Step: 80, Loss: -18279.740356445312, Dice: 0.28060290217399597
Epoch: 69, Step: 100, Loss: -19762.517980957033, Dice: 0.04962388426065445
Epoch 69 – LR: 4.01e-04
EPOCH: 69, Loss: -21728.629978434245
EPOCH: 69, Dice: 0.1247188082896173
Epoch: 70/119
Epoch: 70, Step: 20, Loss: -23458.64045410156, Dice: 0.14540746808052063
Epoch: 70, Step: 40, Loss: -16229.36943359375, Dice: 0.2137894183397293
Epoch: 70, Step: 60, Loss: -21120.38186035156, Dice: 0.09156234562397003
Epoch: 70, Step: 80, Loss: nan, Dice: 0.09141494333744049
Epoch: 70, Step: 100, Loss: -23301.369750976562, Dice: 0.13769464194774628
Epoch 70 – LR: 3.75e-04
EPOCH: 70, Loss: nan
EPOCH: 70, Dice: 0.12434606862564881
Epoch: 71/119
Epoch: 71, Step: 20, Loss: -19874.510693359374, Dice: 0.1611403375864029
Epoch: 71, Step: 40, Loss: nan, Dice: 0.24700967967510223
Epoch: 71, Step: 60, Loss: -20280.12734375, Dice: 0.2566489279270172
Epoch: 71, Step: 80, Loss: -22357.48828125, Dice: 0.11736105382442474
Epoch: 71, Step: 100, Loss: -17296.92121582031, Dice: 0.24500632286071777
Epoch 71 – LR: 3.50e-04
EPOCH: 71, Loss: nan
EPOCH: 71, Dice: 0.1254584951636692
Epoch: 72/119
Epoch: 72, Step: 20, Loss: -22070.3, Dice: 0.09641323238611221
Epoch: 72, Step: 40, Loss: -22833.383447265624, Dice: 0.2347167432308197
Epoch: 72, Step: 60, Loss: nan, Dice: 0.09343145042657852
Epoch: 72, Step: 80, Loss: -21039.25046386719, Dice: 0.1742451936006546
Epoch: 72, Step: 100, Loss: -19261.666577148437, Dice: 0.10244990140199661
Epoch 72 – LR: 3.26e-04
EPOCH: 72, Loss: nan
EPOCH: 72, Dice: 0.1230864228370289
Epoch: 73/119
Epoch: 73, Step: 20, Loss: -22166.38046875, Dice: 0.27298662066459656
Epoch: 73, Step: 40, Loss: -18957.7720703125, Dice: 0.09867836534976959
Epoch: 73, Step: 60, Loss: nan, Dice: 0.13408444821834564
Epoch: 73, Step: 80, Loss: -20027.3595703125, Dice: 0.19106432795524597
Epoch: 73, Step: 100, Loss: -18958.151171875, Dice: 0.06673391163349152
Epoch 73 – LR: 3.01e-04
EPOCH: 73, Loss: nan
EPOCH: 73, Dice: 0.12250850554555655
Epoch: 74/119
Epoch: 74, Step: 20, Loss: -18754.23146972656, Dice: 0.0945073813199997
Epoch: 74, Step: 40, Loss: -18369.383154296876, Dice: 0.15403075516223907
Epoch: 74, Step: 60, Loss: nan, Dice: 0.1698269248008728
Epoch: 74, Step: 80, Loss: -20141.157177734374, Dice: 0.06765247136354446
Epoch: 74, Step: 100, Loss: -20936.39616699219, Dice: 0.18450304865837097
Epoch 74 – LR: 2.77e-04
EPOCH: 74, Loss: nan
EPOCH: 74, Dice: 0.11950576836243272
Epoch: 75/119
Epoch: 75, Step: 20, Loss: -21736.026245117188, Dice: 0.133370503783226
Epoch: 75, Step: 40, Loss: nan, Dice: 0.1321178674697876
Epoch: 75, Step: 60, Loss: -21779.290673828124, Dice: 0.05949985608458519
Epoch: 75, Step: 80, Loss: -15349.620141601563, Dice: 0.11609365046024323
Epoch: 75, Step: 100, Loss: -21370.282861328124, Dice: 0.2456766813993454
Epoch 75 – LR: 2.53e-04
EPOCH: 75, Loss: nan
EPOCH: 75, Dice: 0.12428535921499133
Epoch: 76/119
Epoch: 76, Step: 20, Loss: -20748.33798828125, Dice: 0.07597777992486954
Epoch: 76, Step: 40, Loss: -20777.15510253906, Dice: 0.08955326676368713
Epoch: 76, Step: 60, Loss: -18541.15817871094, Dice: 0.04975777864456177
Epoch: 76, Step: 80, Loss: -21344.636767578126, Dice: 0.09340324997901917
Epoch: 76, Step: 100, Loss: -24890.833251953125, Dice: 0.17482846975326538
Epoch 76 – LR: 2.30e-04
EPOCH: 76, Loss: -22057.42428792318
EPOCH: 76, Dice: 0.12396246946106354
Epoch: 77/119
Epoch: 77, Step: 20, Loss: -21813.34323730469, Dice: 0.05026445910334587
Epoch: 77, Step: 40, Loss: -23994.823583984376, Dice: 0.2675858736038208
Epoch: 77, Step: 60, Loss: -21261.798046875, Dice: 0.19390533864498138
Epoch: 77, Step: 80, Loss: -19647.286499023438, Dice: 0.061404865235090256
Epoch: 77, Step: 100, Loss: -16691.874389648438, Dice: 0.09588006138801575
Epoch 77 – LR: 2.08e-04
EPOCH: 77, Loss: -21734.46775716146
EPOCH: 77, Dice: 0.12210139065670471
Epoch: 78/119
Epoch: 78, Step: 20, Loss: -20849.541015625, Dice: 0.1783476024866104
Epoch: 78, Step: 40, Loss: -23104.500830078126, Dice: 0.14505219459533691
Epoch: 78, Step: 60, Loss: -19846.470556640626, Dice: 0.12365178018808365
Epoch: 78, Step: 80, Loss: -19543.561596679687, Dice: 0.16661961376667023
Epoch: 78, Step: 100, Loss: -22452.659057617188, Dice: 0.20138728618621826
Epoch 78 – LR: 1.86e-04
EPOCH: 78, Loss: -22309.185876464842
EPOCH: 78, Dice: 0.12438005063061913
Epoch: 79/119
Epoch: 79, Step: 20, Loss: -26193.59775390625, Dice: 0.12691356241703033
Epoch: 79, Step: 40, Loss: -17621.947387695312, Dice: 0.10077589750289917
Epoch: 79, Step: 60, Loss: -19209.3390625, Dice: 0.22491708397865295
Epoch: 79, Step: 80, Loss: -19744.43146972656, Dice: 0.13653460144996643
Epoch: 79, Step: 100, Loss: -20030.542041015626, Dice: 0.06649362295866013
Epoch 79 – LR: 1.66e-04
EPOCH: 79, Loss: -22976.632092285156
EPOCH: 79, Dice: 0.1271761596513291
Epoch: 80/119
Epoch: 80, Step: 20, Loss: -23049.379626464844, Dice: 0.09386720508337021
Epoch: 80, Step: 40, Loss: -20677.933740234374, Dice: 0.09491480886936188
Epoch: 80, Step: 60, Loss: -21234.748291015625, Dice: 0.10393360257148743
Epoch: 80, Step: 80, Loss: -22149.710571289062, Dice: 0.08520043641328812
Epoch: 80, Step: 100, Loss: -22220.3892578125, Dice: 0.30250707268714905
Epoch 80 – LR: 1.46e-04
EPOCH: 80, Loss: -22166.872296142577
EPOCH: 80, Dice: 0.12358451943534116
Epoch: 81/119
Epoch: 81, Step: 20, Loss: -17678.5904296875, Dice: 0.15649688243865967
Epoch: 81, Step: 40, Loss: -25768.640087890624, Dice: 0.09520262479782104
Epoch: 81, Step: 60, Loss: -22724.40969238281, Dice: 0.05663132295012474
Epoch: 81, Step: 80, Loss: -19870.976782226564, Dice: 0.06372258067131042
Epoch: 81, Step: 100, Loss: -17856.904663085938, Dice: 0.0804881602525711
Epoch 81 – LR: 1.27e-04
EPOCH: 81, Loss: -21685.58427734375
EPOCH: 81, Dice: 0.12111792089417577
Epoch: 82/119
Epoch: 82, Step: 20, Loss: -27206.4736328125, Dice: 0.2773090898990631
Epoch: 82, Step: 40, Loss: -19672.789184570312, Dice: 0.08587734401226044
Epoch: 82, Step: 60, Loss: -23781.10947265625, Dice: 0.15701302886009216
Epoch: 82, Step: 80, Loss: -16917.489135742188, Dice: 0.12569162249565125
Epoch: 82, Step: 100, Loss: -17694.28498535156, Dice: 0.08883986622095108
Epoch 82 – LR: 1.09e-04
EPOCH: 82, Loss: -22201.31057128906
EPOCH: 82, Dice: 0.12329306211322547
Epoch: 83/119
Epoch: 83, Step: 20, Loss: -20712.80380859375, Dice: 0.06329844892024994
Epoch: 83, Step: 40, Loss: -20667.54104003906, Dice: 0.07417962700128555
Epoch: 83, Step: 60, Loss: -20593.783203125, Dice: 0.0
Epoch: 83, Step: 80, Loss: -21199.29250488281, Dice: 0.10218124836683273
Epoch: 83, Step: 100, Loss: -25603.12021484375, Dice: 0.05287995934486389
Epoch 83 – LR: 9.27e-05
EPOCH: 83, Loss: nan
EPOCH: 83, Dice: 0.12324008693297704
Epoch: 84/119
Epoch: 84, Step: 20, Loss: -18325.311743164064, Dice: 0.18919946253299713
Epoch: 84, Step: 40, Loss: -26860.631591796875, Dice: 0.09230394661426544
Epoch: 84, Step: 60, Loss: nan, Dice: 0.07804538309574127
Epoch: 84, Step: 80, Loss: -22362.89699707031, Dice: 0.1018279492855072
Epoch: 84, Step: 100, Loss: -15876.103344726562, Dice: 0.19083759188652039
Epoch 84 – LR: 7.73e-05
EPOCH: 84, Loss: nan
EPOCH: 84, Dice: 0.12041275622323155
Epoch: 85/119
Epoch: 85, Step: 20, Loss: -15751.536840820312, Dice: 0.1292513757944107
Epoch: 85, Step: 40, Loss: -19270.67197265625, Dice: 0.0516703762114048
Epoch: 85, Step: 60, Loss: -27317.871630859376, Dice: 0.14646393060684204
Epoch: 85, Step: 80, Loss: -23606.642626953126, Dice: 0.07173234969377518
Epoch: 85, Step: 100, Loss: -23944.327587890624, Dice: 0.16147930920124054
Epoch 85 – LR: 6.32e-05
EPOCH: 85, Loss: -21964.092687988283
EPOCH: 85, Dice: 0.12212761224557957
Epoch: 86/119
Epoch: 86, Step: 20, Loss: nan, Dice: 0.11992018669843674
Epoch: 86, Step: 40, Loss: -20268.54521484375, Dice: 0.1530550867319107
Epoch: 86, Step: 60, Loss: -19403.00693359375, Dice: 0.2609902620315552
Epoch: 86, Step: 80, Loss: -20301.866162109374, Dice: 0.07027523219585419
Epoch: 86, Step: 100, Loss: -19956.46516113281, Dice: 0.09098173677921295
Epoch 86 – LR: 5.04e-05
EPOCH: 86, Loss: nan
EPOCH: 86, Dice: 0.12063642386347055
Epoch: 87/119
Epoch: 87, Step: 20, Loss: -17650.72919921875, Dice: 0.10699532181024551
Epoch: 87, Step: 40, Loss: -18515.86770019531, Dice: 0.1242307722568512
Epoch: 87, Step: 60, Loss: -21044.3923828125, Dice: 0.09734556078910828
Epoch: 87, Step: 80, Loss: -23228.1787109375, Dice: 0.17571398615837097
Epoch: 87, Step: 100, Loss: -20372.852734375, Dice: 0.22216111421585083
Epoch 87 – LR: 3.90e-05
EPOCH: 87, Loss: -22594.938704427084
EPOCH: 87, Dice: 0.124445306075116
Epoch: 88/119
Epoch: 88, Step: 20, Loss: -28111.94375, Dice: 0.07376233488321304
Epoch: 88, Step: 40, Loss: -24620.39113769531, Dice: 0.039478596299886703
Epoch: 88, Step: 60, Loss: -18311.028759765624, Dice: 0.1170947328209877
Epoch: 88, Step: 80, Loss: -21528.421655273436, Dice: 0.12443561851978302
Epoch: 88, Step: 100, Loss: -17319.8388671875, Dice: 0.13922837376594543
Epoch 88 – LR: 2.91e-05
EPOCH: 88, Loss: -22523.75713297526
EPOCH: 88, Dice: 0.12403064823398988
Epoch: 89/119
Epoch: 89, Step: 20, Loss: -18189.4091796875, Dice: 0.07282635569572449
Epoch: 89, Step: 40, Loss: -22048.581982421874, Dice: 0.13749150931835175
Epoch: 89, Step: 60, Loss: -27158.11416015625, Dice: 0.06594211608171463
Epoch: 89, Step: 80, Loss: -21360.701782226562, Dice: 0.06689735502004623
Epoch: 89, Step: 100, Loss: -17548.201245117187, Dice: 0.1683095395565033
Epoch 89 – LR: 2.06e-05
EPOCH: 89, Loss: -22120.92753092448
EPOCH: 89, Dice: 0.12246928376456102
Epoch: 90/119
