Loaded checkpoint from ckpt/sam_med3d_turbo.pth (epoch 0)
Epoch: 0/199
Epoch: 0, Step: 20, Loss: 519.0575515747071, Dice: 0.1493375301361084
Epoch: 0, Step: 40, Loss: 412.189151763916, Dice: 0.10869574546813965
EPOCH: 0, Loss: 469.05165812174477
EPOCH: 0, Dice: 0.20124676289657753
Epoch: 1/199
Epoch: 1, Step: 20, Loss: 397.7875846862793, Dice: 0.1246580183506012
Epoch: 1, Step: 40, Loss: 411.0832260131836, Dice: 0.28093984723091125
EPOCH: 1, Loss: 447.08095525105796
EPOCH: 1, Dice: 0.21102959824105103
Epoch: 2/199
Epoch: 2, Step: 20, Loss: 461.4457260131836, Dice: 0.3019797205924988
Epoch: 2, Step: 40, Loss: 390.54283294677737, Dice: 0.3615301549434662
EPOCH: 2, Loss: 434.2480946858724
EPOCH: 2, Dice: 0.20925059790412584
Epoch: 3/199
Epoch: 3, Step: 20, Loss: 454.3109504699707, Dice: 0.24236397445201874
Epoch: 3, Step: 40, Loss: 445.7334403991699, Dice: 0.2653374671936035
EPOCH: 3, Loss: 442.3834348042806
EPOCH: 3, Dice: 0.20785999248425166
Epoch: 4/199
Epoch: 4, Step: 20, Loss: 414.4612693786621, Dice: 0.342487633228302
Epoch: 4, Step: 40, Loss: 423.41026763916017, Dice: 0.25788551568984985
EPOCH: 4, Loss: 456.8500338236491
EPOCH: 4, Dice: 0.20024084486067295
Epoch: 5/199
Epoch: 5, Step: 20, Loss: 427.4482025146484, Dice: 0.16806428134441376
Epoch: 5, Step: 40, Loss: -401.5686508178711, Dice: 0.18515625596046448
EPOCH: 5, Loss: -322.19093017578126
EPOCH: 5, Dice: 0.16698279914756617
Epoch: 6/199
Epoch: 6, Step: 20, Loss: -1025.5181945800782, Dice: 0.08907034248113632
Epoch: 6, Step: 40, Loss: -1445.3539428710938, Dice: 0.14334392547607422
EPOCH: 6, Loss: -1661.8822489420572
EPOCH: 6, Dice: 0.11123726144433022
Epoch: 7/199
Epoch: 7, Step: 20, Loss: -2236.469372558594, Dice: 0.1285381019115448
Epoch: 7, Step: 40, Loss: -2419.373699951172, Dice: 0.2098311185836792
EPOCH: 7, Loss: -2831.459063720703
EPOCH: 7, Dice: 0.1296453710645437
Epoch: 8/199
Epoch: 8, Step: 20, Loss: -3756.7453735351564, Dice: 0.13482435047626495
Epoch: 8, Step: 40, Loss: -3661.9336181640624, Dice: 0.11396776884794235
EPOCH: 8, Loss: -3896.004357910156
EPOCH: 8, Dice: 0.1225183168426156
Epoch: 9/199
Epoch: 9, Step: 20, Loss: -4367.285119628907, Dice: 0.0681362897157669
Epoch: 9, Step: 40, Loss: -4498.944079589844, Dice: 0.18401873111724854
EPOCH: 9, Loss: -4943.6842325846355
EPOCH: 9, Dice: 0.11558510853598515
Epoch: 10/199
Epoch: 10, Step: 20, Loss: -5419.085778808594, Dice: 0.09685735404491425
Epoch: 10, Step: 40, Loss: -5242.576745605469, Dice: 0.12519778311252594
EPOCH: 10, Loss: -5848.329174804688
EPOCH: 10, Dice: 0.12492851453522841
Epoch: 11/199
Epoch: 11, Step: 20, Loss: -6178.446765136719, Dice: 0.1265724003314972
Epoch: 11, Step: 40, Loss: -5790.193579101562, Dice: 0.08620963990688324
EPOCH: 11, Loss: -6786.2796915690105
EPOCH: 11, Dice: 0.1280362927665313
Epoch: 12/199
Epoch: 12, Step: 20, Loss: -6464.013391113282, Dice: 0.18343394994735718
Epoch: 12, Step: 40, Loss: -8315.020288085938, Dice: 0.13869734108448029
EPOCH: 12, Loss: -7718.140604654948
EPOCH: 12, Dice: 0.12838838106642167
Epoch: 13/199
Epoch: 13, Step: 20, Loss: -8368.578076171874, Dice: 0.16830208897590637
Epoch: 13, Step: 40, Loss: -8363.411303710938, Dice: 0.08583657443523407
EPOCH: 13, Loss: -8677.132633463541
EPOCH: 13, Dice: 0.13421578320364158
Epoch: 14/199
Epoch: 14, Step: 20, Loss: -9246.846240234376, Dice: 0.108361154794693
Epoch: 14, Step: 40, Loss: -10366.778247070313, Dice: 0.16868717968463898
EPOCH: 14, Loss: -9621.10108642578
EPOCH: 14, Dice: 0.1429344855248928
Epoch: 15/199
Epoch: 15, Step: 20, Loss: -9913.18525390625, Dice: 0.06759370118379593
Epoch: 15, Step: 40, Loss: -9236.38681640625, Dice: 0.1400080770254135
EPOCH: 15, Loss: -10598.814310709635
EPOCH: 15, Dice: 0.15633441756169
Epoch: 16/199
Epoch: 16, Step: 20, Loss: -9973.539282226562, Dice: 0.128128781914711
Epoch: 16, Step: 40, Loss: -10857.372802734375, Dice: 0.15800809860229492
EPOCH: 16, Loss: -11567.301774088543
EPOCH: 16, Dice: 0.16844923608005047
Epoch: 17/199
Epoch: 17, Step: 20, Loss: -12382.048461914062, Dice: 0.14702220261096954
Epoch: 17, Step: 40, Loss: -10817.707446289063, Dice: 0.0759659931063652
EPOCH: 17, Loss: -12536.928645833334
EPOCH: 17, Dice: 0.18199828565120696
Epoch: 18/199
Epoch: 18, Step: 20, Loss: -13366.030493164062, Dice: 0.13214994966983795
Epoch: 18, Step: 40, Loss: -13808.972924804688, Dice: 0.11962640285491943
EPOCH: 18, Loss: -13553.368017578125
EPOCH: 18, Dice: 0.19339530145128567
Epoch: 19/199
Epoch: 19, Step: 20, Loss: -13567.058666992187, Dice: 0.24589313566684723
Epoch: 19, Step: 40, Loss: -14988.42353515625, Dice: 0.24326807260513306
EPOCH: 19, Loss: -14664.865445963542
EPOCH: 19, Dice: 0.1870075836777687
Epoch: 20/199
