/dss/dsshome1/0D/ru47tac2/miniconda3/envs/sammed3d/lib/python3.10/site-packages/torch/nn/init.py:511: UserWarning: Initializing zero-element tensors is a no-op
  warnings.warn("Initializing zero-element tensors is a no-op")
/dss/dsshome1/0D/ru47tac2/miniconda3/envs/sammed3d/lib/python3.10/site-packages/torch/nn/init.py:565: UserWarning: Initializing zero-element tensors is a no-op
  warnings.warn("Initializing zero-element tensors is a no-op")
/dss/dsshome1/0D/ru47tac2/projects/segrap2025/SAM-Med3D/train.py:583: FutureWarning: `torch.cuda.amp.GradScaler(args...)` is deprecated. Please use `torch.amp.GradScaler('cuda', args...)` instead.
  self.scaler = torch.cuda.amp.GradScaler(enabled=True)
Epoch 0:   0%|          | 0/120 [00:00<?, ?it/s]Epoch 0:   0%|          | 0/120 [00:09<?, ?it/s]
Traceback (most recent call last):
  File "/dss/dsshome1/0D/ru47tac2/projects/segrap2025/SAM-Med3D/train.py", line 722, in <module>
    main()
  File "/dss/dsshome1/0D/ru47tac2/projects/segrap2025/SAM-Med3D/train.py", line 678, in main
    trainer.train()
  File "/dss/dsshome1/0D/ru47tac2/projects/segrap2025/SAM-Med3D/train.py", line 589, in train
    epoch_loss, epoch_dice, epoch_hd, epoch_nsd, epoch_dice_loss, epoch_ce_loss = self.train_epoch(epoch, np.random.randint(1, 21))
  File "/dss/dsshome1/0D/ru47tac2/projects/segrap2025/SAM-Med3D/train.py", line 524, in train_epoch
    prev_masks, loss, dice_loss, ce_loss = self.interaction(
  File "/dss/dsshome1/0D/ru47tac2/projects/segrap2025/SAM-Med3D/train.py", line 417, in interaction
    low_res_masks, prev_masks = self.batch_forward(
  File "/dss/dsshome1/0D/ru47tac2/projects/segrap2025/SAM-Med3D/train.py", line 352, in batch_forward
    sparse_embeddings, dense_embeddings = sam_model.prompt_encoder(
  File "/dss/dsshome1/0D/ru47tac2/miniconda3/envs/sammed3d/lib/python3.10/site-packages/torch/nn/modules/module.py", line 1739, in _wrapped_call_impl
    return self._call_impl(*args, **kwargs)
  File "/dss/dsshome1/0D/ru47tac2/miniconda3/envs/sammed3d/lib/python3.10/site-packages/torch/nn/modules/module.py", line 1750, in _call_impl
    return forward_call(*args, **kwargs)
  File "/dss/dsshome1/0D/ru47tac2/projects/segrap2025/SAM-Med3D/segment_anything/modeling/prompt_encoder3D.py", line 178, in forward
    dense_embeddings = self._embed_masks(masks)
  File "/dss/dsshome1/0D/ru47tac2/projects/segrap2025/SAM-Med3D/segment_anything/modeling/prompt_encoder3D.py", line 120, in _embed_masks
    mask_embedding = self.mask_downscaling(masks)
  File "/dss/dsshome1/0D/ru47tac2/miniconda3/envs/sammed3d/lib/python3.10/site-packages/torch/nn/modules/module.py", line 1739, in _wrapped_call_impl
    return self._call_impl(*args, **kwargs)
  File "/dss/dsshome1/0D/ru47tac2/miniconda3/envs/sammed3d/lib/python3.10/site-packages/torch/nn/modules/module.py", line 1750, in _call_impl
    return forward_call(*args, **kwargs)
  File "/dss/dsshome1/0D/ru47tac2/miniconda3/envs/sammed3d/lib/python3.10/site-packages/torch/nn/modules/container.py", line 250, in forward
    input = module(input)
  File "/dss/dsshome1/0D/ru47tac2/miniconda3/envs/sammed3d/lib/python3.10/site-packages/torch/nn/modules/module.py", line 1739, in _wrapped_call_impl
    return self._call_impl(*args, **kwargs)
  File "/dss/dsshome1/0D/ru47tac2/miniconda3/envs/sammed3d/lib/python3.10/site-packages/torch/nn/modules/module.py", line 1750, in _call_impl
    return forward_call(*args, **kwargs)
  File "/dss/dsshome1/0D/ru47tac2/miniconda3/envs/sammed3d/lib/python3.10/site-packages/torch/nn/modules/conv.py", line 725, in forward
    return self._conv_forward(input, self.weight, self.bias)
  File "/dss/dsshome1/0D/ru47tac2/miniconda3/envs/sammed3d/lib/python3.10/site-packages/torch/nn/modules/conv.py", line 720, in _conv_forward
    return F.conv3d(
RuntimeError: Given groups=1, expected weight to be at least 1 at dimension 0, but got weight of size [0, 3, 2, 2, 2] instead
