Loaded checkpoint from ckpt/sam_med3d_turbo.pth (epoch 0)
Epoch: 0/199
Epoch: 0, Step: 20, Loss: -6.593993815779686, Dice: 0.2988126575946808
Epoch: 0, Step: 40, Loss: -7.766077256202697, Dice: 0.23533016443252563
EPOCH: 0, Loss: -10.366220236817997
EPOCH: 0, Dice: 0.24556060669322807
Epoch: 1/199
Epoch: 1, Step: 20, Loss: -16.030181419849395, Dice: 0.33845603466033936
Epoch: 1, Step: 40, Loss: -6.2814882636070255, Dice: 0.17821434140205383
EPOCH: 1, Loss: -12.416234445571899
EPOCH: 1, Dice: 0.2645309700320164
Epoch: 2/199
Epoch: 2, Step: 20, Loss: -6.226221776008606, Dice: 0.36893564462661743
Epoch: 2, Step: 40, Loss: -13.465901106595993, Dice: 0.3029569983482361
EPOCH: 2, Loss: -11.004062571128209
EPOCH: 2, Dice: 0.2520666887362798
Epoch: 3/199
Epoch: 3, Step: 20, Loss: -16.630486595630646, Dice: 0.3148138225078583
Epoch: 3, Step: 40, Loss: -8.419964599609376, Dice: 0.2720591425895691
EPOCH: 3, Loss: -37.2920524319013
EPOCH: 3, Dice: 0.2846900500357151
Epoch: 4/199
