[DEBUG] train_dataset length = 120
Loaded checkpoint from /dss/dsshome1/0D/ru47tac2/projects/segrap2025/results/segrap_ft_resume/sam_model_latest.pth (epoch 45)
Epoch: 45/119
Epoch: 45, Step: 20, Loss: -18637.680126953124, Dice: 0.11080127209424973
Epoch: 45, Step: 40, Loss: -19623.9853515625, Dice: 0.08394663035869598
Epoch: 45, Step: 60, Loss: -18516.152197265626, Dice: 0.041439831256866455
Epoch: 45, Step: 80, Loss: -14810.960278320312, Dice: 0.08825930207967758
Epoch: 45, Step: 100, Loss: -19809.320678710938, Dice: 0.0668163076043129
Epoch 45 – LR: 7.99e-04
EPOCH: 45, Loss: -18952.29317220052
EPOCH: 45, Dice: 0.1353194708004594
Epoch: 46/119
Epoch: 46, Step: 20, Loss: -20944.52998046875, Dice: 0.08157920092344284
Epoch: 46, Step: 40, Loss: -14321.44619140625, Dice: 0.1436345875263214
Epoch: 46, Step: 60, Loss: -19458.94709472656, Dice: 0.12588860094547272
Epoch: 46, Step: 80, Loss: -15899.869580078124, Dice: 0.11415795981884003
Epoch: 46, Step: 100, Loss: -22346.284936523436, Dice: 0.23712670803070068
Epoch 46 – LR: 7.97e-04
EPOCH: 46, Loss: -19275.74052327474
EPOCH: 46, Dice: 0.1337146069544057
Epoch: 47/119
Epoch: 47, Step: 20, Loss: -21277.77766113281, Dice: 0.15623721480369568
Epoch: 47, Step: 40, Loss: -20084.481298828126, Dice: 0.06738796085119247
Epoch: 47, Step: 60, Loss: -17845.868237304687, Dice: 0.07920735329389572
Epoch: 47, Step: 80, Loss: -13852.490673828124, Dice: 0.3147471845149994
Epoch: 47, Step: 100, Loss: -19425.49921875, Dice: 0.1023634523153305
Epoch 47 – LR: 7.93e-04
EPOCH: 47, Loss: -20330.577087402344
EPOCH: 47, Dice: 0.13100878444189826
Epoch: 48/119
Epoch: 48, Step: 20, Loss: -19123.15869140625, Dice: 0.06218244507908821
Epoch: 48, Step: 40, Loss: -17004.967700195313, Dice: 0.09905288368463516
Epoch: 48, Step: 60, Loss: -21681.672143554686, Dice: 0.08498119562864304
Epoch: 48, Step: 80, Loss: -20021.667260742186, Dice: 0.22309048473834991
Epoch: 48, Step: 100, Loss: -19100.49138183594, Dice: 0.13372595608234406
Epoch 48 – LR: 7.87e-04
EPOCH: 48, Loss: -21134.168526204427
EPOCH: 48, Dice: 0.13023294607798258
Epoch: 49/119
Epoch: 49, Step: 20, Loss: nan, Dice: 0.10507398843765259
Epoch: 49, Step: 40, Loss: -20877.215185546876, Dice: 0.08467746526002884
Epoch: 49, Step: 60, Loss: -23059.14406738281, Dice: 0.19595883786678314
Epoch: 49, Step: 80, Loss: -18449.9697265625, Dice: 0.060309845954179764
Epoch: 49, Step: 100, Loss: -19069.446362304687, Dice: 0.1602737009525299
Epoch 49 – LR: 7.80e-04
EPOCH: 49, Loss: nan
EPOCH: 49, Dice: 0.12824586452916265
Epoch: 50/119
Epoch: 50, Step: 20, Loss: -21553.433178710937, Dice: 0.2541845142841339
Epoch: 50, Step: 40, Loss: -18243.362353515626, Dice: 0.15491975843906403
Epoch: 50, Step: 60, Loss: -21197.66123046875, Dice: 0.06054583191871643
Epoch: 50, Step: 80, Loss: -23183.672290039063, Dice: 0.06687116622924805
Epoch: 50, Step: 100, Loss: -19546.958117675782, Dice: 0.097397580742836
Epoch 50 – LR: 7.72e-04
EPOCH: 50, Loss: -21218.28129272461
EPOCH: 50, Dice: 0.12675079433247446
Epoch: 51/119
Epoch: 51, Step: 20, Loss: -24252.832299804686, Dice: 0.1280973106622696
Epoch: 51, Step: 40, Loss: -21274.7173828125, Dice: 0.1613542139530182
Epoch: 51, Step: 60, Loss: -20998.00546875, Dice: 0.09236820787191391
Epoch: 51, Step: 80, Loss: -19446.567163085936, Dice: 0.09539400041103363
Epoch: 51, Step: 100, Loss: -23086.23955078125, Dice: 0.04822537302970886
Epoch 51 – LR: 7.62e-04
EPOCH: 51, Loss: -21296.316845703124
EPOCH: 51, Dice: 0.12648695313061278
Epoch: 52/119
